13-Sep-2025 09:40:02.941 INFO [main] org.apache.catalina.startup.VersionLoggerListener.log Nombre de la versión del servidor: Apache Tomcat/9.0.108
13-Sep-2025 09:40:02.944 INFO [main] org.apache.catalina.startup.VersionLoggerListener.log Server built:                      Jul 31 2025 18:19:48 UTC
13-Sep-2025 09:40:02.944 INFO [main] org.apache.catalina.startup.VersionLoggerListener.log Número de versión de servidor:     9.0.108.0
13-Sep-2025 09:40:02.944 INFO [main] org.apache.catalina.startup.VersionLoggerListener.log OS Name:                           Windows 11
13-Sep-2025 09:40:02.944 INFO [main] org.apache.catalina.startup.VersionLoggerListener.log Versión de Systema Operativo:      10.0
13-Sep-2025 09:40:02.946 INFO [main] org.apache.catalina.startup.VersionLoggerListener.log Arquitectura:                      amd64
13-Sep-2025 09:40:02.947 INFO [main] org.apache.catalina.startup.VersionLoggerListener.log Java Home:                         C:\Program Files\Java\jdk-24
13-Sep-2025 09:40:02.947 INFO [main] org.apache.catalina.startup.VersionLoggerListener.log JVM Version:                       24.0.1+9-30
13-Sep-2025 09:40:02.947 INFO [main] org.apache.catalina.startup.VersionLoggerListener.log Vededor JVM:                       Oracle Corporation
13-Sep-2025 09:40:02.947 INFO [main] org.apache.catalina.startup.VersionLoggerListener.log CATALINA_BASE:                     C:\Users\josep\OneDrive\Documentos\Escritorio\Pro2\ProyectoProgra2\tomcat\apache-tomcat-9.0.108
13-Sep-2025 09:40:02.949 INFO [main] org.apache.catalina.startup.VersionLoggerListener.log CATALINA_HOME:                     C:\Users\josep\OneDrive\Documentos\Escritorio\Pro2\ProyectoProgra2\tomcat\apache-tomcat-9.0.108
13-Sep-2025 09:40:02.975 INFO [main] org.apache.catalina.startup.VersionLoggerListener.log Command line argument:             --add-opens=java.base/java.lang=ALL-UNNAMED
13-Sep-2025 09:40:02.977 INFO [main] org.apache.catalina.startup.VersionLoggerListener.log Command line argument:             --add-opens=java.base/java.lang.invoke=ALL-UNNAMED
13-Sep-2025 09:40:02.978 INFO [main] org.apache.catalina.startup.VersionLoggerListener.log Command line argument:             --add-opens=java.base/java.lang.reflect=ALL-UNNAMED
13-Sep-2025 09:40:02.980 INFO [main] org.apache.catalina.startup.VersionLoggerListener.log Command line argument:             --add-opens=java.base/java.io=ALL-UNNAMED
13-Sep-2025 09:40:02.981 INFO [main] org.apache.catalina.startup.VersionLoggerListener.log Command line argument:             --add-opens=java.base/java.util=ALL-UNNAMED
13-Sep-2025 09:40:02.982 INFO [main] org.apache.catalina.startup.VersionLoggerListener.log Command line argument:             --add-opens=java.base/java.util.concurrent=ALL-UNNAMED
13-Sep-2025 09:40:02.983 INFO [main] org.apache.catalina.startup.VersionLoggerListener.log Command line argument:             --add-opens=java.rmi/sun.rmi.transport=ALL-UNNAMED
13-Sep-2025 09:40:02.985 INFO [main] org.apache.catalina.startup.VersionLoggerListener.log Command line argument:             -Djava.util.logging.config.file=C:\Users\josep\OneDrive\Documentos\Escritorio\Pro2\ProyectoProgra2\tomcat\apache-tomcat-9.0.108\conf\logging.properties
13-Sep-2025 09:40:02.985 INFO [main] org.apache.catalina.startup.VersionLoggerListener.log Command line argument:             -Djava.util.logging.manager=org.apache.juli.ClassLoaderLogManager
13-Sep-2025 09:40:02.985 INFO [main] org.apache.catalina.startup.VersionLoggerListener.log Command line argument:             -Djdk.tls.ephemeralDHKeySize=2048
13-Sep-2025 09:40:02.986 INFO [main] org.apache.catalina.startup.VersionLoggerListener.log Command line argument:             -Djava.protocol.handler.pkgs=org.apache.catalina.webresources
13-Sep-2025 09:40:02.988 INFO [main] org.apache.catalina.startup.VersionLoggerListener.log Command line argument:             -Dsun.io.useCanonCaches=false
13-Sep-2025 09:40:02.989 INFO [main] org.apache.catalina.startup.VersionLoggerListener.log Command line argument:             -agentlib:jdwp=transport=dt_shmem,address=tomcat_shared_memory_id,server=y,suspend=n
13-Sep-2025 09:40:03.022 INFO [main] org.apache.catalina.startup.VersionLoggerListener.log Command line argument:             -Dignore.endorsed.dirs=
13-Sep-2025 09:40:03.023 INFO [main] org.apache.catalina.startup.VersionLoggerListener.log Command line argument:             -Dcatalina.base=C:\Users\josep\OneDrive\Documentos\Escritorio\Pro2\ProyectoProgra2\tomcat\apache-tomcat-9.0.108
13-Sep-2025 09:40:03.023 INFO [main] org.apache.catalina.startup.VersionLoggerListener.log Command line argument:             -Dcatalina.home=C:\Users\josep\OneDrive\Documentos\Escritorio\Pro2\ProyectoProgra2\tomcat\apache-tomcat-9.0.108
13-Sep-2025 09:40:03.023 INFO [main] org.apache.catalina.startup.VersionLoggerListener.log Command line argument:             -Djava.io.tmpdir=C:\Users\josep\OneDrive\Documentos\Escritorio\Pro2\ProyectoProgra2\tomcat\apache-tomcat-9.0.108\temp
13-Sep-2025 09:40:03.047 INFO [main] org.apache.catalina.core.AprLifecycleListener.lifecycleEvent La biblioteca nativa de Apache Tomcat basada en ARP que permite un rendimiento óptimo en entornos de desarrollo no ha sido hallada en java.library.path: [C:\Program Files\Java\jdk-24\bin;C:\WINDOWS\Sun\Java\bin;C:\WINDOWS\system32;C:\WINDOWS;C:\app\josep\product\21c\dbhomeXE\bin;C:\Program Files\Common Files\Oracle\Java\javapath;C:\Program Files (x86)\Common Files\Oracle\Java\java8path;C:\Program Files (x86)\Common Files\Oracle\Java\javapath;C:\WINDOWS\system32;C:\WINDOWS;C:\WINDOWS\System32\Wbem;C:\WINDOWS\System32\WindowsPowerShell\v1.0\;C:\WINDOWS\System32\OpenSSH\;C:\Program Files (x86)\NVIDIA Corporation\PhysX\Common;C:\Program Files\dotnet\;C:\Program Files\Git\cmd;C:\Program Files (x86)\Microsoft SQL Server\160\Tools\Binn\;C:\Program Files\Microsoft SQL Server\160\Tools\Binn\;C:\Program Files\Microsoft SQL Server\Client SDK\ODBC\170\Tools\Binn\;C:\Program Files\Microsoft SQL Server\160\DTS\Binn\;C:\Program Files (x86)\Microsoft SQL Server\160\DTS\Binn\;C:\Flutter\flutter\bin;C:\Program Files\Microsoft SQL Server\150\Tools\Binn\;C:\Program Files\NVIDIA Corporation\NVIDIA app\NvDLISR;C:\Program Files\nodejs\;C:\Program Files\Microsoft SQL Server\130\Tools\Binn\;C:\Program Files\Docker\Docker\resources\bin;C:\Program Files\MySQL\MySQL Shell 8.0\bin\;C:\Users\josep\AppData\Local\Microsoft\WindowsApps;C:\Users\josep\AppData\Local\Programs\Microsoft VS Code\bin;C:\Users\josep\AppData\Local\GitHubDesktop\bin;C:\Users\josep\AppData\Local\gitkraken\bin;C:\Users\josep\AppData\Roaming\TinyTeX\bin\windows;C:\Flutter\flutter\bin;C:\Users\josep\AppData\Local\Microsoft\WinGet\Packages\Schniz.fnm_Microsoft.Winget.Source_8wekyb3d8bbwe;C:\Users\josep\AppData\Local\Microsoft\WindowsApps;C:\Users\josep\AppData\Local\Programs\Windsurf\bin;C:\Users\josep\.dotnet\tools;C:\Users\josep\AppData\Roaming\npm;.]
13-Sep-2025 09:40:04.076 INFO [main] org.apache.coyote.AbstractProtocol.init Inicializando el manejador de protocolo ["http-nio-8080"]

13-Sep-2025 09:40:04.141 INFO [main] org.apache.catalina.startup.Catalina.load Server initialization in [2105] milliseconds
13-Sep-2025 09:40:04.373 INFO [main] org.apache.catalina.core.StandardService.startInternal Arrancando servicio [Catalina]
13-Sep-2025 09:40:04.375 INFO [main] org.apache.catalina.core.StandardEngine.startInternal Starting Servlet engine: [Apache Tomcat/9.0.108]
13-Sep-2025 09:40:04.397 INFO [main] org.apache.catalina.startup.HostConfig.deployDescriptor Desplieque del descriptor de configuración [C:\Users\josep\OneDrive\Documentos\Escritorio\Pro2\ProyectoProgra2\tomcat\apache-tomcat-9.0.108\conf\Catalina\localhost\ProyectoProgra2.xml]
13-Sep-2025 09:40:04.427 WARNING [main] org.apache.catalina.startup.HostConfig.deployDescriptor The path attribute with value [/ProyectoProgra2] in deployment descriptor [C:\Users\josep\OneDrive\Documentos\Escritorio\Pro2\ProyectoProgra2\tomcat\apache-tomcat-9.0.108\conf\Catalina\localhost\ProyectoProgra2.xml] has been ignored
13-Sep-2025 09:40:09.607 INFO [main] org.apache.jasper.servlet.TldScanner.scanJars Al menos un JAR, que se ha explorado buscando TLDs, aún no contenía TLDs. Activar historial de depuración para este historiador para una completa lista de los JARs que fueron explorados y de los que nos se halló TLDs. Saltarse JARs no necesarios durante la exploración puede dar lugar a una mejora de tiempo significativa en el arranque y compilación de JSP .
13-Sep-2025 09:40:09.928 INFO [main] org.springframework.web.context.ContextLoader.initWebApplicationContext Root WebApplicationContext: initialization started
13-Sep-2025 09:40:10.761 INFO [main] org.springframework.web.context.ContextLoader.initWebApplicationContext Root WebApplicationContext initialized in 831 ms
13-Sep-2025 09:40:10.869 INFO [main] org.springframework.web.servlet.FrameworkServlet.initServletBean Initializing Servlet 'dispatcher'
13-Sep-2025 09:40:11.788 INFO [main] org.springframework.web.servlet.FrameworkServlet.initServletBean Completed initialization in 918 ms
13-Sep-2025 09:40:11.816 INFO [main] org.apache.catalina.startup.HostConfig.deployDescriptor Deployment of deployment descriptor [C:\Users\josep\OneDrive\Documentos\Escritorio\Pro2\ProyectoProgra2\tomcat\apache-tomcat-9.0.108\conf\Catalina\localhost\ProyectoProgra2.xml] has finished in [7.414] ms
13-Sep-2025 09:40:11.817 INFO [main] org.apache.catalina.startup.HostConfig.deployDirectory Desplegando el directorio [C:\Users\josep\OneDrive\Documentos\Escritorio\Pro2\ProyectoProgra2\tomcat\apache-tomcat-9.0.108\webapps\docs] de la aplicación web
13-Sep-2025 09:40:11.914 INFO [main] org.apache.catalina.startup.HostConfig.deployDirectory Deployment of web application directory [C:\Users\josep\OneDrive\Documentos\Escritorio\Pro2\ProyectoProgra2\tomcat\apache-tomcat-9.0.108\webapps\docs] has finished in [94] ms
13-Sep-2025 09:40:11.916 INFO [main] org.apache.catalina.startup.HostConfig.deployDirectory Desplegando el directorio [C:\Users\josep\OneDrive\Documentos\Escritorio\Pro2\ProyectoProgra2\tomcat\apache-tomcat-9.0.108\webapps\examples] de la aplicación web
13-Sep-2025 09:40:13.128 INFO [main] org.apache.catalina.startup.HostConfig.deployDirectory Deployment of web application directory [C:\Users\josep\OneDrive\Documentos\Escritorio\Pro2\ProyectoProgra2\tomcat\apache-tomcat-9.0.108\webapps\examples] has finished in [1.213] ms
13-Sep-2025 09:40:13.129 INFO [main] org.apache.catalina.startup.HostConfig.deployDirectory Desplegando el directorio [C:\Users\josep\OneDrive\Documentos\Escritorio\Pro2\ProyectoProgra2\tomcat\apache-tomcat-9.0.108\webapps\host-manager] de la aplicación web
13-Sep-2025 09:40:13.284 INFO [main] org.apache.catalina.startup.HostConfig.deployDirectory Deployment of web application directory [C:\Users\josep\OneDrive\Documentos\Escritorio\Pro2\ProyectoProgra2\tomcat\apache-tomcat-9.0.108\webapps\host-manager] has finished in [156] ms
13-Sep-2025 09:40:13.286 INFO [main] org.apache.catalina.startup.HostConfig.deployDirectory Desplegando el directorio [C:\Users\josep\OneDrive\Documentos\Escritorio\Pro2\ProyectoProgra2\tomcat\apache-tomcat-9.0.108\webapps\manager] de la aplicación web
13-Sep-2025 09:40:13.378 INFO [main] org.apache.catalina.startup.HostConfig.deployDirectory Deployment of web application directory [C:\Users\josep\OneDrive\Documentos\Escritorio\Pro2\ProyectoProgra2\tomcat\apache-tomcat-9.0.108\webapps\manager] has finished in [91] ms
13-Sep-2025 09:40:13.378 INFO [main] org.apache.catalina.startup.HostConfig.deployDirectory Desplegando el directorio [C:\Users\josep\OneDrive\Documentos\Escritorio\Pro2\ProyectoProgra2\tomcat\apache-tomcat-9.0.108\webapps\ROOT] de la aplicación web
13-Sep-2025 09:40:13.437 INFO [main] org.apache.catalina.startup.HostConfig.deployDirectory Deployment of web application directory [C:\Users\josep\OneDrive\Documentos\Escritorio\Pro2\ProyectoProgra2\tomcat\apache-tomcat-9.0.108\webapps\ROOT] has finished in [59] ms
13-Sep-2025 09:40:13.444 INFO [main] org.apache.coyote.AbstractProtocol.start Starting ProtocolHandler ["http-nio-8080"]
13-Sep-2025 09:40:13.497 INFO [main] org.apache.catalina.startup.Catalina.start Server startup in [9352] milliseconds
13-Sep-2025 09:40:36.595 INFO [http-nio-8080-exec-7] org.apache.catalina.startup.HostConfig.undeploy Repliegue (undeploy) de la aplicación web que tiene como trayectoria de contexto [/ProyectoProgra2]
13-Sep-2025 09:40:36.658 INFO [http-nio-8080-exec-3] org.apache.catalina.startup.HostConfig.deployDescriptor Desplieque del descriptor de configuración [C:\Users\josep\OneDrive\Documentos\Escritorio\Pro2\ProyectoProgra2\tomcat\apache-tomcat-9.0.108\conf\Catalina\localhost\ProyectoProgra2.xml]
13-Sep-2025 09:40:36.660 WARNING [http-nio-8080-exec-3] org.apache.catalina.startup.HostConfig.deployDescriptor The path attribute with value [/ProyectoProgra2] in deployment descriptor [C:\Users\josep\OneDrive\Documentos\Escritorio\Pro2\ProyectoProgra2\tomcat\apache-tomcat-9.0.108\conf\Catalina\localhost\ProyectoProgra2.xml] has been ignored
13-Sep-2025 09:40:40.003 INFO [http-nio-8080-exec-3] org.apache.jasper.servlet.TldScanner.scanJars Al menos un JAR, que se ha explorado buscando TLDs, aún no contenía TLDs. Activar historial de depuración para este historiador para una completa lista de los JARs que fueron explorados y de los que nos se halló TLDs. Saltarse JARs no necesarios durante la exploración puede dar lugar a una mejora de tiempo significativa en el arranque y compilación de JSP .
13-Sep-2025 09:40:40.092 INFO [http-nio-8080-exec-3] org.springframework.web.context.ContextLoader.initWebApplicationContext Root WebApplicationContext: initialization started
13-Sep-2025 09:40:40.752 INFO [http-nio-8080-exec-3] org.springframework.web.context.ContextLoader.initWebApplicationContext Root WebApplicationContext initialized in 660 ms
13-Sep-2025 09:40:40.767 INFO [http-nio-8080-exec-3] org.springframework.web.servlet.FrameworkServlet.initServletBean Initializing Servlet 'dispatcher'
13-Sep-2025 09:40:41.671 INFO [http-nio-8080-exec-3] org.springframework.web.servlet.FrameworkServlet.initServletBean Completed initialization in 904 ms
13-Sep-2025 09:40:41.680 INFO [http-nio-8080-exec-3] org.apache.catalina.startup.HostConfig.deployDescriptor Deployment of deployment descriptor [C:\Users\josep\OneDrive\Documentos\Escritorio\Pro2\ProyectoProgra2\tomcat\apache-tomcat-9.0.108\conf\Catalina\localhost\ProyectoProgra2.xml] has finished in [5.023] ms
13-Sep-2025 09:40:41.686 INFO [http-nio-8080-exec-1] org.apache.catalina.util.LifecycleBase.start The start() method was called on component [StandardEngine[Catalina].StandardHost[localhost].StandardContext[/ProyectoProgra2]] after start() had already been called. The second call will be ignored.
13-Sep-2025 09:43:56.751 INFO [http-nio-8080-exec-18] org.apache.catalina.startup.HostConfig.undeploy Repliegue (undeploy) de la aplicación web que tiene como trayectoria de contexto [/ProyectoProgra2]
13-Sep-2025 09:43:56.780 INFO [http-nio-8080-exec-12] org.apache.catalina.startup.HostConfig.deployDescriptor Desplieque del descriptor de configuración [C:\Users\josep\OneDrive\Documentos\Escritorio\Pro2\ProyectoProgra2\tomcat\apache-tomcat-9.0.108\conf\Catalina\localhost\ProyectoProgra2.xml]
13-Sep-2025 09:43:56.782 WARNING [http-nio-8080-exec-12] org.apache.catalina.startup.HostConfig.deployDescriptor The path attribute with value [/ProyectoProgra2] in deployment descriptor [C:\Users\josep\OneDrive\Documentos\Escritorio\Pro2\ProyectoProgra2\tomcat\apache-tomcat-9.0.108\conf\Catalina\localhost\ProyectoProgra2.xml] has been ignored
13-Sep-2025 09:43:59.614 INFO [http-nio-8080-exec-12] org.apache.jasper.servlet.TldScanner.scanJars Al menos un JAR, que se ha explorado buscando TLDs, aún no contenía TLDs. Activar historial de depuración para este historiador para una completa lista de los JARs que fueron explorados y de los que nos se halló TLDs. Saltarse JARs no necesarios durante la exploración puede dar lugar a una mejora de tiempo significativa en el arranque y compilación de JSP .
13-Sep-2025 09:43:59.695 INFO [http-nio-8080-exec-12] org.springframework.web.context.ContextLoader.initWebApplicationContext Root WebApplicationContext: initialization started
13-Sep-2025 09:44:00.195 INFO [http-nio-8080-exec-12] org.springframework.web.context.ContextLoader.initWebApplicationContext Root WebApplicationContext initialized in 500 ms
13-Sep-2025 09:44:00.206 INFO [http-nio-8080-exec-12] org.springframework.web.servlet.FrameworkServlet.initServletBean Initializing Servlet 'dispatcher'
13-Sep-2025 09:44:00.928 INFO [http-nio-8080-exec-12] org.springframework.web.servlet.FrameworkServlet.initServletBean Completed initialization in 722 ms
13-Sep-2025 09:44:00.935 INFO [http-nio-8080-exec-12] org.apache.catalina.startup.HostConfig.deployDescriptor Deployment of deployment descriptor [C:\Users\josep\OneDrive\Documentos\Escritorio\Pro2\ProyectoProgra2\tomcat\apache-tomcat-9.0.108\conf\Catalina\localhost\ProyectoProgra2.xml] has finished in [4.155] ms
13-Sep-2025 09:44:00.940 INFO [http-nio-8080-exec-19] org.apache.catalina.util.LifecycleBase.start The start() method was called on component [StandardEngine[Catalina].StandardHost[localhost].StandardContext[/ProyectoProgra2]] after start() had already been called. The second call will be ignored.
13-Sep-2025 09:44:24.501 INFO [http-nio-8080-exec-20] org.apache.catalina.startup.HostConfig.undeploy Repliegue (undeploy) de la aplicación web que tiene como trayectoria de contexto [/ProyectoProgra2]
13-Sep-2025 09:44:24.547 INFO [http-nio-8080-exec-23] org.apache.catalina.startup.HostConfig.deployDescriptor Desplieque del descriptor de configuración [C:\Users\josep\OneDrive\Documentos\Escritorio\Pro2\ProyectoProgra2\tomcat\apache-tomcat-9.0.108\conf\Catalina\localhost\ProyectoProgra2.xml]
13-Sep-2025 09:44:24.550 WARNING [http-nio-8080-exec-23] org.apache.catalina.startup.HostConfig.deployDescriptor The path attribute with value [/ProyectoProgra2] in deployment descriptor [C:\Users\josep\OneDrive\Documentos\Escritorio\Pro2\ProyectoProgra2\tomcat\apache-tomcat-9.0.108\conf\Catalina\localhost\ProyectoProgra2.xml] has been ignored
13-Sep-2025 09:44:27.821 INFO [http-nio-8080-exec-23] org.apache.jasper.servlet.TldScanner.scanJars Al menos un JAR, que se ha explorado buscando TLDs, aún no contenía TLDs. Activar historial de depuración para este historiador para una completa lista de los JARs que fueron explorados y de los que nos se halló TLDs. Saltarse JARs no necesarios durante la exploración puede dar lugar a una mejora de tiempo significativa en el arranque y compilación de JSP .
13-Sep-2025 09:44:27.919 INFO [http-nio-8080-exec-23] org.springframework.web.context.ContextLoader.initWebApplicationContext Root WebApplicationContext: initialization started
13-Sep-2025 09:44:28.495 INFO [http-nio-8080-exec-23] org.springframework.web.context.ContextLoader.initWebApplicationContext Root WebApplicationContext initialized in 576 ms
13-Sep-2025 09:44:28.505 INFO [http-nio-8080-exec-23] org.springframework.web.servlet.FrameworkServlet.initServletBean Initializing Servlet 'dispatcher'
13-Sep-2025 09:44:29.246 INFO [http-nio-8080-exec-23] org.springframework.web.servlet.FrameworkServlet.initServletBean Completed initialization in 741 ms
13-Sep-2025 09:44:29.254 INFO [http-nio-8080-exec-23] org.apache.catalina.startup.HostConfig.deployDescriptor Deployment of deployment descriptor [C:\Users\josep\OneDrive\Documentos\Escritorio\Pro2\ProyectoProgra2\tomcat\apache-tomcat-9.0.108\conf\Catalina\localhost\ProyectoProgra2.xml] has finished in [4.707] ms
13-Sep-2025 09:44:29.259 INFO [http-nio-8080-exec-22] org.apache.catalina.util.LifecycleBase.start The start() method was called on component [StandardEngine[Catalina].StandardHost[localhost].StandardContext[/ProyectoProgra2]] after start() had already been called. The second call will be ignored.
13-Sep-2025 10:24:52.695 INFO [http-nio-8080-exec-33] org.apache.catalina.startup.HostConfig.deployDescriptor Desplieque del descriptor de configuración [C:\Users\josep\OneDrive\Documentos\Escritorio\Pro2\ProyectoProgra2\tomcat\apache-tomcat-9.0.108\conf\Catalina\localhost\TrabajoenGrupo.xml]
13-Sep-2025 10:24:52.701 WARNING [http-nio-8080-exec-33] org.apache.catalina.startup.HostConfig.deployDescriptor The path attribute with value [/TrabajoenGrupo] in deployment descriptor [C:\Users\josep\OneDrive\Documentos\Escritorio\Pro2\ProyectoProgra2\tomcat\apache-tomcat-9.0.108\conf\Catalina\localhost\TrabajoenGrupo.xml] has been ignored
13-Sep-2025 10:24:55.975 INFO [http-nio-8080-exec-33] org.apache.jasper.servlet.TldScanner.scanJars Al menos un JAR, que se ha explorado buscando TLDs, aún no contenía TLDs. Activar historial de depuración para este historiador para una completa lista de los JARs que fueron explorados y de los que nos se halló TLDs. Saltarse JARs no necesarios durante la exploración puede dar lugar a una mejora de tiempo significativa en el arranque y compilación de JSP .
13-Sep-2025 10:24:57.458 SEVERE [http-nio-8080-exec-33] com.sun.xml.ws.transport.http.servlet.WSServletContextListener.parseAdaptersAndCreateDelegate WSSERVLET11: Fallo al analizar el descriptor en tiempo de ejecución: java.lang.NoClassDefFoundError: jakarta/xml/ws/WebServiceFeature
	java.lang.NoClassDefFoundError: jakarta/xml/ws/WebServiceFeature
		at java.base/java.lang.Class.getDeclaredConstructors0(Native Method)
		at java.base/java.lang.Class.privateGetDeclaredConstructors(Class.java:3006)
		at java.base/java.lang.Class.getConstructor0(Class.java:3211)
		at java.base/java.lang.Class.getConstructor(Class.java:2201)
		at java.base/java.util.ServiceLoader.getConstructor(ServiceLoader.java:623)
		at java.base/java.util.ServiceLoader$LazyClassPathLookupIterator.hasNextService(ServiceLoader.java:1111)
		at java.base/java.util.ServiceLoader$LazyClassPathLookupIterator.hasNext(ServiceLoader.java:1142)
		at java.base/java.util.ServiceLoader$1.hasNext(ServiceLoader.java:1164)
		at java.base/java.util.ServiceLoader$2.hasNext(ServiceLoader.java:1246)
		at com.sun.xml.ws.util.ServiceFinder$CompositeIterator.hasNext(ServiceFinder.java:277)
		at com.sun.xml.ws.policy.jaxws.PolicyUtil.addServiceProviders(PolicyUtil.java:66)
		at com.sun.xml.ws.policy.jaxws.PolicyUtil.<clinit>(PolicyUtil.java:53)
		at com.sun.xml.ws.policy.jaxws.PolicyWSDLGeneratorExtension.loadConfigurators(PolicyWSDLGeneratorExtension.java:446)
		at com.sun.xml.ws.policy.jaxws.PolicyWSDLGeneratorExtension.start(PolicyWSDLGeneratorExtension.java:94)
		at com.sun.xml.ws.wsdl.writer.WSDLGeneratorExtensionFacade.start(WSDLGeneratorExtensionFacade.java:41)
		at com.sun.xml.ws.wsdl.writer.WSDLGenerator.generateDocument(WSDLGenerator.java:374)
		at com.sun.xml.ws.wsdl.writer.WSDLGenerator.doGeneration(WSDLGenerator.java:286)
		at com.sun.xml.ws.db.DatabindingImpl.generateWSDL(DatabindingImpl.java:229)
		at com.sun.xml.ws.server.EndpointFactory.generateWSDL(EndpointFactory.java:660)
		at com.sun.xml.ws.server.EndpointFactory.create(EndpointFactory.java:278)
		at com.sun.xml.ws.server.EndpointFactory.createEndpoint(EndpointFactory.java:134)
		at com.sun.xml.ws.api.server.WSEndpoint.create(WSEndpoint.java:578)
		at com.sun.xml.ws.api.server.WSEndpoint.create(WSEndpoint.java:560)
		at com.sun.xml.ws.transport.http.DeploymentDescriptorParser.parseAdapters(DeploymentDescriptorParser.java:273)
		at com.sun.xml.ws.transport.http.DeploymentDescriptorParser.parse(DeploymentDescriptorParser.java:149)
		at com.sun.xml.ws.transport.http.servlet.WSServletContextListener.parseAdaptersAndCreateDelegate(WSServletContextListener.java:101)
		at com.sun.xml.ws.transport.http.servlet.WSServletContainerInitializer.onStartup(WSServletContainerInitializer.java:35)
		at org.apache.catalina.core.StandardContext.startInternal(StandardContext.java:4491)
		at org.apache.catalina.util.LifecycleBase.start(LifecycleBase.java:164)
		at org.apache.catalina.core.ContainerBase.addChildInternal(ContainerBase.java:599)
		at org.apache.catalina.core.ContainerBase.addChild(ContainerBase.java:571)
		at org.apache.catalina.core.StandardHost.addChild(StandardHost.java:603)
		at org.apache.catalina.startup.HostConfig.deployDescriptor(HostConfig.java:680)
		at org.apache.catalina.startup.HostConfig.deployApps(HostConfig.java:529)
		at org.apache.catalina.startup.HostConfig.check(HostConfig.java:1653)
		at java.base/jdk.internal.reflect.DirectMethodHandleAccessor.invoke(DirectMethodHandleAccessor.java:104)
		at java.base/java.lang.reflect.Method.invoke(Method.java:565)
		at org.apache.tomcat.util.modeler.BaseModelMBean.invoke(BaseModelMBean.java:252)
		at java.management/com.sun.jmx.interceptor.DefaultMBeanServerInterceptor.invoke(DefaultMBeanServerInterceptor.java:627)
		at java.management/com.sun.jmx.mbeanserver.JmxMBeanServer.invoke(JmxMBeanServer.java:790)
		at org.apache.catalina.manager.ManagerServlet.check(ManagerServlet.java:1470)
		at org.apache.catalina.manager.ManagerServlet.deploy(ManagerServlet.java:943)
		at org.apache.catalina.manager.ManagerServlet.doGet(ManagerServlet.java:307)
		at javax.servlet.http.HttpServlet.service(HttpServlet.java:529)
		at javax.servlet.http.HttpServlet.service(HttpServlet.java:623)
		at org.apache.catalina.core.ApplicationFilterChain.internalDoFilter(ApplicationFilterChain.java:199)
		at org.apache.catalina.core.ApplicationFilterChain.doFilter(ApplicationFilterChain.java:144)
		at org.apache.tomcat.websocket.server.WsFilter.doFilter(WsFilter.java:51)
		at org.apache.catalina.core.ApplicationFilterChain.internalDoFilter(ApplicationFilterChain.java:168)
		at org.apache.catalina.core.ApplicationFilterChain.doFilter(ApplicationFilterChain.java:144)
		at org.apache.catalina.filters.HttpHeaderSecurityFilter.doFilter(HttpHeaderSecurityFilter.java:129)
		at org.apache.catalina.core.ApplicationFilterChain.internalDoFilter(ApplicationFilterChain.java:168)
		at org.apache.catalina.core.ApplicationFilterChain.doFilter(ApplicationFilterChain.java:144)
		at org.apache.catalina.core.StandardWrapperValve.invoke(StandardWrapperValve.java:168)
		at org.apache.catalina.core.StandardContextValve.invoke(StandardContextValve.java:90)
		at org.apache.catalina.authenticator.AuthenticatorBase.invoke(AuthenticatorBase.java:597)
		at org.apache.catalina.valves.RequestFilterValve.process(RequestFilterValve.java:354)
		at org.apache.catalina.valves.RemoteAddrValve.invoke(RemoteAddrValve.java:54)
		at org.apache.catalina.core.StandardHostValve.invoke(StandardHostValve.java:130)
		at org.apache.catalina.valves.ErrorReportValve.invoke(ErrorReportValve.java:93)
		at org.apache.catalina.valves.AbstractAccessLogValve.invoke(AbstractAccessLogValve.java:656)
		at org.apache.catalina.core.StandardEngineValve.invoke(StandardEngineValve.java:74)
		at org.apache.catalina.connector.CoyoteAdapter.service(CoyoteAdapter.java:346)
		at org.apache.coyote.http11.Http11Processor.service(Http11Processor.java:397)
		at org.apache.coyote.AbstractProcessorLight.process(AbstractProcessorLight.java:63)
		at org.apache.coyote.AbstractProtocol$ConnectionHandler.process(AbstractProtocol.java:935)
		at org.apache.tomcat.util.net.NioEndpoint$SocketProcessor.doRun(NioEndpoint.java:1826)
		at org.apache.tomcat.util.net.SocketProcessorBase.run(SocketProcessorBase.java:52)
		at org.apache.tomcat.util.threads.ThreadPoolExecutor.runWorker(ThreadPoolExecutor.java:1189)
		at org.apache.tomcat.util.threads.ThreadPoolExecutor$Worker.run(ThreadPoolExecutor.java:658)
		at org.apache.tomcat.util.threads.TaskThread$WrappingRunnable.run(TaskThread.java:63)
		at java.base/java.lang.Thread.run(Thread.java:1447)
	Caused by: java.lang.ClassNotFoundException: jakarta.xml.ws.WebServiceFeature
		at org.apache.catalina.loader.WebappClassLoaderBase.loadClass(WebappClassLoaderBase.java:1354)
		at org.apache.catalina.loader.WebappClassLoaderBase.loadClass(WebappClassLoaderBase.java:1163)
		... 72 more
13-Sep-2025 10:24:57.534 SEVERE [http-nio-8080-exec-33] org.apache.catalina.core.StandardContext.startInternal Error during ServletContainerInitializer processing
	javax.servlet.ServletException: com.sun.xml.ws.transport.http.servlet.WSServletException: WSSERVLET11: Fallo al analizar el descriptor en tiempo de ejecución: java.lang.NoClassDefFoundError: jakarta/xml/ws/WebServiceFeature
		at com.sun.xml.ws.transport.http.servlet.WSServletContainerInitializer.onStartup(WSServletContainerInitializer.java:40)
		at org.apache.catalina.core.StandardContext.startInternal(StandardContext.java:4491)
		at org.apache.catalina.util.LifecycleBase.start(LifecycleBase.java:164)
		at org.apache.catalina.core.ContainerBase.addChildInternal(ContainerBase.java:599)
		at org.apache.catalina.core.ContainerBase.addChild(ContainerBase.java:571)
		at org.apache.catalina.core.StandardHost.addChild(StandardHost.java:603)
		at org.apache.catalina.startup.HostConfig.deployDescriptor(HostConfig.java:680)
		at org.apache.catalina.startup.HostConfig.deployApps(HostConfig.java:529)
		at org.apache.catalina.startup.HostConfig.check(HostConfig.java:1653)
		at java.base/jdk.internal.reflect.DirectMethodHandleAccessor.invoke(DirectMethodHandleAccessor.java:104)
		at java.base/java.lang.reflect.Method.invoke(Method.java:565)
		at org.apache.tomcat.util.modeler.BaseModelMBean.invoke(BaseModelMBean.java:252)
		at java.management/com.sun.jmx.interceptor.DefaultMBeanServerInterceptor.invoke(DefaultMBeanServerInterceptor.java:627)
		at java.management/com.sun.jmx.mbeanserver.JmxMBeanServer.invoke(JmxMBeanServer.java:790)
		at org.apache.catalina.manager.ManagerServlet.check(ManagerServlet.java:1470)
		at org.apache.catalina.manager.ManagerServlet.deploy(ManagerServlet.java:943)
		at org.apache.catalina.manager.ManagerServlet.doGet(ManagerServlet.java:307)
		at javax.servlet.http.HttpServlet.service(HttpServlet.java:529)
		at javax.servlet.http.HttpServlet.service(HttpServlet.java:623)
		at org.apache.catalina.core.ApplicationFilterChain.internalDoFilter(ApplicationFilterChain.java:199)
		at org.apache.catalina.core.ApplicationFilterChain.doFilter(ApplicationFilterChain.java:144)
		at org.apache.tomcat.websocket.server.WsFilter.doFilter(WsFilter.java:51)
		at org.apache.catalina.core.ApplicationFilterChain.internalDoFilter(ApplicationFilterChain.java:168)
		at org.apache.catalina.core.ApplicationFilterChain.doFilter(ApplicationFilterChain.java:144)
		at org.apache.catalina.filters.HttpHeaderSecurityFilter.doFilter(HttpHeaderSecurityFilter.java:129)
		at org.apache.catalina.core.ApplicationFilterChain.internalDoFilter(ApplicationFilterChain.java:168)
		at org.apache.catalina.core.ApplicationFilterChain.doFilter(ApplicationFilterChain.java:144)
		at org.apache.catalina.core.StandardWrapperValve.invoke(StandardWrapperValve.java:168)
		at org.apache.catalina.core.StandardContextValve.invoke(StandardContextValve.java:90)
		at org.apache.catalina.authenticator.AuthenticatorBase.invoke(AuthenticatorBase.java:597)
		at org.apache.catalina.valves.RequestFilterValve.process(RequestFilterValve.java:354)
		at org.apache.catalina.valves.RemoteAddrValve.invoke(RemoteAddrValve.java:54)
		at org.apache.catalina.core.StandardHostValve.invoke(StandardHostValve.java:130)
		at org.apache.catalina.valves.ErrorReportValve.invoke(ErrorReportValve.java:93)
		at org.apache.catalina.valves.AbstractAccessLogValve.invoke(AbstractAccessLogValve.java:656)
		at org.apache.catalina.core.StandardEngineValve.invoke(StandardEngineValve.java:74)
		at org.apache.catalina.connector.CoyoteAdapter.service(CoyoteAdapter.java:346)
		at org.apache.coyote.http11.Http11Processor.service(Http11Processor.java:397)
		at org.apache.coyote.AbstractProcessorLight.process(AbstractProcessorLight.java:63)
		at org.apache.coyote.AbstractProtocol$ConnectionHandler.process(AbstractProtocol.java:935)
		at org.apache.tomcat.util.net.NioEndpoint$SocketProcessor.doRun(NioEndpoint.java:1826)
		at org.apache.tomcat.util.net.SocketProcessorBase.run(SocketProcessorBase.java:52)
		at org.apache.tomcat.util.threads.ThreadPoolExecutor.runWorker(ThreadPoolExecutor.java:1189)
		at org.apache.tomcat.util.threads.ThreadPoolExecutor$Worker.run(ThreadPoolExecutor.java:658)
		at org.apache.tomcat.util.threads.TaskThread$WrappingRunnable.run(TaskThread.java:63)
		at java.base/java.lang.Thread.run(Thread.java:1447)
	Caused by: com.sun.xml.ws.transport.http.servlet.WSServletException: WSSERVLET11: Fallo al analizar el descriptor en tiempo de ejecución: java.lang.NoClassDefFoundError: jakarta/xml/ws/WebServiceFeature
		at com.sun.xml.ws.transport.http.servlet.WSServletContextListener.parseAdaptersAndCreateDelegate(WSServletContextListener.java:111)
		at com.sun.xml.ws.transport.http.servlet.WSServletContainerInitializer.onStartup(WSServletContainerInitializer.java:35)
		... 45 more
	Caused by: java.lang.NoClassDefFoundError: jakarta/xml/ws/WebServiceFeature
		at java.base/java.lang.Class.getDeclaredConstructors0(Native Method)
		at java.base/java.lang.Class.privateGetDeclaredConstructors(Class.java:3006)
		at java.base/java.lang.Class.getConstructor0(Class.java:3211)
		at java.base/java.lang.Class.getConstructor(Class.java:2201)
		at java.base/java.util.ServiceLoader.getConstructor(ServiceLoader.java:623)
		at java.base/java.util.ServiceLoader$LazyClassPathLookupIterator.hasNextService(ServiceLoader.java:1111)
		at java.base/java.util.ServiceLoader$LazyClassPathLookupIterator.hasNext(ServiceLoader.java:1142)
		at java.base/java.util.ServiceLoader$1.hasNext(ServiceLoader.java:1164)
		at java.base/java.util.ServiceLoader$2.hasNext(ServiceLoader.java:1246)
		at com.sun.xml.ws.util.ServiceFinder$CompositeIterator.hasNext(ServiceFinder.java:277)
		at com.sun.xml.ws.policy.jaxws.PolicyUtil.addServiceProviders(PolicyUtil.java:66)
		at com.sun.xml.ws.policy.jaxws.PolicyUtil.<clinit>(PolicyUtil.java:53)
		at com.sun.xml.ws.policy.jaxws.PolicyWSDLGeneratorExtension.loadConfigurators(PolicyWSDLGeneratorExtension.java:446)
		at com.sun.xml.ws.policy.jaxws.PolicyWSDLGeneratorExtension.start(PolicyWSDLGeneratorExtension.java:94)
		at com.sun.xml.ws.wsdl.writer.WSDLGeneratorExtensionFacade.start(WSDLGeneratorExtensionFacade.java:41)
		at com.sun.xml.ws.wsdl.writer.WSDLGenerator.generateDocument(WSDLGenerator.java:374)
		at com.sun.xml.ws.wsdl.writer.WSDLGenerator.doGeneration(WSDLGenerator.java:286)
		at com.sun.xml.ws.db.DatabindingImpl.generateWSDL(DatabindingImpl.java:229)
		at com.sun.xml.ws.server.EndpointFactory.generateWSDL(EndpointFactory.java:660)
		at com.sun.xml.ws.server.EndpointFactory.create(EndpointFactory.java:278)
		at com.sun.xml.ws.server.EndpointFactory.createEndpoint(EndpointFactory.java:134)
		at com.sun.xml.ws.api.server.WSEndpoint.create(WSEndpoint.java:578)
		at com.sun.xml.ws.api.server.WSEndpoint.create(WSEndpoint.java:560)
		at com.sun.xml.ws.transport.http.DeploymentDescriptorParser.parseAdapters(DeploymentDescriptorParser.java:273)
		at com.sun.xml.ws.transport.http.DeploymentDescriptorParser.parse(DeploymentDescriptorParser.java:149)
		at com.sun.xml.ws.transport.http.servlet.WSServletContextListener.parseAdaptersAndCreateDelegate(WSServletContextListener.java:101)
		... 46 more
	Caused by: java.lang.ClassNotFoundException: jakarta.xml.ws.WebServiceFeature
		at org.apache.catalina.loader.WebappClassLoaderBase.loadClass(WebappClassLoaderBase.java:1354)
		at org.apache.catalina.loader.WebappClassLoaderBase.loadClass(WebappClassLoaderBase.java:1163)
		... 72 more
13-Sep-2025 10:24:57.903 SEVERE [http-nio-8080-exec-33] org.apache.catalina.core.StandardContext.startInternal Falló en arranque del Contexto [/TrabajoenGrupo] debido a errores previos
13-Sep-2025 10:24:57.906 SEVERE [http-nio-8080-exec-33] org.apache.catalina.loader.WebappClassLoaderBase.checkThreadLocalMapForLeaks La aplicación web [TrabajoenGrupo] creó un ThreadLocal con clave del tipo [com.sun.xml.ws.api.server.ThreadLocalContainerResolver$1] (valor [com.sun.xml.ws.api.server.ThreadLocalContainerResolver$1@4d71b4b1]) y un valor del tipo [com.sun.xml.ws.api.server.Container.NoneContainer] (valor [com.sun.xml.ws.api.server.Container$NoneContainer@3641e633]) pero no pudo quitarlo cuando la aplicación web se paró. Los hilos se van a renovar con el tiempo para intentar evitar in posible fallo de memoria.
13-Sep-2025 10:24:57.910 INFO [http-nio-8080-exec-33] org.apache.catalina.startup.HostConfig.deployDescriptor Deployment of deployment descriptor [C:\Users\josep\OneDrive\Documentos\Escritorio\Pro2\ProyectoProgra2\tomcat\apache-tomcat-9.0.108\conf\Catalina\localhost\TrabajoenGrupo.xml] has finished in [5.214] ms
13-Sep-2025 10:41:49.304 INFO [Catalina-utility-1] org.apache.catalina.startup.HostConfig.reload Falló la recarga del contexto [/TrabajoenGrupo]
13-Sep-2025 10:41:52.294 INFO [Catalina-utility-1] org.apache.jasper.servlet.TldScanner.scanJars Al menos un JAR, que se ha explorado buscando TLDs, aún no contenía TLDs. Activar historial de depuración para este historiador para una completa lista de los JARs que fueron explorados y de los que nos se halló TLDs. Saltarse JARs no necesarios durante la exploración puede dar lugar a una mejora de tiempo significativa en el arranque y compilación de JSP .
13-Sep-2025 10:41:53.853 SEVERE [Catalina-utility-1] com.sun.xml.ws.transport.http.servlet.WSServletContextListener.parseAdaptersAndCreateDelegate WSSERVLET11: Fallo al analizar el descriptor en tiempo de ejecución: java.lang.NoClassDefFoundError: jakarta/xml/ws/WebServiceFeature
	java.lang.NoClassDefFoundError: jakarta/xml/ws/WebServiceFeature
		at java.base/java.lang.Class.getDeclaredConstructors0(Native Method)
		at java.base/java.lang.Class.privateGetDeclaredConstructors(Class.java:3006)
		at java.base/java.lang.Class.getConstructor0(Class.java:3211)
		at java.base/java.lang.Class.getConstructor(Class.java:2201)
		at java.base/java.util.ServiceLoader.getConstructor(ServiceLoader.java:623)
		at java.base/java.util.ServiceLoader$LazyClassPathLookupIterator.hasNextService(ServiceLoader.java:1111)
		at java.base/java.util.ServiceLoader$LazyClassPathLookupIterator.hasNext(ServiceLoader.java:1142)
		at java.base/java.util.ServiceLoader$1.hasNext(ServiceLoader.java:1164)
		at java.base/java.util.ServiceLoader$2.hasNext(ServiceLoader.java:1246)
		at com.sun.xml.ws.util.ServiceFinder$CompositeIterator.hasNext(ServiceFinder.java:277)
		at com.sun.xml.ws.policy.jaxws.PolicyUtil.addServiceProviders(PolicyUtil.java:66)
		at com.sun.xml.ws.policy.jaxws.PolicyUtil.<clinit>(PolicyUtil.java:53)
		at com.sun.xml.ws.policy.jaxws.PolicyWSDLGeneratorExtension.loadConfigurators(PolicyWSDLGeneratorExtension.java:446)
		at com.sun.xml.ws.policy.jaxws.PolicyWSDLGeneratorExtension.start(PolicyWSDLGeneratorExtension.java:94)
		at com.sun.xml.ws.wsdl.writer.WSDLGeneratorExtensionFacade.start(WSDLGeneratorExtensionFacade.java:41)
		at com.sun.xml.ws.wsdl.writer.WSDLGenerator.generateDocument(WSDLGenerator.java:374)
		at com.sun.xml.ws.wsdl.writer.WSDLGenerator.doGeneration(WSDLGenerator.java:286)
		at com.sun.xml.ws.db.DatabindingImpl.generateWSDL(DatabindingImpl.java:229)
		at com.sun.xml.ws.server.EndpointFactory.generateWSDL(EndpointFactory.java:660)
		at com.sun.xml.ws.server.EndpointFactory.create(EndpointFactory.java:278)
		at com.sun.xml.ws.server.EndpointFactory.createEndpoint(EndpointFactory.java:134)
		at com.sun.xml.ws.api.server.WSEndpoint.create(WSEndpoint.java:578)
		at com.sun.xml.ws.api.server.WSEndpoint.create(WSEndpoint.java:560)
		at com.sun.xml.ws.transport.http.DeploymentDescriptorParser.parseAdapters(DeploymentDescriptorParser.java:273)
		at com.sun.xml.ws.transport.http.DeploymentDescriptorParser.parse(DeploymentDescriptorParser.java:149)
		at com.sun.xml.ws.transport.http.servlet.WSServletContextListener.parseAdaptersAndCreateDelegate(WSServletContextListener.java:101)
		at com.sun.xml.ws.transport.http.servlet.WSServletContainerInitializer.onStartup(WSServletContainerInitializer.java:35)
		at org.apache.catalina.core.StandardContext.startInternal(StandardContext.java:4491)
		at org.apache.catalina.util.LifecycleBase.start(LifecycleBase.java:164)
		at org.apache.catalina.startup.HostConfig.reload(HostConfig.java:1423)
		at org.apache.catalina.startup.HostConfig.checkResources(HostConfig.java:1389)
		at org.apache.catalina.startup.HostConfig.check(HostConfig.java:1615)
		at org.apache.catalina.startup.HostConfig.lifecycleEvent(HostConfig.java:308)
		at org.apache.catalina.util.LifecycleBase.fireLifecycleEvent(LifecycleBase.java:109)
		at org.apache.catalina.core.ContainerBase.backgroundProcess(ContainerBase.java:973)
		at org.apache.catalina.core.ContainerBase$ContainerBackgroundProcessor.processChildren(ContainerBase.java:1172)
		at org.apache.catalina.core.ContainerBase$ContainerBackgroundProcessor.processChildren(ContainerBase.java:1176)
		at org.apache.catalina.core.ContainerBase$ContainerBackgroundProcessor.run(ContainerBase.java:1154)
		at java.base/java.util.concurrent.Executors$RunnableAdapter.call(Executors.java:545)
		at java.base/java.util.concurrent.FutureTask.runAndReset(FutureTask.java:369)
		at java.base/java.util.concurrent.ScheduledThreadPoolExecutor$ScheduledFutureTask.run(ScheduledThreadPoolExecutor.java:310)
		at java.base/java.util.concurrent.ThreadPoolExecutor.runWorker(ThreadPoolExecutor.java:1095)
		at java.base/java.util.concurrent.ThreadPoolExecutor$Worker.run(ThreadPoolExecutor.java:619)
		at org.apache.tomcat.util.threads.TaskThread$WrappingRunnable.run(TaskThread.java:63)
		at java.base/java.lang.Thread.run(Thread.java:1447)
	Caused by: java.lang.ClassNotFoundException: jakarta.xml.ws.WebServiceFeature
		at org.apache.catalina.loader.WebappClassLoaderBase.loadClass(WebappClassLoaderBase.java:1354)
		at org.apache.catalina.loader.WebappClassLoaderBase.loadClass(WebappClassLoaderBase.java:1163)
		... 45 more
13-Sep-2025 10:41:53.925 SEVERE [Catalina-utility-1] org.apache.catalina.core.StandardContext.startInternal Error during ServletContainerInitializer processing
	javax.servlet.ServletException: com.sun.xml.ws.transport.http.servlet.WSServletException: WSSERVLET11: Fallo al analizar el descriptor en tiempo de ejecución: java.lang.NoClassDefFoundError: jakarta/xml/ws/WebServiceFeature
		at com.sun.xml.ws.transport.http.servlet.WSServletContainerInitializer.onStartup(WSServletContainerInitializer.java:40)
		at org.apache.catalina.core.StandardContext.startInternal(StandardContext.java:4491)
		at org.apache.catalina.util.LifecycleBase.start(LifecycleBase.java:164)
		at org.apache.catalina.startup.HostConfig.reload(HostConfig.java:1423)
		at org.apache.catalina.startup.HostConfig.checkResources(HostConfig.java:1389)
		at org.apache.catalina.startup.HostConfig.check(HostConfig.java:1615)
		at org.apache.catalina.startup.HostConfig.lifecycleEvent(HostConfig.java:308)
		at org.apache.catalina.util.LifecycleBase.fireLifecycleEvent(LifecycleBase.java:109)
		at org.apache.catalina.core.ContainerBase.backgroundProcess(ContainerBase.java:973)
		at org.apache.catalina.core.ContainerBase$ContainerBackgroundProcessor.processChildren(ContainerBase.java:1172)
		at org.apache.catalina.core.ContainerBase$ContainerBackgroundProcessor.processChildren(ContainerBase.java:1176)
		at org.apache.catalina.core.ContainerBase$ContainerBackgroundProcessor.run(ContainerBase.java:1154)
		at java.base/java.util.concurrent.Executors$RunnableAdapter.call(Executors.java:545)
		at java.base/java.util.concurrent.FutureTask.runAndReset(FutureTask.java:369)
		at java.base/java.util.concurrent.ScheduledThreadPoolExecutor$ScheduledFutureTask.run(ScheduledThreadPoolExecutor.java:310)
		at java.base/java.util.concurrent.ThreadPoolExecutor.runWorker(ThreadPoolExecutor.java:1095)
		at java.base/java.util.concurrent.ThreadPoolExecutor$Worker.run(ThreadPoolExecutor.java:619)
		at org.apache.tomcat.util.threads.TaskThread$WrappingRunnable.run(TaskThread.java:63)
		at java.base/java.lang.Thread.run(Thread.java:1447)
	Caused by: com.sun.xml.ws.transport.http.servlet.WSServletException: WSSERVLET11: Fallo al analizar el descriptor en tiempo de ejecución: java.lang.NoClassDefFoundError: jakarta/xml/ws/WebServiceFeature
		at com.sun.xml.ws.transport.http.servlet.WSServletContextListener.parseAdaptersAndCreateDelegate(WSServletContextListener.java:111)
		at com.sun.xml.ws.transport.http.servlet.WSServletContainerInitializer.onStartup(WSServletContainerInitializer.java:35)
		... 18 more
	Caused by: java.lang.NoClassDefFoundError: jakarta/xml/ws/WebServiceFeature
		at java.base/java.lang.Class.getDeclaredConstructors0(Native Method)
		at java.base/java.lang.Class.privateGetDeclaredConstructors(Class.java:3006)
		at java.base/java.lang.Class.getConstructor0(Class.java:3211)
		at java.base/java.lang.Class.getConstructor(Class.java:2201)
		at java.base/java.util.ServiceLoader.getConstructor(ServiceLoader.java:623)
		at java.base/java.util.ServiceLoader$LazyClassPathLookupIterator.hasNextService(ServiceLoader.java:1111)
		at java.base/java.util.ServiceLoader$LazyClassPathLookupIterator.hasNext(ServiceLoader.java:1142)
		at java.base/java.util.ServiceLoader$1.hasNext(ServiceLoader.java:1164)
		at java.base/java.util.ServiceLoader$2.hasNext(ServiceLoader.java:1246)
		at com.sun.xml.ws.util.ServiceFinder$CompositeIterator.hasNext(ServiceFinder.java:277)
		at com.sun.xml.ws.policy.jaxws.PolicyUtil.addServiceProviders(PolicyUtil.java:66)
		at com.sun.xml.ws.policy.jaxws.PolicyUtil.<clinit>(PolicyUtil.java:53)
		at com.sun.xml.ws.policy.jaxws.PolicyWSDLGeneratorExtension.loadConfigurators(PolicyWSDLGeneratorExtension.java:446)
		at com.sun.xml.ws.policy.jaxws.PolicyWSDLGeneratorExtension.start(PolicyWSDLGeneratorExtension.java:94)
		at com.sun.xml.ws.wsdl.writer.WSDLGeneratorExtensionFacade.start(WSDLGeneratorExtensionFacade.java:41)
		at com.sun.xml.ws.wsdl.writer.WSDLGenerator.generateDocument(WSDLGenerator.java:374)
		at com.sun.xml.ws.wsdl.writer.WSDLGenerator.doGeneration(WSDLGenerator.java:286)
		at com.sun.xml.ws.db.DatabindingImpl.generateWSDL(DatabindingImpl.java:229)
		at com.sun.xml.ws.server.EndpointFactory.generateWSDL(EndpointFactory.java:660)
		at com.sun.xml.ws.server.EndpointFactory.create(EndpointFactory.java:278)
		at com.sun.xml.ws.server.EndpointFactory.createEndpoint(EndpointFactory.java:134)
		at com.sun.xml.ws.api.server.WSEndpoint.create(WSEndpoint.java:578)
		at com.sun.xml.ws.api.server.WSEndpoint.create(WSEndpoint.java:560)
		at com.sun.xml.ws.transport.http.DeploymentDescriptorParser.parseAdapters(DeploymentDescriptorParser.java:273)
		at com.sun.xml.ws.transport.http.DeploymentDescriptorParser.parse(DeploymentDescriptorParser.java:149)
		at com.sun.xml.ws.transport.http.servlet.WSServletContextListener.parseAdaptersAndCreateDelegate(WSServletContextListener.java:101)
		... 19 more
	Caused by: java.lang.ClassNotFoundException: jakarta.xml.ws.WebServiceFeature
		at org.apache.catalina.loader.WebappClassLoaderBase.loadClass(WebappClassLoaderBase.java:1354)
		at org.apache.catalina.loader.WebappClassLoaderBase.loadClass(WebappClassLoaderBase.java:1163)
		... 45 more
13-Sep-2025 10:41:54.033 SEVERE [Catalina-utility-1] org.apache.catalina.core.StandardContext.startInternal Falló en arranque del Contexto [/TrabajoenGrupo] debido a errores previos
13-Sep-2025 10:41:54.037 SEVERE [Catalina-utility-1] org.apache.catalina.loader.WebappClassLoaderBase.checkThreadLocalMapForLeaks La aplicación web [TrabajoenGrupo] creó un ThreadLocal con clave del tipo [com.sun.xml.ws.api.server.ThreadLocalContainerResolver$1] (valor [com.sun.xml.ws.api.server.ThreadLocalContainerResolver$1@24830699]) y un valor del tipo [com.sun.xml.ws.api.server.Container.NoneContainer] (valor [com.sun.xml.ws.api.server.Container$NoneContainer@570dc745]) pero no pudo quitarlo cuando la aplicación web se paró. Los hilos se van a renovar con el tiempo para intentar evitar in posible fallo de memoria.
13-Sep-2025 10:42:04.051 INFO [Catalina-utility-1] org.apache.catalina.startup.HostConfig.reload Falló la recarga del contexto [/TrabajoenGrupo]
13-Sep-2025 10:42:06.778 INFO [Catalina-utility-1] org.apache.jasper.servlet.TldScanner.scanJars Al menos un JAR, que se ha explorado buscando TLDs, aún no contenía TLDs. Activar historial de depuración para este historiador para una completa lista de los JARs que fueron explorados y de los que nos se halló TLDs. Saltarse JARs no necesarios durante la exploración puede dar lugar a una mejora de tiempo significativa en el arranque y compilación de JSP .
13-Sep-2025 10:42:08.113 SEVERE [Catalina-utility-1] com.sun.xml.ws.transport.http.servlet.WSServletContextListener.parseAdaptersAndCreateDelegate WSSERVLET11: Fallo al analizar el descriptor en tiempo de ejecución: java.lang.NoClassDefFoundError: jakarta/xml/ws/WebServiceFeature
	java.lang.NoClassDefFoundError: jakarta/xml/ws/WebServiceFeature
		at java.base/java.lang.Class.getDeclaredConstructors0(Native Method)
		at java.base/java.lang.Class.privateGetDeclaredConstructors(Class.java:3006)
		at java.base/java.lang.Class.getConstructor0(Class.java:3211)
		at java.base/java.lang.Class.getConstructor(Class.java:2201)
		at java.base/java.util.ServiceLoader.getConstructor(ServiceLoader.java:623)
		at java.base/java.util.ServiceLoader$LazyClassPathLookupIterator.hasNextService(ServiceLoader.java:1111)
		at java.base/java.util.ServiceLoader$LazyClassPathLookupIterator.hasNext(ServiceLoader.java:1142)
		at java.base/java.util.ServiceLoader$1.hasNext(ServiceLoader.java:1164)
		at java.base/java.util.ServiceLoader$2.hasNext(ServiceLoader.java:1246)
		at com.sun.xml.ws.util.ServiceFinder$CompositeIterator.hasNext(ServiceFinder.java:277)
		at com.sun.xml.ws.policy.jaxws.PolicyUtil.addServiceProviders(PolicyUtil.java:66)
		at com.sun.xml.ws.policy.jaxws.PolicyUtil.<clinit>(PolicyUtil.java:53)
		at com.sun.xml.ws.policy.jaxws.PolicyWSDLGeneratorExtension.loadConfigurators(PolicyWSDLGeneratorExtension.java:446)
		at com.sun.xml.ws.policy.jaxws.PolicyWSDLGeneratorExtension.start(PolicyWSDLGeneratorExtension.java:94)
		at com.sun.xml.ws.wsdl.writer.WSDLGeneratorExtensionFacade.start(WSDLGeneratorExtensionFacade.java:41)
		at com.sun.xml.ws.wsdl.writer.WSDLGenerator.generateDocument(WSDLGenerator.java:374)
		at com.sun.xml.ws.wsdl.writer.WSDLGenerator.doGeneration(WSDLGenerator.java:286)
		at com.sun.xml.ws.db.DatabindingImpl.generateWSDL(DatabindingImpl.java:229)
		at com.sun.xml.ws.server.EndpointFactory.generateWSDL(EndpointFactory.java:660)
		at com.sun.xml.ws.server.EndpointFactory.create(EndpointFactory.java:278)
		at com.sun.xml.ws.server.EndpointFactory.createEndpoint(EndpointFactory.java:134)
		at com.sun.xml.ws.api.server.WSEndpoint.create(WSEndpoint.java:578)
		at com.sun.xml.ws.api.server.WSEndpoint.create(WSEndpoint.java:560)
		at com.sun.xml.ws.transport.http.DeploymentDescriptorParser.parseAdapters(DeploymentDescriptorParser.java:273)
		at com.sun.xml.ws.transport.http.DeploymentDescriptorParser.parse(DeploymentDescriptorParser.java:149)
		at com.sun.xml.ws.transport.http.servlet.WSServletContextListener.parseAdaptersAndCreateDelegate(WSServletContextListener.java:101)
		at com.sun.xml.ws.transport.http.servlet.WSServletContainerInitializer.onStartup(WSServletContainerInitializer.java:35)
		at org.apache.catalina.core.StandardContext.startInternal(StandardContext.java:4491)
		at org.apache.catalina.util.LifecycleBase.start(LifecycleBase.java:164)
		at org.apache.catalina.startup.HostConfig.reload(HostConfig.java:1423)
		at org.apache.catalina.startup.HostConfig.checkResources(HostConfig.java:1389)
		at org.apache.catalina.startup.HostConfig.check(HostConfig.java:1615)
		at org.apache.catalina.startup.HostConfig.lifecycleEvent(HostConfig.java:308)
		at org.apache.catalina.util.LifecycleBase.fireLifecycleEvent(LifecycleBase.java:109)
		at org.apache.catalina.core.ContainerBase.backgroundProcess(ContainerBase.java:973)
		at org.apache.catalina.core.ContainerBase$ContainerBackgroundProcessor.processChildren(ContainerBase.java:1172)
		at org.apache.catalina.core.ContainerBase$ContainerBackgroundProcessor.processChildren(ContainerBase.java:1176)
		at org.apache.catalina.core.ContainerBase$ContainerBackgroundProcessor.run(ContainerBase.java:1154)
		at java.base/java.util.concurrent.Executors$RunnableAdapter.call(Executors.java:545)
		at java.base/java.util.concurrent.FutureTask.runAndReset(FutureTask.java:369)
		at java.base/java.util.concurrent.ScheduledThreadPoolExecutor$ScheduledFutureTask.run(ScheduledThreadPoolExecutor.java:310)
		at java.base/java.util.concurrent.ThreadPoolExecutor.runWorker(ThreadPoolExecutor.java:1095)
		at java.base/java.util.concurrent.ThreadPoolExecutor$Worker.run(ThreadPoolExecutor.java:619)
		at org.apache.tomcat.util.threads.TaskThread$WrappingRunnable.run(TaskThread.java:63)
		at java.base/java.lang.Thread.run(Thread.java:1447)
	Caused by: java.lang.ClassNotFoundException: jakarta.xml.ws.WebServiceFeature
		at org.apache.catalina.loader.WebappClassLoaderBase.loadClass(WebappClassLoaderBase.java:1354)
		at org.apache.catalina.loader.WebappClassLoaderBase.loadClass(WebappClassLoaderBase.java:1163)
		... 45 more
13-Sep-2025 10:42:08.257 SEVERE [Catalina-utility-1] org.apache.catalina.core.StandardContext.startInternal Error during ServletContainerInitializer processing
	javax.servlet.ServletException: com.sun.xml.ws.transport.http.servlet.WSServletException: WSSERVLET11: Fallo al analizar el descriptor en tiempo de ejecución: java.lang.NoClassDefFoundError: jakarta/xml/ws/WebServiceFeature
		at com.sun.xml.ws.transport.http.servlet.WSServletContainerInitializer.onStartup(WSServletContainerInitializer.java:40)
		at org.apache.catalina.core.StandardContext.startInternal(StandardContext.java:4491)
		at org.apache.catalina.util.LifecycleBase.start(LifecycleBase.java:164)
		at org.apache.catalina.startup.HostConfig.reload(HostConfig.java:1423)
		at org.apache.catalina.startup.HostConfig.checkResources(HostConfig.java:1389)
		at org.apache.catalina.startup.HostConfig.check(HostConfig.java:1615)
		at org.apache.catalina.startup.HostConfig.lifecycleEvent(HostConfig.java:308)
		at org.apache.catalina.util.LifecycleBase.fireLifecycleEvent(LifecycleBase.java:109)
		at org.apache.catalina.core.ContainerBase.backgroundProcess(ContainerBase.java:973)
		at org.apache.catalina.core.ContainerBase$ContainerBackgroundProcessor.processChildren(ContainerBase.java:1172)
		at org.apache.catalina.core.ContainerBase$ContainerBackgroundProcessor.processChildren(ContainerBase.java:1176)
		at org.apache.catalina.core.ContainerBase$ContainerBackgroundProcessor.run(ContainerBase.java:1154)
		at java.base/java.util.concurrent.Executors$RunnableAdapter.call(Executors.java:545)
		at java.base/java.util.concurrent.FutureTask.runAndReset(FutureTask.java:369)
		at java.base/java.util.concurrent.ScheduledThreadPoolExecutor$ScheduledFutureTask.run(ScheduledThreadPoolExecutor.java:310)
		at java.base/java.util.concurrent.ThreadPoolExecutor.runWorker(ThreadPoolExecutor.java:1095)
		at java.base/java.util.concurrent.ThreadPoolExecutor$Worker.run(ThreadPoolExecutor.java:619)
		at org.apache.tomcat.util.threads.TaskThread$WrappingRunnable.run(TaskThread.java:63)
		at java.base/java.lang.Thread.run(Thread.java:1447)
	Caused by: com.sun.xml.ws.transport.http.servlet.WSServletException: WSSERVLET11: Fallo al analizar el descriptor en tiempo de ejecución: java.lang.NoClassDefFoundError: jakarta/xml/ws/WebServiceFeature
		at com.sun.xml.ws.transport.http.servlet.WSServletContextListener.parseAdaptersAndCreateDelegate(WSServletContextListener.java:111)
		at com.sun.xml.ws.transport.http.servlet.WSServletContainerInitializer.onStartup(WSServletContainerInitializer.java:35)
		... 18 more
	Caused by: java.lang.NoClassDefFoundError: jakarta/xml/ws/WebServiceFeature
		at java.base/java.lang.Class.getDeclaredConstructors0(Native Method)
		at java.base/java.lang.Class.privateGetDeclaredConstructors(Class.java:3006)
		at java.base/java.lang.Class.getConstructor0(Class.java:3211)
		at java.base/java.lang.Class.getConstructor(Class.java:2201)
		at java.base/java.util.ServiceLoader.getConstructor(ServiceLoader.java:623)
		at java.base/java.util.ServiceLoader$LazyClassPathLookupIterator.hasNextService(ServiceLoader.java:1111)
		at java.base/java.util.ServiceLoader$LazyClassPathLookupIterator.hasNext(ServiceLoader.java:1142)
		at java.base/java.util.ServiceLoader$1.hasNext(ServiceLoader.java:1164)
		at java.base/java.util.ServiceLoader$2.hasNext(ServiceLoader.java:1246)
		at com.sun.xml.ws.util.ServiceFinder$CompositeIterator.hasNext(ServiceFinder.java:277)
		at com.sun.xml.ws.policy.jaxws.PolicyUtil.addServiceProviders(PolicyUtil.java:66)
		at com.sun.xml.ws.policy.jaxws.PolicyUtil.<clinit>(PolicyUtil.java:53)
		at com.sun.xml.ws.policy.jaxws.PolicyWSDLGeneratorExtension.loadConfigurators(PolicyWSDLGeneratorExtension.java:446)
		at com.sun.xml.ws.policy.jaxws.PolicyWSDLGeneratorExtension.start(PolicyWSDLGeneratorExtension.java:94)
		at com.sun.xml.ws.wsdl.writer.WSDLGeneratorExtensionFacade.start(WSDLGeneratorExtensionFacade.java:41)
		at com.sun.xml.ws.wsdl.writer.WSDLGenerator.generateDocument(WSDLGenerator.java:374)
		at com.sun.xml.ws.wsdl.writer.WSDLGenerator.doGeneration(WSDLGenerator.java:286)
		at com.sun.xml.ws.db.DatabindingImpl.generateWSDL(DatabindingImpl.java:229)
		at com.sun.xml.ws.server.EndpointFactory.generateWSDL(EndpointFactory.java:660)
		at com.sun.xml.ws.server.EndpointFactory.create(EndpointFactory.java:278)
		at com.sun.xml.ws.server.EndpointFactory.createEndpoint(EndpointFactory.java:134)
		at com.sun.xml.ws.api.server.WSEndpoint.create(WSEndpoint.java:578)
		at com.sun.xml.ws.api.server.WSEndpoint.create(WSEndpoint.java:560)
		at com.sun.xml.ws.transport.http.DeploymentDescriptorParser.parseAdapters(DeploymentDescriptorParser.java:273)
		at com.sun.xml.ws.transport.http.DeploymentDescriptorParser.parse(DeploymentDescriptorParser.java:149)
		at com.sun.xml.ws.transport.http.servlet.WSServletContextListener.parseAdaptersAndCreateDelegate(WSServletContextListener.java:101)
		... 19 more
	Caused by: java.lang.ClassNotFoundException: jakarta.xml.ws.WebServiceFeature
		at org.apache.catalina.loader.WebappClassLoaderBase.loadClass(WebappClassLoaderBase.java:1354)
		at org.apache.catalina.loader.WebappClassLoaderBase.loadClass(WebappClassLoaderBase.java:1163)
		... 45 more
13-Sep-2025 10:42:08.347 SEVERE [Catalina-utility-1] org.apache.catalina.core.StandardContext.startInternal Falló en arranque del Contexto [/TrabajoenGrupo] debido a errores previos
13-Sep-2025 10:42:08.352 SEVERE [Catalina-utility-1] org.apache.catalina.loader.WebappClassLoaderBase.checkThreadLocalMapForLeaks La aplicación web [TrabajoenGrupo] creó un ThreadLocal con clave del tipo [com.sun.xml.ws.api.server.ThreadLocalContainerResolver$1] (valor [com.sun.xml.ws.api.server.ThreadLocalContainerResolver$1@3237de55]) y un valor del tipo [com.sun.xml.ws.api.server.Container.NoneContainer] (valor [com.sun.xml.ws.api.server.Container$NoneContainer@761e78f8]) pero no pudo quitarlo cuando la aplicación web se paró. Los hilos se van a renovar con el tiempo para intentar evitar in posible fallo de memoria.
13-Sep-2025 10:42:12.249 INFO [http-nio-8080-exec-47] org.apache.catalina.util.LifecycleBase.stop The stop() method was called on component [StandardEngine[Catalina].StandardHost[localhost].StandardContext[/TrabajoenGrupo]] after stop() had already been called. The second call will be ignored.
13-Sep-2025 10:42:12.753 INFO [http-nio-8080-exec-47] org.apache.catalina.startup.HostConfig.undeploy Repliegue (undeploy) de la aplicación web que tiene como trayectoria de contexto [/TrabajoenGrupo]
13-Sep-2025 10:42:12.785 INFO [http-nio-8080-exec-43] org.apache.catalina.startup.HostConfig.deployDescriptor Desplieque del descriptor de configuración [C:\Users\josep\OneDrive\Documentos\Escritorio\Pro2\ProyectoProgra2\tomcat\apache-tomcat-9.0.108\conf\Catalina\localhost\TrabajoenGrupo.xml]
13-Sep-2025 10:42:12.788 WARNING [http-nio-8080-exec-43] org.apache.catalina.startup.HostConfig.deployDescriptor The path attribute with value [/TrabajoenGrupo] in deployment descriptor [C:\Users\josep\OneDrive\Documentos\Escritorio\Pro2\ProyectoProgra2\tomcat\apache-tomcat-9.0.108\conf\Catalina\localhost\TrabajoenGrupo.xml] has been ignored
13-Sep-2025 10:42:16.060 INFO [http-nio-8080-exec-43] org.apache.jasper.servlet.TldScanner.scanJars Al menos un JAR, que se ha explorado buscando TLDs, aún no contenía TLDs. Activar historial de depuración para este historiador para una completa lista de los JARs que fueron explorados y de los que nos se halló TLDs. Saltarse JARs no necesarios durante la exploración puede dar lugar a una mejora de tiempo significativa en el arranque y compilación de JSP .
13-Sep-2025 10:42:17.599 SEVERE [http-nio-8080-exec-43] com.sun.xml.ws.transport.http.servlet.WSServletContextListener.parseAdaptersAndCreateDelegate WSSERVLET11: Fallo al analizar el descriptor en tiempo de ejecución: java.lang.NoClassDefFoundError: jakarta/xml/ws/WebServiceFeature
	java.lang.NoClassDefFoundError: jakarta/xml/ws/WebServiceFeature
		at java.base/java.lang.Class.getDeclaredConstructors0(Native Method)
		at java.base/java.lang.Class.privateGetDeclaredConstructors(Class.java:3006)
		at java.base/java.lang.Class.getConstructor0(Class.java:3211)
		at java.base/java.lang.Class.getConstructor(Class.java:2201)
		at java.base/java.util.ServiceLoader.getConstructor(ServiceLoader.java:623)
		at java.base/java.util.ServiceLoader$LazyClassPathLookupIterator.hasNextService(ServiceLoader.java:1111)
		at java.base/java.util.ServiceLoader$LazyClassPathLookupIterator.hasNext(ServiceLoader.java:1142)
		at java.base/java.util.ServiceLoader$1.hasNext(ServiceLoader.java:1164)
		at java.base/java.util.ServiceLoader$2.hasNext(ServiceLoader.java:1246)
		at com.sun.xml.ws.util.ServiceFinder$CompositeIterator.hasNext(ServiceFinder.java:277)
		at com.sun.xml.ws.policy.jaxws.PolicyUtil.addServiceProviders(PolicyUtil.java:66)
		at com.sun.xml.ws.policy.jaxws.PolicyUtil.<clinit>(PolicyUtil.java:53)
		at com.sun.xml.ws.policy.jaxws.PolicyWSDLGeneratorExtension.loadConfigurators(PolicyWSDLGeneratorExtension.java:446)
		at com.sun.xml.ws.policy.jaxws.PolicyWSDLGeneratorExtension.start(PolicyWSDLGeneratorExtension.java:94)
		at com.sun.xml.ws.wsdl.writer.WSDLGeneratorExtensionFacade.start(WSDLGeneratorExtensionFacade.java:41)
		at com.sun.xml.ws.wsdl.writer.WSDLGenerator.generateDocument(WSDLGenerator.java:374)
		at com.sun.xml.ws.wsdl.writer.WSDLGenerator.doGeneration(WSDLGenerator.java:286)
		at com.sun.xml.ws.db.DatabindingImpl.generateWSDL(DatabindingImpl.java:229)
		at com.sun.xml.ws.server.EndpointFactory.generateWSDL(EndpointFactory.java:660)
		at com.sun.xml.ws.server.EndpointFactory.create(EndpointFactory.java:278)
		at com.sun.xml.ws.server.EndpointFactory.createEndpoint(EndpointFactory.java:134)
		at com.sun.xml.ws.api.server.WSEndpoint.create(WSEndpoint.java:578)
		at com.sun.xml.ws.api.server.WSEndpoint.create(WSEndpoint.java:560)
		at com.sun.xml.ws.transport.http.DeploymentDescriptorParser.parseAdapters(DeploymentDescriptorParser.java:273)
		at com.sun.xml.ws.transport.http.DeploymentDescriptorParser.parse(DeploymentDescriptorParser.java:149)
		at com.sun.xml.ws.transport.http.servlet.WSServletContextListener.parseAdaptersAndCreateDelegate(WSServletContextListener.java:101)
		at com.sun.xml.ws.transport.http.servlet.WSServletContainerInitializer.onStartup(WSServletContainerInitializer.java:35)
		at org.apache.catalina.core.StandardContext.startInternal(StandardContext.java:4491)
		at org.apache.catalina.util.LifecycleBase.start(LifecycleBase.java:164)
		at org.apache.catalina.core.ContainerBase.addChildInternal(ContainerBase.java:599)
		at org.apache.catalina.core.ContainerBase.addChild(ContainerBase.java:571)
		at org.apache.catalina.core.StandardHost.addChild(StandardHost.java:603)
		at org.apache.catalina.startup.HostConfig.deployDescriptor(HostConfig.java:680)
		at org.apache.catalina.startup.HostConfig.deployApps(HostConfig.java:529)
		at org.apache.catalina.startup.HostConfig.check(HostConfig.java:1653)
		at java.base/jdk.internal.reflect.DirectMethodHandleAccessor.invoke(DirectMethodHandleAccessor.java:104)
		at java.base/java.lang.reflect.Method.invoke(Method.java:565)
		at org.apache.tomcat.util.modeler.BaseModelMBean.invoke(BaseModelMBean.java:252)
		at java.management/com.sun.jmx.interceptor.DefaultMBeanServerInterceptor.invoke(DefaultMBeanServerInterceptor.java:627)
		at java.management/com.sun.jmx.mbeanserver.JmxMBeanServer.invoke(JmxMBeanServer.java:790)
		at org.apache.catalina.manager.ManagerServlet.check(ManagerServlet.java:1470)
		at org.apache.catalina.manager.ManagerServlet.deploy(ManagerServlet.java:943)
		at org.apache.catalina.manager.ManagerServlet.doGet(ManagerServlet.java:307)
		at javax.servlet.http.HttpServlet.service(HttpServlet.java:529)
		at javax.servlet.http.HttpServlet.service(HttpServlet.java:623)
		at org.apache.catalina.core.ApplicationFilterChain.internalDoFilter(ApplicationFilterChain.java:199)
		at org.apache.catalina.core.ApplicationFilterChain.doFilter(ApplicationFilterChain.java:144)
		at org.apache.tomcat.websocket.server.WsFilter.doFilter(WsFilter.java:51)
		at org.apache.catalina.core.ApplicationFilterChain.internalDoFilter(ApplicationFilterChain.java:168)
		at org.apache.catalina.core.ApplicationFilterChain.doFilter(ApplicationFilterChain.java:144)
		at org.apache.catalina.filters.HttpHeaderSecurityFilter.doFilter(HttpHeaderSecurityFilter.java:129)
		at org.apache.catalina.core.ApplicationFilterChain.internalDoFilter(ApplicationFilterChain.java:168)
		at org.apache.catalina.core.ApplicationFilterChain.doFilter(ApplicationFilterChain.java:144)
		at org.apache.catalina.core.StandardWrapperValve.invoke(StandardWrapperValve.java:168)
		at org.apache.catalina.core.StandardContextValve.invoke(StandardContextValve.java:90)
		at org.apache.catalina.authenticator.AuthenticatorBase.invoke(AuthenticatorBase.java:597)
		at org.apache.catalina.valves.RequestFilterValve.process(RequestFilterValve.java:354)
		at org.apache.catalina.valves.RemoteAddrValve.invoke(RemoteAddrValve.java:54)
		at org.apache.catalina.core.StandardHostValve.invoke(StandardHostValve.java:130)
		at org.apache.catalina.valves.ErrorReportValve.invoke(ErrorReportValve.java:93)
		at org.apache.catalina.valves.AbstractAccessLogValve.invoke(AbstractAccessLogValve.java:656)
		at org.apache.catalina.core.StandardEngineValve.invoke(StandardEngineValve.java:74)
		at org.apache.catalina.connector.CoyoteAdapter.service(CoyoteAdapter.java:346)
		at org.apache.coyote.http11.Http11Processor.service(Http11Processor.java:397)
		at org.apache.coyote.AbstractProcessorLight.process(AbstractProcessorLight.java:63)
		at org.apache.coyote.AbstractProtocol$ConnectionHandler.process(AbstractProtocol.java:935)
		at org.apache.tomcat.util.net.NioEndpoint$SocketProcessor.doRun(NioEndpoint.java:1826)
		at org.apache.tomcat.util.net.SocketProcessorBase.run(SocketProcessorBase.java:52)
		at org.apache.tomcat.util.threads.ThreadPoolExecutor.runWorker(ThreadPoolExecutor.java:1189)
		at org.apache.tomcat.util.threads.ThreadPoolExecutor$Worker.run(ThreadPoolExecutor.java:658)
		at org.apache.tomcat.util.threads.TaskThread$WrappingRunnable.run(TaskThread.java:63)
		at java.base/java.lang.Thread.run(Thread.java:1447)
	Caused by: java.lang.ClassNotFoundException: jakarta.xml.ws.WebServiceFeature
		at org.apache.catalina.loader.WebappClassLoaderBase.loadClass(WebappClassLoaderBase.java:1354)
		at org.apache.catalina.loader.WebappClassLoaderBase.loadClass(WebappClassLoaderBase.java:1163)
		... 72 more
13-Sep-2025 10:42:17.745 SEVERE [http-nio-8080-exec-43] org.apache.catalina.core.StandardContext.startInternal Error during ServletContainerInitializer processing
	javax.servlet.ServletException: com.sun.xml.ws.transport.http.servlet.WSServletException: WSSERVLET11: Fallo al analizar el descriptor en tiempo de ejecución: java.lang.NoClassDefFoundError: jakarta/xml/ws/WebServiceFeature
		at com.sun.xml.ws.transport.http.servlet.WSServletContainerInitializer.onStartup(WSServletContainerInitializer.java:40)
		at org.apache.catalina.core.StandardContext.startInternal(StandardContext.java:4491)
		at org.apache.catalina.util.LifecycleBase.start(LifecycleBase.java:164)
		at org.apache.catalina.core.ContainerBase.addChildInternal(ContainerBase.java:599)
		at org.apache.catalina.core.ContainerBase.addChild(ContainerBase.java:571)
		at org.apache.catalina.core.StandardHost.addChild(StandardHost.java:603)
		at org.apache.catalina.startup.HostConfig.deployDescriptor(HostConfig.java:680)
		at org.apache.catalina.startup.HostConfig.deployApps(HostConfig.java:529)
		at org.apache.catalina.startup.HostConfig.check(HostConfig.java:1653)
		at java.base/jdk.internal.reflect.DirectMethodHandleAccessor.invoke(DirectMethodHandleAccessor.java:104)
		at java.base/java.lang.reflect.Method.invoke(Method.java:565)
		at org.apache.tomcat.util.modeler.BaseModelMBean.invoke(BaseModelMBean.java:252)
		at java.management/com.sun.jmx.interceptor.DefaultMBeanServerInterceptor.invoke(DefaultMBeanServerInterceptor.java:627)
		at java.management/com.sun.jmx.mbeanserver.JmxMBeanServer.invoke(JmxMBeanServer.java:790)
		at org.apache.catalina.manager.ManagerServlet.check(ManagerServlet.java:1470)
		at org.apache.catalina.manager.ManagerServlet.deploy(ManagerServlet.java:943)
		at org.apache.catalina.manager.ManagerServlet.doGet(ManagerServlet.java:307)
		at javax.servlet.http.HttpServlet.service(HttpServlet.java:529)
		at javax.servlet.http.HttpServlet.service(HttpServlet.java:623)
		at org.apache.catalina.core.ApplicationFilterChain.internalDoFilter(ApplicationFilterChain.java:199)
		at org.apache.catalina.core.ApplicationFilterChain.doFilter(ApplicationFilterChain.java:144)
		at org.apache.tomcat.websocket.server.WsFilter.doFilter(WsFilter.java:51)
		at org.apache.catalina.core.ApplicationFilterChain.internalDoFilter(ApplicationFilterChain.java:168)
		at org.apache.catalina.core.ApplicationFilterChain.doFilter(ApplicationFilterChain.java:144)
		at org.apache.catalina.filters.HttpHeaderSecurityFilter.doFilter(HttpHeaderSecurityFilter.java:129)
		at org.apache.catalina.core.ApplicationFilterChain.internalDoFilter(ApplicationFilterChain.java:168)
		at org.apache.catalina.core.ApplicationFilterChain.doFilter(ApplicationFilterChain.java:144)
		at org.apache.catalina.core.StandardWrapperValve.invoke(StandardWrapperValve.java:168)
		at org.apache.catalina.core.StandardContextValve.invoke(StandardContextValve.java:90)
		at org.apache.catalina.authenticator.AuthenticatorBase.invoke(AuthenticatorBase.java:597)
		at org.apache.catalina.valves.RequestFilterValve.process(RequestFilterValve.java:354)
		at org.apache.catalina.valves.RemoteAddrValve.invoke(RemoteAddrValve.java:54)
		at org.apache.catalina.core.StandardHostValve.invoke(StandardHostValve.java:130)
		at org.apache.catalina.valves.ErrorReportValve.invoke(ErrorReportValve.java:93)
		at org.apache.catalina.valves.AbstractAccessLogValve.invoke(AbstractAccessLogValve.java:656)
		at org.apache.catalina.core.StandardEngineValve.invoke(StandardEngineValve.java:74)
		at org.apache.catalina.connector.CoyoteAdapter.service(CoyoteAdapter.java:346)
		at org.apache.coyote.http11.Http11Processor.service(Http11Processor.java:397)
		at org.apache.coyote.AbstractProcessorLight.process(AbstractProcessorLight.java:63)
		at org.apache.coyote.AbstractProtocol$ConnectionHandler.process(AbstractProtocol.java:935)
		at org.apache.tomcat.util.net.NioEndpoint$SocketProcessor.doRun(NioEndpoint.java:1826)
		at org.apache.tomcat.util.net.SocketProcessorBase.run(SocketProcessorBase.java:52)
		at org.apache.tomcat.util.threads.ThreadPoolExecutor.runWorker(ThreadPoolExecutor.java:1189)
		at org.apache.tomcat.util.threads.ThreadPoolExecutor$Worker.run(ThreadPoolExecutor.java:658)
		at org.apache.tomcat.util.threads.TaskThread$WrappingRunnable.run(TaskThread.java:63)
		at java.base/java.lang.Thread.run(Thread.java:1447)
	Caused by: com.sun.xml.ws.transport.http.servlet.WSServletException: WSSERVLET11: Fallo al analizar el descriptor en tiempo de ejecución: java.lang.NoClassDefFoundError: jakarta/xml/ws/WebServiceFeature
		at com.sun.xml.ws.transport.http.servlet.WSServletContextListener.parseAdaptersAndCreateDelegate(WSServletContextListener.java:111)
		at com.sun.xml.ws.transport.http.servlet.WSServletContainerInitializer.onStartup(WSServletContainerInitializer.java:35)
		... 45 more
	Caused by: java.lang.NoClassDefFoundError: jakarta/xml/ws/WebServiceFeature
		at java.base/java.lang.Class.getDeclaredConstructors0(Native Method)
		at java.base/java.lang.Class.privateGetDeclaredConstructors(Class.java:3006)
		at java.base/java.lang.Class.getConstructor0(Class.java:3211)
		at java.base/java.lang.Class.getConstructor(Class.java:2201)
		at java.base/java.util.ServiceLoader.getConstructor(ServiceLoader.java:623)
		at java.base/java.util.ServiceLoader$LazyClassPathLookupIterator.hasNextService(ServiceLoader.java:1111)
		at java.base/java.util.ServiceLoader$LazyClassPathLookupIterator.hasNext(ServiceLoader.java:1142)
		at java.base/java.util.ServiceLoader$1.hasNext(ServiceLoader.java:1164)
		at java.base/java.util.ServiceLoader$2.hasNext(ServiceLoader.java:1246)
		at com.sun.xml.ws.util.ServiceFinder$CompositeIterator.hasNext(ServiceFinder.java:277)
		at com.sun.xml.ws.policy.jaxws.PolicyUtil.addServiceProviders(PolicyUtil.java:66)
		at com.sun.xml.ws.policy.jaxws.PolicyUtil.<clinit>(PolicyUtil.java:53)
		at com.sun.xml.ws.policy.jaxws.PolicyWSDLGeneratorExtension.loadConfigurators(PolicyWSDLGeneratorExtension.java:446)
		at com.sun.xml.ws.policy.jaxws.PolicyWSDLGeneratorExtension.start(PolicyWSDLGeneratorExtension.java:94)
		at com.sun.xml.ws.wsdl.writer.WSDLGeneratorExtensionFacade.start(WSDLGeneratorExtensionFacade.java:41)
		at com.sun.xml.ws.wsdl.writer.WSDLGenerator.generateDocument(WSDLGenerator.java:374)
		at com.sun.xml.ws.wsdl.writer.WSDLGenerator.doGeneration(WSDLGenerator.java:286)
		at com.sun.xml.ws.db.DatabindingImpl.generateWSDL(DatabindingImpl.java:229)
		at com.sun.xml.ws.server.EndpointFactory.generateWSDL(EndpointFactory.java:660)
		at com.sun.xml.ws.server.EndpointFactory.create(EndpointFactory.java:278)
		at com.sun.xml.ws.server.EndpointFactory.createEndpoint(EndpointFactory.java:134)
		at com.sun.xml.ws.api.server.WSEndpoint.create(WSEndpoint.java:578)
		at com.sun.xml.ws.api.server.WSEndpoint.create(WSEndpoint.java:560)
		at com.sun.xml.ws.transport.http.DeploymentDescriptorParser.parseAdapters(DeploymentDescriptorParser.java:273)
		at com.sun.xml.ws.transport.http.DeploymentDescriptorParser.parse(DeploymentDescriptorParser.java:149)
		at com.sun.xml.ws.transport.http.servlet.WSServletContextListener.parseAdaptersAndCreateDelegate(WSServletContextListener.java:101)
		... 46 more
	Caused by: java.lang.ClassNotFoundException: jakarta.xml.ws.WebServiceFeature
		at org.apache.catalina.loader.WebappClassLoaderBase.loadClass(WebappClassLoaderBase.java:1354)
		at org.apache.catalina.loader.WebappClassLoaderBase.loadClass(WebappClassLoaderBase.java:1163)
		... 72 more
13-Sep-2025 10:42:17.846 SEVERE [http-nio-8080-exec-43] org.apache.catalina.core.StandardContext.startInternal Falló en arranque del Contexto [/TrabajoenGrupo] debido a errores previos
13-Sep-2025 10:42:17.849 SEVERE [http-nio-8080-exec-43] org.apache.catalina.loader.WebappClassLoaderBase.checkThreadLocalMapForLeaks La aplicación web [TrabajoenGrupo] creó un ThreadLocal con clave del tipo [com.sun.xml.ws.api.server.ThreadLocalContainerResolver$1] (valor [com.sun.xml.ws.api.server.ThreadLocalContainerResolver$1@37230539]) y un valor del tipo [com.sun.xml.ws.api.server.Container.NoneContainer] (valor [com.sun.xml.ws.api.server.Container$NoneContainer@747433da]) pero no pudo quitarlo cuando la aplicación web se paró. Los hilos se van a renovar con el tiempo para intentar evitar in posible fallo de memoria.
13-Sep-2025 10:42:17.853 INFO [http-nio-8080-exec-43] org.apache.catalina.startup.HostConfig.deployDescriptor Deployment of deployment descriptor [C:\Users\josep\OneDrive\Documentos\Escritorio\Pro2\ProyectoProgra2\tomcat\apache-tomcat-9.0.108\conf\Catalina\localhost\TrabajoenGrupo.xml] has finished in [5.068] ms
13-Sep-2025 10:43:27.078 INFO [http-nio-8080-exec-49] org.apache.catalina.util.LifecycleBase.stop The stop() method was called on component [StandardEngine[Catalina].StandardHost[localhost].StandardContext[/TrabajoenGrupo]] after stop() had already been called. The second call will be ignored.
13-Sep-2025 10:43:27.581 INFO [http-nio-8080-exec-49] org.apache.catalina.startup.HostConfig.undeploy Repliegue (undeploy) de la aplicación web que tiene como trayectoria de contexto [/TrabajoenGrupo]
13-Sep-2025 10:43:27.603 INFO [http-nio-8080-exec-50] org.apache.catalina.startup.HostConfig.deployDescriptor Desplieque del descriptor de configuración [C:\Users\josep\OneDrive\Documentos\Escritorio\Pro2\ProyectoProgra2\tomcat\apache-tomcat-9.0.108\conf\Catalina\localhost\TrabajoenGrupo.xml]
13-Sep-2025 10:43:27.605 WARNING [http-nio-8080-exec-50] org.apache.catalina.startup.HostConfig.deployDescriptor The path attribute with value [/TrabajoenGrupo] in deployment descriptor [C:\Users\josep\OneDrive\Documentos\Escritorio\Pro2\ProyectoProgra2\tomcat\apache-tomcat-9.0.108\conf\Catalina\localhost\TrabajoenGrupo.xml] has been ignored
13-Sep-2025 10:43:30.298 INFO [http-nio-8080-exec-50] org.apache.jasper.servlet.TldScanner.scanJars Al menos un JAR, que se ha explorado buscando TLDs, aún no contenía TLDs. Activar historial de depuración para este historiador para una completa lista de los JARs que fueron explorados y de los que nos se halló TLDs. Saltarse JARs no necesarios durante la exploración puede dar lugar a una mejora de tiempo significativa en el arranque y compilación de JSP .
13-Sep-2025 10:43:31.565 SEVERE [http-nio-8080-exec-50] com.sun.xml.ws.transport.http.servlet.WSServletContextListener.parseAdaptersAndCreateDelegate WSSERVLET11: Fallo al analizar el descriptor en tiempo de ejecución: java.lang.NoClassDefFoundError: jakarta/xml/ws/WebServiceFeature
	java.lang.NoClassDefFoundError: jakarta/xml/ws/WebServiceFeature
		at java.base/java.lang.Class.getDeclaredConstructors0(Native Method)
		at java.base/java.lang.Class.privateGetDeclaredConstructors(Class.java:3006)
		at java.base/java.lang.Class.getConstructor0(Class.java:3211)
		at java.base/java.lang.Class.getConstructor(Class.java:2201)
		at java.base/java.util.ServiceLoader.getConstructor(ServiceLoader.java:623)
		at java.base/java.util.ServiceLoader$LazyClassPathLookupIterator.hasNextService(ServiceLoader.java:1111)
		at java.base/java.util.ServiceLoader$LazyClassPathLookupIterator.hasNext(ServiceLoader.java:1142)
		at java.base/java.util.ServiceLoader$1.hasNext(ServiceLoader.java:1164)
		at java.base/java.util.ServiceLoader$2.hasNext(ServiceLoader.java:1246)
		at com.sun.xml.ws.util.ServiceFinder$CompositeIterator.hasNext(ServiceFinder.java:277)
		at com.sun.xml.ws.policy.jaxws.PolicyUtil.addServiceProviders(PolicyUtil.java:66)
		at com.sun.xml.ws.policy.jaxws.PolicyUtil.<clinit>(PolicyUtil.java:53)
		at com.sun.xml.ws.policy.jaxws.PolicyWSDLGeneratorExtension.loadConfigurators(PolicyWSDLGeneratorExtension.java:446)
		at com.sun.xml.ws.policy.jaxws.PolicyWSDLGeneratorExtension.start(PolicyWSDLGeneratorExtension.java:94)
		at com.sun.xml.ws.wsdl.writer.WSDLGeneratorExtensionFacade.start(WSDLGeneratorExtensionFacade.java:41)
		at com.sun.xml.ws.wsdl.writer.WSDLGenerator.generateDocument(WSDLGenerator.java:374)
		at com.sun.xml.ws.wsdl.writer.WSDLGenerator.doGeneration(WSDLGenerator.java:286)
		at com.sun.xml.ws.db.DatabindingImpl.generateWSDL(DatabindingImpl.java:229)
		at com.sun.xml.ws.server.EndpointFactory.generateWSDL(EndpointFactory.java:660)
		at com.sun.xml.ws.server.EndpointFactory.create(EndpointFactory.java:278)
		at com.sun.xml.ws.server.EndpointFactory.createEndpoint(EndpointFactory.java:134)
		at com.sun.xml.ws.api.server.WSEndpoint.create(WSEndpoint.java:578)
		at com.sun.xml.ws.api.server.WSEndpoint.create(WSEndpoint.java:560)
		at com.sun.xml.ws.transport.http.DeploymentDescriptorParser.parseAdapters(DeploymentDescriptorParser.java:273)
		at com.sun.xml.ws.transport.http.DeploymentDescriptorParser.parse(DeploymentDescriptorParser.java:149)
		at com.sun.xml.ws.transport.http.servlet.WSServletContextListener.parseAdaptersAndCreateDelegate(WSServletContextListener.java:101)
		at com.sun.xml.ws.transport.http.servlet.WSServletContainerInitializer.onStartup(WSServletContainerInitializer.java:35)
		at org.apache.catalina.core.StandardContext.startInternal(StandardContext.java:4491)
		at org.apache.catalina.util.LifecycleBase.start(LifecycleBase.java:164)
		at org.apache.catalina.core.ContainerBase.addChildInternal(ContainerBase.java:599)
		at org.apache.catalina.core.ContainerBase.addChild(ContainerBase.java:571)
		at org.apache.catalina.core.StandardHost.addChild(StandardHost.java:603)
		at org.apache.catalina.startup.HostConfig.deployDescriptor(HostConfig.java:680)
		at org.apache.catalina.startup.HostConfig.deployApps(HostConfig.java:529)
		at org.apache.catalina.startup.HostConfig.check(HostConfig.java:1653)
		at java.base/jdk.internal.reflect.DirectMethodHandleAccessor.invoke(DirectMethodHandleAccessor.java:104)
		at java.base/java.lang.reflect.Method.invoke(Method.java:565)
		at org.apache.tomcat.util.modeler.BaseModelMBean.invoke(BaseModelMBean.java:252)
		at java.management/com.sun.jmx.interceptor.DefaultMBeanServerInterceptor.invoke(DefaultMBeanServerInterceptor.java:627)
		at java.management/com.sun.jmx.mbeanserver.JmxMBeanServer.invoke(JmxMBeanServer.java:790)
		at org.apache.catalina.manager.ManagerServlet.check(ManagerServlet.java:1470)
		at org.apache.catalina.manager.ManagerServlet.deploy(ManagerServlet.java:943)
		at org.apache.catalina.manager.ManagerServlet.doGet(ManagerServlet.java:307)
		at javax.servlet.http.HttpServlet.service(HttpServlet.java:529)
		at javax.servlet.http.HttpServlet.service(HttpServlet.java:623)
		at org.apache.catalina.core.ApplicationFilterChain.internalDoFilter(ApplicationFilterChain.java:199)
		at org.apache.catalina.core.ApplicationFilterChain.doFilter(ApplicationFilterChain.java:144)
		at org.apache.tomcat.websocket.server.WsFilter.doFilter(WsFilter.java:51)
		at org.apache.catalina.core.ApplicationFilterChain.internalDoFilter(ApplicationFilterChain.java:168)
		at org.apache.catalina.core.ApplicationFilterChain.doFilter(ApplicationFilterChain.java:144)
		at org.apache.catalina.filters.HttpHeaderSecurityFilter.doFilter(HttpHeaderSecurityFilter.java:129)
		at org.apache.catalina.core.ApplicationFilterChain.internalDoFilter(ApplicationFilterChain.java:168)
		at org.apache.catalina.core.ApplicationFilterChain.doFilter(ApplicationFilterChain.java:144)
		at org.apache.catalina.core.StandardWrapperValve.invoke(StandardWrapperValve.java:168)
		at org.apache.catalina.core.StandardContextValve.invoke(StandardContextValve.java:90)
		at org.apache.catalina.authenticator.AuthenticatorBase.invoke(AuthenticatorBase.java:597)
		at org.apache.catalina.valves.RequestFilterValve.process(RequestFilterValve.java:354)
		at org.apache.catalina.valves.RemoteAddrValve.invoke(RemoteAddrValve.java:54)
		at org.apache.catalina.core.StandardHostValve.invoke(StandardHostValve.java:130)
		at org.apache.catalina.valves.ErrorReportValve.invoke(ErrorReportValve.java:93)
		at org.apache.catalina.valves.AbstractAccessLogValve.invoke(AbstractAccessLogValve.java:656)
		at org.apache.catalina.core.StandardEngineValve.invoke(StandardEngineValve.java:74)
		at org.apache.catalina.connector.CoyoteAdapter.service(CoyoteAdapter.java:346)
		at org.apache.coyote.http11.Http11Processor.service(Http11Processor.java:397)
		at org.apache.coyote.AbstractProcessorLight.process(AbstractProcessorLight.java:63)
		at org.apache.coyote.AbstractProtocol$ConnectionHandler.process(AbstractProtocol.java:935)
		at org.apache.tomcat.util.net.NioEndpoint$SocketProcessor.doRun(NioEndpoint.java:1826)
		at org.apache.tomcat.util.net.SocketProcessorBase.run(SocketProcessorBase.java:52)
		at org.apache.tomcat.util.threads.ThreadPoolExecutor.runWorker(ThreadPoolExecutor.java:1189)
		at org.apache.tomcat.util.threads.ThreadPoolExecutor$Worker.run(ThreadPoolExecutor.java:658)
		at org.apache.tomcat.util.threads.TaskThread$WrappingRunnable.run(TaskThread.java:63)
		at java.base/java.lang.Thread.run(Thread.java:1447)
	Caused by: java.lang.ClassNotFoundException: jakarta.xml.ws.WebServiceFeature
		at org.apache.catalina.loader.WebappClassLoaderBase.loadClass(WebappClassLoaderBase.java:1354)
		at org.apache.catalina.loader.WebappClassLoaderBase.loadClass(WebappClassLoaderBase.java:1163)
		... 72 more
13-Sep-2025 10:43:31.576 SEVERE [http-nio-8080-exec-50] org.apache.catalina.core.StandardContext.startInternal Error during ServletContainerInitializer processing
	javax.servlet.ServletException: com.sun.xml.ws.transport.http.servlet.WSServletException: WSSERVLET11: Fallo al analizar el descriptor en tiempo de ejecución: java.lang.NoClassDefFoundError: jakarta/xml/ws/WebServiceFeature
		at com.sun.xml.ws.transport.http.servlet.WSServletContainerInitializer.onStartup(WSServletContainerInitializer.java:40)
		at org.apache.catalina.core.StandardContext.startInternal(StandardContext.java:4491)
		at org.apache.catalina.util.LifecycleBase.start(LifecycleBase.java:164)
		at org.apache.catalina.core.ContainerBase.addChildInternal(ContainerBase.java:599)
		at org.apache.catalina.core.ContainerBase.addChild(ContainerBase.java:571)
		at org.apache.catalina.core.StandardHost.addChild(StandardHost.java:603)
		at org.apache.catalina.startup.HostConfig.deployDescriptor(HostConfig.java:680)
		at org.apache.catalina.startup.HostConfig.deployApps(HostConfig.java:529)
		at org.apache.catalina.startup.HostConfig.check(HostConfig.java:1653)
		at java.base/jdk.internal.reflect.DirectMethodHandleAccessor.invoke(DirectMethodHandleAccessor.java:104)
		at java.base/java.lang.reflect.Method.invoke(Method.java:565)
		at org.apache.tomcat.util.modeler.BaseModelMBean.invoke(BaseModelMBean.java:252)
		at java.management/com.sun.jmx.interceptor.DefaultMBeanServerInterceptor.invoke(DefaultMBeanServerInterceptor.java:627)
		at java.management/com.sun.jmx.mbeanserver.JmxMBeanServer.invoke(JmxMBeanServer.java:790)
		at org.apache.catalina.manager.ManagerServlet.check(ManagerServlet.java:1470)
		at org.apache.catalina.manager.ManagerServlet.deploy(ManagerServlet.java:943)
		at org.apache.catalina.manager.ManagerServlet.doGet(ManagerServlet.java:307)
		at javax.servlet.http.HttpServlet.service(HttpServlet.java:529)
		at javax.servlet.http.HttpServlet.service(HttpServlet.java:623)
		at org.apache.catalina.core.ApplicationFilterChain.internalDoFilter(ApplicationFilterChain.java:199)
		at org.apache.catalina.core.ApplicationFilterChain.doFilter(ApplicationFilterChain.java:144)
		at org.apache.tomcat.websocket.server.WsFilter.doFilter(WsFilter.java:51)
		at org.apache.catalina.core.ApplicationFilterChain.internalDoFilter(ApplicationFilterChain.java:168)
		at org.apache.catalina.core.ApplicationFilterChain.doFilter(ApplicationFilterChain.java:144)
		at org.apache.catalina.filters.HttpHeaderSecurityFilter.doFilter(HttpHeaderSecurityFilter.java:129)
		at org.apache.catalina.core.ApplicationFilterChain.internalDoFilter(ApplicationFilterChain.java:168)
		at org.apache.catalina.core.ApplicationFilterChain.doFilter(ApplicationFilterChain.java:144)
		at org.apache.catalina.core.StandardWrapperValve.invoke(StandardWrapperValve.java:168)
		at org.apache.catalina.core.StandardContextValve.invoke(StandardContextValve.java:90)
		at org.apache.catalina.authenticator.AuthenticatorBase.invoke(AuthenticatorBase.java:597)
		at org.apache.catalina.valves.RequestFilterValve.process(RequestFilterValve.java:354)
		at org.apache.catalina.valves.RemoteAddrValve.invoke(RemoteAddrValve.java:54)
		at org.apache.catalina.core.StandardHostValve.invoke(StandardHostValve.java:130)
		at org.apache.catalina.valves.ErrorReportValve.invoke(ErrorReportValve.java:93)
		at org.apache.catalina.valves.AbstractAccessLogValve.invoke(AbstractAccessLogValve.java:656)
		at org.apache.catalina.core.StandardEngineValve.invoke(StandardEngineValve.java:74)
		at org.apache.catalina.connector.CoyoteAdapter.service(CoyoteAdapter.java:346)
		at org.apache.coyote.http11.Http11Processor.service(Http11Processor.java:397)
		at org.apache.coyote.AbstractProcessorLight.process(AbstractProcessorLight.java:63)
		at org.apache.coyote.AbstractProtocol$ConnectionHandler.process(AbstractProtocol.java:935)
		at org.apache.tomcat.util.net.NioEndpoint$SocketProcessor.doRun(NioEndpoint.java:1826)
		at org.apache.tomcat.util.net.SocketProcessorBase.run(SocketProcessorBase.java:52)
		at org.apache.tomcat.util.threads.ThreadPoolExecutor.runWorker(ThreadPoolExecutor.java:1189)
		at org.apache.tomcat.util.threads.ThreadPoolExecutor$Worker.run(ThreadPoolExecutor.java:658)
		at org.apache.tomcat.util.threads.TaskThread$WrappingRunnable.run(TaskThread.java:63)
		at java.base/java.lang.Thread.run(Thread.java:1447)
	Caused by: com.sun.xml.ws.transport.http.servlet.WSServletException: WSSERVLET11: Fallo al analizar el descriptor en tiempo de ejecución: java.lang.NoClassDefFoundError: jakarta/xml/ws/WebServiceFeature
		at com.sun.xml.ws.transport.http.servlet.WSServletContextListener.parseAdaptersAndCreateDelegate(WSServletContextListener.java:111)
		at com.sun.xml.ws.transport.http.servlet.WSServletContainerInitializer.onStartup(WSServletContainerInitializer.java:35)
		... 45 more
	Caused by: java.lang.NoClassDefFoundError: jakarta/xml/ws/WebServiceFeature
		at java.base/java.lang.Class.getDeclaredConstructors0(Native Method)
		at java.base/java.lang.Class.privateGetDeclaredConstructors(Class.java:3006)
		at java.base/java.lang.Class.getConstructor0(Class.java:3211)
		at java.base/java.lang.Class.getConstructor(Class.java:2201)
		at java.base/java.util.ServiceLoader.getConstructor(ServiceLoader.java:623)
		at java.base/java.util.ServiceLoader$LazyClassPathLookupIterator.hasNextService(ServiceLoader.java:1111)
		at java.base/java.util.ServiceLoader$LazyClassPathLookupIterator.hasNext(ServiceLoader.java:1142)
		at java.base/java.util.ServiceLoader$1.hasNext(ServiceLoader.java:1164)
		at java.base/java.util.ServiceLoader$2.hasNext(ServiceLoader.java:1246)
		at com.sun.xml.ws.util.ServiceFinder$CompositeIterator.hasNext(ServiceFinder.java:277)
		at com.sun.xml.ws.policy.jaxws.PolicyUtil.addServiceProviders(PolicyUtil.java:66)
		at com.sun.xml.ws.policy.jaxws.PolicyUtil.<clinit>(PolicyUtil.java:53)
		at com.sun.xml.ws.policy.jaxws.PolicyWSDLGeneratorExtension.loadConfigurators(PolicyWSDLGeneratorExtension.java:446)
		at com.sun.xml.ws.policy.jaxws.PolicyWSDLGeneratorExtension.start(PolicyWSDLGeneratorExtension.java:94)
		at com.sun.xml.ws.wsdl.writer.WSDLGeneratorExtensionFacade.start(WSDLGeneratorExtensionFacade.java:41)
		at com.sun.xml.ws.wsdl.writer.WSDLGenerator.generateDocument(WSDLGenerator.java:374)
		at com.sun.xml.ws.wsdl.writer.WSDLGenerator.doGeneration(WSDLGenerator.java:286)
		at com.sun.xml.ws.db.DatabindingImpl.generateWSDL(DatabindingImpl.java:229)
		at com.sun.xml.ws.server.EndpointFactory.generateWSDL(EndpointFactory.java:660)
		at com.sun.xml.ws.server.EndpointFactory.create(EndpointFactory.java:278)
		at com.sun.xml.ws.server.EndpointFactory.createEndpoint(EndpointFactory.java:134)
		at com.sun.xml.ws.api.server.WSEndpoint.create(WSEndpoint.java:578)
		at com.sun.xml.ws.api.server.WSEndpoint.create(WSEndpoint.java:560)
		at com.sun.xml.ws.transport.http.DeploymentDescriptorParser.parseAdapters(DeploymentDescriptorParser.java:273)
		at com.sun.xml.ws.transport.http.DeploymentDescriptorParser.parse(DeploymentDescriptorParser.java:149)
		at com.sun.xml.ws.transport.http.servlet.WSServletContextListener.parseAdaptersAndCreateDelegate(WSServletContextListener.java:101)
		... 46 more
	Caused by: java.lang.ClassNotFoundException: jakarta.xml.ws.WebServiceFeature
		at org.apache.catalina.loader.WebappClassLoaderBase.loadClass(WebappClassLoaderBase.java:1354)
		at org.apache.catalina.loader.WebappClassLoaderBase.loadClass(WebappClassLoaderBase.java:1163)
		... 72 more
13-Sep-2025 10:43:31.679 SEVERE [http-nio-8080-exec-50] org.apache.catalina.core.StandardContext.startInternal Falló en arranque del Contexto [/TrabajoenGrupo] debido a errores previos
13-Sep-2025 10:43:31.682 SEVERE [http-nio-8080-exec-50] org.apache.catalina.loader.WebappClassLoaderBase.checkThreadLocalMapForLeaks La aplicación web [TrabajoenGrupo] creó un ThreadLocal con clave del tipo [com.sun.xml.ws.api.server.ThreadLocalContainerResolver$1] (valor [com.sun.xml.ws.api.server.ThreadLocalContainerResolver$1@e968c33]) y un valor del tipo [com.sun.xml.ws.api.server.Container.NoneContainer] (valor [com.sun.xml.ws.api.server.Container$NoneContainer@6a6e206c]) pero no pudo quitarlo cuando la aplicación web se paró. Los hilos se van a renovar con el tiempo para intentar evitar in posible fallo de memoria.
13-Sep-2025 10:43:31.684 INFO [http-nio-8080-exec-50] org.apache.catalina.startup.HostConfig.deployDescriptor Deployment of deployment descriptor [C:\Users\josep\OneDrive\Documentos\Escritorio\Pro2\ProyectoProgra2\tomcat\apache-tomcat-9.0.108\conf\Catalina\localhost\TrabajoenGrupo.xml] has finished in [4.082] ms
13-Sep-2025 10:50:04.106 INFO [http-nio-8080-exec-53] org.apache.catalina.startup.HostConfig.undeploy Repliegue (undeploy) de la aplicación web que tiene como trayectoria de contexto [/ProyectoProgra2]
13-Sep-2025 10:50:04.152 INFO [http-nio-8080-exec-52] org.apache.catalina.startup.HostConfig.deployDescriptor Desplieque del descriptor de configuración [C:\Users\josep\OneDrive\Documentos\Escritorio\Pro2\ProyectoProgra2\tomcat\apache-tomcat-9.0.108\conf\Catalina\localhost\ProyectoProgra2.xml]
13-Sep-2025 10:50:04.154 WARNING [http-nio-8080-exec-52] org.apache.catalina.startup.HostConfig.deployDescriptor The path attribute with value [/ProyectoProgra2] in deployment descriptor [C:\Users\josep\OneDrive\Documentos\Escritorio\Pro2\ProyectoProgra2\tomcat\apache-tomcat-9.0.108\conf\Catalina\localhost\ProyectoProgra2.xml] has been ignored
13-Sep-2025 10:50:07.180 INFO [http-nio-8080-exec-52] org.apache.jasper.servlet.TldScanner.scanJars Al menos un JAR, que se ha explorado buscando TLDs, aún no contenía TLDs. Activar historial de depuración para este historiador para una completa lista de los JARs que fueron explorados y de los que nos se halló TLDs. Saltarse JARs no necesarios durante la exploración puede dar lugar a una mejora de tiempo significativa en el arranque y compilación de JSP .
13-Sep-2025 10:50:07.284 INFO [http-nio-8080-exec-52] org.springframework.web.context.ContextLoader.initWebApplicationContext Root WebApplicationContext: initialization started
13-Sep-2025 10:50:07.838 INFO [http-nio-8080-exec-52] org.springframework.web.context.ContextLoader.initWebApplicationContext Root WebApplicationContext initialized in 554 ms
13-Sep-2025 10:50:07.849 INFO [http-nio-8080-exec-52] org.springframework.web.servlet.FrameworkServlet.initServletBean Initializing Servlet 'dispatcher'
13-Sep-2025 10:50:08.545 INFO [http-nio-8080-exec-52] org.springframework.web.servlet.FrameworkServlet.initServletBean Completed initialization in 696 ms
13-Sep-2025 10:50:08.550 INFO [http-nio-8080-exec-52] org.apache.catalina.startup.HostConfig.deployDescriptor Deployment of deployment descriptor [C:\Users\josep\OneDrive\Documentos\Escritorio\Pro2\ProyectoProgra2\tomcat\apache-tomcat-9.0.108\conf\Catalina\localhost\ProyectoProgra2.xml] has finished in [4.398] ms
13-Sep-2025 10:50:08.553 INFO [http-nio-8080-exec-57] org.apache.catalina.util.LifecycleBase.start The start() method was called on component [StandardEngine[Catalina].StandardHost[localhost].StandardContext[/ProyectoProgra2]] after start() had already been called. The second call will be ignored.
13-Sep-2025 10:50:46.220 INFO [main] org.apache.catalina.core.StandardServer.await Se ha recibido un comando de apagado a través del puerto de apagado. Parando la instancia del Servidor.
13-Sep-2025 10:50:46.221 INFO [main] org.apache.coyote.AbstractProtocol.pause Pausing ProtocolHandler ["http-nio-8080"]
13-Sep-2025 10:50:46.241 INFO [main] org.apache.catalina.core.StandardService.stopInternal Parando servicio [Catalina]
13-Sep-2025 10:50:46.287 INFO [main] org.apache.coyote.AbstractProtocol.stop Stopping ProtocolHandler ["http-nio-8080"]
13-Sep-2025 10:50:46.301 INFO [main] org.apache.coyote.AbstractProtocol.destroy Destroying ProtocolHandler ["http-nio-8080"]
