19-Sep-2025 14:57:04.132 INFO [main] org.apache.catalina.startup.VersionLoggerListener.log Nombre de la versión del servidor: Apache Tomcat/9.0.108
19-Sep-2025 14:57:04.134 INFO [main] org.apache.catalina.startup.VersionLoggerListener.log Server built:                      Jul 31 2025 18:19:48 UTC
19-Sep-2025 14:57:04.135 INFO [main] org.apache.catalina.startup.VersionLoggerListener.log Número de versión de servidor:     9.0.108.0
19-Sep-2025 14:57:04.135 INFO [main] org.apache.catalina.startup.VersionLoggerListener.log OS Name:                           Windows 11
19-Sep-2025 14:57:04.135 INFO [main] org.apache.catalina.startup.VersionLoggerListener.log Versión de Systema Operativo:      10.0
19-Sep-2025 14:57:04.135 INFO [main] org.apache.catalina.startup.VersionLoggerListener.log Arquitectura:                      amd64
19-Sep-2025 14:57:04.135 INFO [main] org.apache.catalina.startup.VersionLoggerListener.log Java Home:                         C:\Program Files\Java\jdk-24
19-Sep-2025 14:57:04.135 INFO [main] org.apache.catalina.startup.VersionLoggerListener.log JVM Version:                       24.0.1+9-30
19-Sep-2025 14:57:04.135 INFO [main] org.apache.catalina.startup.VersionLoggerListener.log Vededor JVM:                       Oracle Corporation
19-Sep-2025 14:57:04.135 INFO [main] org.apache.catalina.startup.VersionLoggerListener.log CATALINA_BASE:                     C:\Users\josep\OneDrive\Documentos\Escritorio\Pro2\ProyectoProgra2\tomcat\apache-tomcat-9.0.108
19-Sep-2025 14:57:04.135 INFO [main] org.apache.catalina.startup.VersionLoggerListener.log CATALINA_HOME:                     C:\Users\josep\OneDrive\Documentos\Escritorio\Pro2\ProyectoProgra2\tomcat\apache-tomcat-9.0.108
19-Sep-2025 14:57:04.145 INFO [main] org.apache.catalina.startup.VersionLoggerListener.log Command line argument:             --add-opens=java.base/java.lang=ALL-UNNAMED
19-Sep-2025 14:57:04.145 INFO [main] org.apache.catalina.startup.VersionLoggerListener.log Command line argument:             --add-opens=java.base/java.lang.invoke=ALL-UNNAMED
19-Sep-2025 14:57:04.145 INFO [main] org.apache.catalina.startup.VersionLoggerListener.log Command line argument:             --add-opens=java.base/java.lang.reflect=ALL-UNNAMED
19-Sep-2025 14:57:04.145 INFO [main] org.apache.catalina.startup.VersionLoggerListener.log Command line argument:             --add-opens=java.base/java.io=ALL-UNNAMED
19-Sep-2025 14:57:04.146 INFO [main] org.apache.catalina.startup.VersionLoggerListener.log Command line argument:             --add-opens=java.base/java.util=ALL-UNNAMED
19-Sep-2025 14:57:04.146 INFO [main] org.apache.catalina.startup.VersionLoggerListener.log Command line argument:             --add-opens=java.base/java.util.concurrent=ALL-UNNAMED
19-Sep-2025 14:57:04.146 INFO [main] org.apache.catalina.startup.VersionLoggerListener.log Command line argument:             --add-opens=java.rmi/sun.rmi.transport=ALL-UNNAMED
19-Sep-2025 14:57:04.146 INFO [main] org.apache.catalina.startup.VersionLoggerListener.log Command line argument:             -Djava.util.logging.config.file=C:\Users\josep\OneDrive\Documentos\Escritorio\Pro2\ProyectoProgra2\tomcat\apache-tomcat-9.0.108\conf\logging.properties
19-Sep-2025 14:57:04.146 INFO [main] org.apache.catalina.startup.VersionLoggerListener.log Command line argument:             -Djava.util.logging.manager=org.apache.juli.ClassLoaderLogManager
19-Sep-2025 14:57:04.146 INFO [main] org.apache.catalina.startup.VersionLoggerListener.log Command line argument:             -Djdk.tls.ephemeralDHKeySize=2048
19-Sep-2025 14:57:04.146 INFO [main] org.apache.catalina.startup.VersionLoggerListener.log Command line argument:             -Djava.protocol.handler.pkgs=org.apache.catalina.webresources
19-Sep-2025 14:57:04.146 INFO [main] org.apache.catalina.startup.VersionLoggerListener.log Command line argument:             -Dsun.io.useCanonCaches=false
19-Sep-2025 14:57:04.146 INFO [main] org.apache.catalina.startup.VersionLoggerListener.log Command line argument:             -Dignore.endorsed.dirs=
19-Sep-2025 14:57:04.147 INFO [main] org.apache.catalina.startup.VersionLoggerListener.log Command line argument:             -Dcatalina.base=C:\Users\josep\OneDrive\Documentos\Escritorio\Pro2\ProyectoProgra2\tomcat\apache-tomcat-9.0.108
19-Sep-2025 14:57:04.188 INFO [main] org.apache.catalina.startup.VersionLoggerListener.log Command line argument:             -Dcatalina.home=C:\Users\josep\OneDrive\Documentos\Escritorio\Pro2\ProyectoProgra2\tomcat\apache-tomcat-9.0.108
19-Sep-2025 14:57:04.188 INFO [main] org.apache.catalina.startup.VersionLoggerListener.log Command line argument:             -Djava.io.tmpdir=C:\Users\josep\OneDrive\Documentos\Escritorio\Pro2\ProyectoProgra2\tomcat\apache-tomcat-9.0.108\temp
19-Sep-2025 14:57:04.200 INFO [main] org.apache.catalina.core.AprLifecycleListener.lifecycleEvent La biblioteca nativa de Apache Tomcat basada en ARP que permite un rendimiento óptimo en entornos de desarrollo no ha sido hallada en java.library.path: [C:\Program Files\Java\jdk-24\bin;C:\WINDOWS\Sun\Java\bin;C:\WINDOWS\system32;C:\WINDOWS;C:\app\josep\product\21c\dbhomeXE\bin;C:\Program Files\Common Files\Oracle\Java\javapath;C:\Program Files (x86)\Common Files\Oracle\Java\java8path;C:\Program Files (x86)\Common Files\Oracle\Java\javapath;C:\WINDOWS\system32;C:\WINDOWS;C:\WINDOWS\System32\Wbem;C:\WINDOWS\System32\WindowsPowerShell\v1.0\;C:\WINDOWS\System32\OpenSSH\;C:\Program Files (x86)\NVIDIA Corporation\PhysX\Common;C:\Program Files\dotnet\;C:\Program Files\Git\cmd;C:\Program Files (x86)\Microsoft SQL Server\160\Tools\Binn\;C:\Program Files\Microsoft SQL Server\160\Tools\Binn\;C:\Program Files\Microsoft SQL Server\Client SDK\ODBC\170\Tools\Binn\;C:\Program Files\Microsoft SQL Server\160\DTS\Binn\;C:\Program Files (x86)\Microsoft SQL Server\160\DTS\Binn\;C:\Flutter\flutter\bin;C:\Program Files\Microsoft SQL Server\150\Tools\Binn\;C:\Program Files\NVIDIA Corporation\NVIDIA app\NvDLISR;C:\Program Files\nodejs\;C:\Program Files\Microsoft SQL Server\130\Tools\Binn\;C:\Program Files\Docker\Docker\resources\bin;C:\Program Files\MySQL\MySQL Shell 8.0\bin\;C:\Users\josep\AppData\Local\Microsoft\WindowsApps;C:\Users\josep\AppData\Local\Programs\Microsoft VS Code\bin;C:\Users\josep\AppData\Local\GitHubDesktop\bin;C:\Users\josep\AppData\Local\gitkraken\bin;C:\Users\josep\AppData\Roaming\TinyTeX\bin\windows;C:\Flutter\flutter\bin;C:\Users\josep\AppData\Local\Microsoft\WinGet\Packages\Schniz.fnm_Microsoft.Winget.Source_8wekyb3d8bbwe;C:\Users\josep\AppData\Local\Microsoft\WindowsApps;C:\Users\josep\AppData\Local\Programs\Windsurf\bin;C:\Users\josep\.dotnet\tools;C:\Users\josep\AppData\Roaming\npm;.]
19-Sep-2025 14:57:04.609 INFO [main] org.apache.coyote.AbstractProtocol.init Inicializando el manejador de protocolo ["http-nio-8080"]

19-Sep-2025 14:57:04.655 INFO [main] org.apache.catalina.startup.Catalina.load Server initialization in [792] milliseconds
19-Sep-2025 14:57:04.746 INFO [main] org.apache.catalina.core.StandardService.startInternal Arrancando servicio [Catalina]
19-Sep-2025 14:57:04.747 INFO [main] org.apache.catalina.core.StandardEngine.startInternal Starting Servlet engine: [Apache Tomcat/9.0.108]
19-Sep-2025 14:57:04.759 INFO [main] org.apache.catalina.startup.HostConfig.deployDescriptor Desplieque del descriptor de configuración [C:\Users\josep\OneDrive\Documentos\Escritorio\Pro2\ProyectoProgra2\tomcat\apache-tomcat-9.0.108\conf\Catalina\localhost\Citas.xml]
19-Sep-2025 14:57:04.777 WARNING [main] org.apache.catalina.startup.HostConfig.deployDescriptor The path attribute with value [/Citas] in deployment descriptor [C:\Users\josep\OneDrive\Documentos\Escritorio\Pro2\ProyectoProgra2\tomcat\apache-tomcat-9.0.108\conf\Catalina\localhost\Citas.xml] has been ignored
19-Sep-2025 14:57:06.984 INFO [main] org.apache.jasper.servlet.TldScanner.scanJars Al menos un JAR, que se ha explorado buscando TLDs, aún no contenía TLDs. Activar historial de depuración para este historiador para una completa lista de los JARs que fueron explorados y de los que nos se halló TLDs. Saltarse JARs no necesarios durante la exploración puede dar lugar a una mejora de tiempo significativa en el arranque y compilación de JSP .
19-Sep-2025 14:57:08.745 INFO [main] com.sun.xml.ws.transport.http.servlet.WSServletDelegate.<init> WSSERVLET14: inicializando el servlet de JAX-WS
19-Sep-2025 14:57:08.750 INFO [main] com.sun.xml.ws.transport.http.servlet.WSServletContextListener.contextInitialized WSSERVLET12: inicializando el listener de contexto de JAX-WS
19-Sep-2025 14:57:08.750 INFO [main] com.sun.xml.ws.transport.http.servlet.WSServletContextListener.contextInitialized WSSERVLET12: inicializando el listener de contexto de JAX-WS
19-Sep-2025 14:57:08.798 INFO [main] org.apache.catalina.startup.HostConfig.deployDescriptor Deployment of deployment descriptor [C:\Users\josep\OneDrive\Documentos\Escritorio\Pro2\ProyectoProgra2\tomcat\apache-tomcat-9.0.108\conf\Catalina\localhost\Citas.xml] has finished in [4.034] ms
19-Sep-2025 14:57:08.798 INFO [main] org.apache.catalina.startup.HostConfig.deployDescriptor Desplieque del descriptor de configuración [C:\Users\josep\OneDrive\Documentos\Escritorio\Pro2\ProyectoProgra2\tomcat\apache-tomcat-9.0.108\conf\Catalina\localhost\ProyectoProgra2.xml]
19-Sep-2025 14:57:08.800 WARNING [main] org.apache.catalina.startup.HostConfig.deployDescriptor The path attribute with value [/ProyectoProgra2] in deployment descriptor [C:\Users\josep\OneDrive\Documentos\Escritorio\Pro2\ProyectoProgra2\tomcat\apache-tomcat-9.0.108\conf\Catalina\localhost\ProyectoProgra2.xml] has been ignored
19-Sep-2025 14:57:08.809 SEVERE [main] org.apache.catalina.startup.HostConfig.deployDescriptor Error durante el despliegue del descriptor de configuración [C:\Users\josep\OneDrive\Documentos\Escritorio\Pro2\ProyectoProgra2\tomcat\apache-tomcat-9.0.108\conf\Catalina\localhost\ProyectoProgra2.xml]
	java.lang.IllegalStateException: Error starting child
		at org.apache.catalina.core.ContainerBase.addChildInternal(ContainerBase.java:602)
		at org.apache.catalina.core.ContainerBase.addChild(ContainerBase.java:571)
		at org.apache.catalina.core.StandardHost.addChild(StandardHost.java:603)
		at org.apache.catalina.startup.HostConfig.deployDescriptor(HostConfig.java:680)
		at org.apache.catalina.startup.HostConfig$DeployDescriptor.run(HostConfig.java:1839)
		at java.base/java.util.concurrent.Executors$RunnableAdapter.call(Executors.java:545)
		at java.base/java.util.concurrent.FutureTask.run(FutureTask.java:328)
		at org.apache.tomcat.util.threads.InlineExecutorService.execute(InlineExecutorService.java:76)
		at java.base/java.util.concurrent.AbstractExecutorService.submit(AbstractExecutorService.java:124)
		at org.apache.catalina.startup.HostConfig.deployDescriptors(HostConfig.java:575)
		at org.apache.catalina.startup.HostConfig.deployApps(HostConfig.java:466)
		at org.apache.catalina.startup.HostConfig.start(HostConfig.java:1579)
		at org.apache.catalina.startup.HostConfig.lifecycleEvent(HostConfig.java:312)
		at org.apache.catalina.util.LifecycleBase.fireLifecycleEvent(LifecycleBase.java:109)
		at org.apache.catalina.util.LifecycleBase.setStateInternal(LifecycleBase.java:389)
		at org.apache.catalina.util.LifecycleBase.setState(LifecycleBase.java:336)
		at org.apache.catalina.core.ContainerBase.startInternal(ContainerBase.java:776)
		at org.apache.catalina.core.StandardHost.startInternal(StandardHost.java:721)
		at org.apache.catalina.util.LifecycleBase.start(LifecycleBase.java:164)
		at org.apache.catalina.core.ContainerBase$StartChild.call(ContainerBase.java:1203)
		at org.apache.catalina.core.ContainerBase$StartChild.call(ContainerBase.java:1193)
		at java.base/java.util.concurrent.FutureTask.run(FutureTask.java:328)
		at org.apache.tomcat.util.threads.InlineExecutorService.execute(InlineExecutorService.java:76)
		at java.base/java.util.concurrent.AbstractExecutorService.submit(AbstractExecutorService.java:148)
		at org.apache.catalina.core.ContainerBase.startInternal(ContainerBase.java:749)
		at org.apache.catalina.core.StandardEngine.startInternal(StandardEngine.java:211)
		at org.apache.catalina.util.LifecycleBase.start(LifecycleBase.java:164)
		at org.apache.catalina.core.StandardService.startInternal(StandardService.java:412)
		at org.apache.catalina.util.LifecycleBase.start(LifecycleBase.java:164)
		at org.apache.catalina.core.StandardServer.startInternal(StandardServer.java:874)
		at org.apache.catalina.util.LifecycleBase.start(LifecycleBase.java:164)
		at org.apache.catalina.startup.Catalina.start(Catalina.java:739)
		at java.base/jdk.internal.reflect.DirectMethodHandleAccessor.invoke(DirectMethodHandleAccessor.java:104)
		at java.base/java.lang.reflect.Method.invoke(Method.java:565)
		at org.apache.catalina.startup.Bootstrap.start(Bootstrap.java:345)
		at org.apache.catalina.startup.Bootstrap.main(Bootstrap.java:476)
	Caused by: org.apache.catalina.LifecycleException: Failed to start component [org.apache.catalina.webresources.StandardRoot@68de8522]
		at org.apache.catalina.util.LifecycleBase.handleSubClassException(LifecycleBase.java:406)
		at org.apache.catalina.util.LifecycleBase.start(LifecycleBase.java:179)
		at org.apache.catalina.core.StandardContext.resourcesStart(StandardContext.java:4172)
		at org.apache.catalina.core.StandardContext.startInternal(StandardContext.java:4294)
		at org.apache.catalina.util.LifecycleBase.start(LifecycleBase.java:164)
		at org.apache.catalina.core.ContainerBase.addChildInternal(ContainerBase.java:599)
		... 35 more
	Caused by: java.lang.IllegalArgumentException: The main resource set specified [C:\Users\josep\OneDrive\Documentos\Escritorio\Pro2\ProyectoProgra2\ProyectoProgra2\build\web] is not a directory or war file, or is not readable (it does not exist or permissions to access it are missing)
		at org.apache.catalina.webresources.StandardRoot.createMainResourceSet(StandardRoot.java:758)
		at org.apache.catalina.webresources.StandardRoot.startInternal(StandardRoot.java:715)
		at org.apache.catalina.util.LifecycleBase.start(LifecycleBase.java:164)
		... 39 more
19-Sep-2025 14:57:08.834 INFO [main] org.apache.catalina.startup.HostConfig.deployDescriptor Deployment of deployment descriptor [C:\Users\josep\OneDrive\Documentos\Escritorio\Pro2\ProyectoProgra2\tomcat\apache-tomcat-9.0.108\conf\Catalina\localhost\ProyectoProgra2.xml] has finished in [34] ms
19-Sep-2025 14:57:08.834 INFO [main] org.apache.catalina.startup.HostConfig.deployDescriptor Desplieque del descriptor de configuración [C:\Users\josep\OneDrive\Documentos\Escritorio\Pro2\ProyectoProgra2\tomcat\apache-tomcat-9.0.108\conf\Catalina\localhost\TrabajoenGrupo.xml]
19-Sep-2025 14:57:08.836 WARNING [main] org.apache.catalina.startup.HostConfig.deployDescriptor The path attribute with value [/TrabajoenGrupo] in deployment descriptor [C:\Users\josep\OneDrive\Documentos\Escritorio\Pro2\ProyectoProgra2\tomcat\apache-tomcat-9.0.108\conf\Catalina\localhost\TrabajoenGrupo.xml] has been ignored
19-Sep-2025 14:57:08.844 SEVERE [main] org.apache.catalina.startup.HostConfig.deployDescriptor Error durante el despliegue del descriptor de configuración [C:\Users\josep\OneDrive\Documentos\Escritorio\Pro2\ProyectoProgra2\tomcat\apache-tomcat-9.0.108\conf\Catalina\localhost\TrabajoenGrupo.xml]
	java.lang.IllegalStateException: Error starting child
		at org.apache.catalina.core.ContainerBase.addChildInternal(ContainerBase.java:602)
		at org.apache.catalina.core.ContainerBase.addChild(ContainerBase.java:571)
		at org.apache.catalina.core.StandardHost.addChild(StandardHost.java:603)
		at org.apache.catalina.startup.HostConfig.deployDescriptor(HostConfig.java:680)
		at org.apache.catalina.startup.HostConfig$DeployDescriptor.run(HostConfig.java:1839)
		at java.base/java.util.concurrent.Executors$RunnableAdapter.call(Executors.java:545)
		at java.base/java.util.concurrent.FutureTask.run(FutureTask.java:328)
		at org.apache.tomcat.util.threads.InlineExecutorService.execute(InlineExecutorService.java:76)
		at java.base/java.util.concurrent.AbstractExecutorService.submit(AbstractExecutorService.java:124)
		at org.apache.catalina.startup.HostConfig.deployDescriptors(HostConfig.java:575)
		at org.apache.catalina.startup.HostConfig.deployApps(HostConfig.java:466)
		at org.apache.catalina.startup.HostConfig.start(HostConfig.java:1579)
		at org.apache.catalina.startup.HostConfig.lifecycleEvent(HostConfig.java:312)
		at org.apache.catalina.util.LifecycleBase.fireLifecycleEvent(LifecycleBase.java:109)
		at org.apache.catalina.util.LifecycleBase.setStateInternal(LifecycleBase.java:389)
		at org.apache.catalina.util.LifecycleBase.setState(LifecycleBase.java:336)
		at org.apache.catalina.core.ContainerBase.startInternal(ContainerBase.java:776)
		at org.apache.catalina.core.StandardHost.startInternal(StandardHost.java:721)
		at org.apache.catalina.util.LifecycleBase.start(LifecycleBase.java:164)
		at org.apache.catalina.core.ContainerBase$StartChild.call(ContainerBase.java:1203)
		at org.apache.catalina.core.ContainerBase$StartChild.call(ContainerBase.java:1193)
		at java.base/java.util.concurrent.FutureTask.run(FutureTask.java:328)
		at org.apache.tomcat.util.threads.InlineExecutorService.execute(InlineExecutorService.java:76)
		at java.base/java.util.concurrent.AbstractExecutorService.submit(AbstractExecutorService.java:148)
		at org.apache.catalina.core.ContainerBase.startInternal(ContainerBase.java:749)
		at org.apache.catalina.core.StandardEngine.startInternal(StandardEngine.java:211)
		at org.apache.catalina.util.LifecycleBase.start(LifecycleBase.java:164)
		at org.apache.catalina.core.StandardService.startInternal(StandardService.java:412)
		at org.apache.catalina.util.LifecycleBase.start(LifecycleBase.java:164)
		at org.apache.catalina.core.StandardServer.startInternal(StandardServer.java:874)
		at org.apache.catalina.util.LifecycleBase.start(LifecycleBase.java:164)
		at org.apache.catalina.startup.Catalina.start(Catalina.java:739)
		at java.base/jdk.internal.reflect.DirectMethodHandleAccessor.invoke(DirectMethodHandleAccessor.java:104)
		at java.base/java.lang.reflect.Method.invoke(Method.java:565)
		at org.apache.catalina.startup.Bootstrap.start(Bootstrap.java:345)
		at org.apache.catalina.startup.Bootstrap.main(Bootstrap.java:476)
	Caused by: org.apache.catalina.LifecycleException: Failed to start component [org.apache.catalina.webresources.StandardRoot@238280df]
		at org.apache.catalina.util.LifecycleBase.handleSubClassException(LifecycleBase.java:406)
		at org.apache.catalina.util.LifecycleBase.start(LifecycleBase.java:179)
		at org.apache.catalina.core.StandardContext.resourcesStart(StandardContext.java:4172)
		at org.apache.catalina.core.StandardContext.startInternal(StandardContext.java:4294)
		at org.apache.catalina.util.LifecycleBase.start(LifecycleBase.java:164)
		at org.apache.catalina.core.ContainerBase.addChildInternal(ContainerBase.java:599)
		... 35 more
	Caused by: java.lang.IllegalArgumentException: The main resource set specified [C:\Users\josep\OneDrive\Documentos\Escritorio\Pro2\ProyectoProgra2\TrabajoenGrupo\build\web] is not a directory or war file, or is not readable (it does not exist or permissions to access it are missing)
		at org.apache.catalina.webresources.StandardRoot.createMainResourceSet(StandardRoot.java:758)
		at org.apache.catalina.webresources.StandardRoot.startInternal(StandardRoot.java:715)
		at org.apache.catalina.util.LifecycleBase.start(LifecycleBase.java:164)
		... 39 more
19-Sep-2025 14:57:09.043 INFO [main] org.apache.catalina.startup.HostConfig.deployDescriptor Deployment of deployment descriptor [C:\Users\josep\OneDrive\Documentos\Escritorio\Pro2\ProyectoProgra2\tomcat\apache-tomcat-9.0.108\conf\Catalina\localhost\TrabajoenGrupo.xml] has finished in [209] ms
19-Sep-2025 14:57:09.045 INFO [main] org.apache.catalina.startup.HostConfig.deployDirectory Desplegando el directorio [C:\Users\josep\OneDrive\Documentos\Escritorio\Pro2\ProyectoProgra2\tomcat\apache-tomcat-9.0.108\webapps\docs] de la aplicación web
19-Sep-2025 14:57:09.111 INFO [main] org.apache.catalina.startup.HostConfig.deployDirectory Deployment of web application directory [C:\Users\josep\OneDrive\Documentos\Escritorio\Pro2\ProyectoProgra2\tomcat\apache-tomcat-9.0.108\webapps\docs] has finished in [66] ms
19-Sep-2025 14:57:09.112 INFO [main] org.apache.catalina.startup.HostConfig.deployDirectory Desplegando el directorio [C:\Users\josep\OneDrive\Documentos\Escritorio\Pro2\ProyectoProgra2\tomcat\apache-tomcat-9.0.108\webapps\examples] de la aplicación web
19-Sep-2025 14:57:09.771 INFO [main] org.apache.catalina.startup.HostConfig.deployDirectory Deployment of web application directory [C:\Users\josep\OneDrive\Documentos\Escritorio\Pro2\ProyectoProgra2\tomcat\apache-tomcat-9.0.108\webapps\examples] has finished in [660] ms
19-Sep-2025 14:57:09.771 INFO [main] org.apache.catalina.startup.HostConfig.deployDirectory Desplegando el directorio [C:\Users\josep\OneDrive\Documentos\Escritorio\Pro2\ProyectoProgra2\tomcat\apache-tomcat-9.0.108\webapps\host-manager] de la aplicación web
19-Sep-2025 14:57:09.828 INFO [main] org.apache.catalina.startup.HostConfig.deployDirectory Deployment of web application directory [C:\Users\josep\OneDrive\Documentos\Escritorio\Pro2\ProyectoProgra2\tomcat\apache-tomcat-9.0.108\webapps\host-manager] has finished in [57] ms
19-Sep-2025 14:57:09.828 INFO [main] org.apache.catalina.startup.HostConfig.deployDirectory Desplegando el directorio [C:\Users\josep\OneDrive\Documentos\Escritorio\Pro2\ProyectoProgra2\tomcat\apache-tomcat-9.0.108\webapps\manager] de la aplicación web
19-Sep-2025 14:57:09.882 INFO [main] org.apache.catalina.startup.HostConfig.deployDirectory Deployment of web application directory [C:\Users\josep\OneDrive\Documentos\Escritorio\Pro2\ProyectoProgra2\tomcat\apache-tomcat-9.0.108\webapps\manager] has finished in [52] ms
19-Sep-2025 14:57:09.882 INFO [main] org.apache.catalina.startup.HostConfig.deployDirectory Desplegando el directorio [C:\Users\josep\OneDrive\Documentos\Escritorio\Pro2\ProyectoProgra2\tomcat\apache-tomcat-9.0.108\webapps\ROOT] de la aplicación web
19-Sep-2025 14:57:09.927 INFO [main] org.apache.catalina.startup.HostConfig.deployDirectory Deployment of web application directory [C:\Users\josep\OneDrive\Documentos\Escritorio\Pro2\ProyectoProgra2\tomcat\apache-tomcat-9.0.108\webapps\ROOT] has finished in [44] ms
19-Sep-2025 14:57:09.932 INFO [main] org.apache.coyote.AbstractProtocol.start Starting ProtocolHandler ["http-nio-8080"]
19-Sep-2025 14:57:09.975 INFO [main] org.apache.catalina.startup.Catalina.start Server startup in [5315] milliseconds
19-Sep-2025 14:57:22.787 INFO [http-nio-8080-exec-5] com.sun.xml.ws.transport.http.servlet.WSServletDelegate.destroy WSSERVLET15: el servlet de JAX-WS se ha destruido
19-Sep-2025 14:57:22.796 INFO [http-nio-8080-exec-5] com.sun.xml.ws.transport.http.servlet.WSServletContextListener.contextDestroyed WSSERVLET13: el listener de contexto de JAX-WS se ha destruido
19-Sep-2025 14:57:22.796 INFO [http-nio-8080-exec-5] com.sun.xml.ws.transport.http.servlet.WSServletContextListener.contextDestroyed WSSERVLET13: el listener de contexto de JAX-WS se ha destruido
19-Sep-2025 14:57:22.800 SEVERE [http-nio-8080-exec-5] org.apache.catalina.loader.WebappClassLoaderBase.checkThreadLocalMapForLeaks La aplicación web [Citas] creó un ThreadLocal con clave del tipo [com.sun.xml.ws.api.server.ThreadLocalContainerResolver$1] (valor [com.sun.xml.ws.api.server.ThreadLocalContainerResolver$1@1e50fb9c]) y un valor del tipo [com.sun.xml.ws.api.server.Container.NoneContainer] (valor [com.sun.xml.ws.api.server.Container$NoneContainer@711db420]) pero no pudo quitarlo cuando la aplicación web se paró. Los hilos se van a renovar con el tiempo para intentar evitar in posible fallo de memoria.
19-Sep-2025 14:57:23.310 INFO [http-nio-8080-exec-5] org.apache.catalina.startup.HostConfig.undeploy Repliegue (undeploy) de la aplicación web que tiene como trayectoria de contexto [/Citas]
19-Sep-2025 14:57:29.543 INFO [http-nio-8080-exec-8] org.apache.catalina.startup.HostConfig.deployDescriptor Desplieque del descriptor de configuración [C:\Users\josep\OneDrive\Documentos\Escritorio\Pro2\ProyectoProgra2\tomcat\apache-tomcat-9.0.108\conf\Catalina\localhost\Citas.xml]
19-Sep-2025 14:57:29.545 WARNING [http-nio-8080-exec-8] org.apache.catalina.startup.HostConfig.deployDescriptor The path attribute with value [/Citas] in deployment descriptor [C:\Users\josep\OneDrive\Documentos\Escritorio\Pro2\ProyectoProgra2\tomcat\apache-tomcat-9.0.108\conf\Catalina\localhost\Citas.xml] has been ignored
19-Sep-2025 14:57:30.890 INFO [http-nio-8080-exec-8] org.apache.jasper.servlet.TldScanner.scanJars Al menos un JAR, que se ha explorado buscando TLDs, aún no contenía TLDs. Activar historial de depuración para este historiador para una completa lista de los JARs que fueron explorados y de los que nos se halló TLDs. Saltarse JARs no necesarios durante la exploración puede dar lugar a una mejora de tiempo significativa en el arranque y compilación de JSP .
19-Sep-2025 14:57:32.476 INFO [http-nio-8080-exec-8] com.sun.xml.ws.transport.http.servlet.WSServletDelegate.<init> WSSERVLET14: inicializando el servlet de JAX-WS
19-Sep-2025 14:57:32.477 INFO [http-nio-8080-exec-8] com.sun.xml.ws.transport.http.servlet.WSServletContextListener.contextInitialized WSSERVLET12: inicializando el listener de contexto de JAX-WS
19-Sep-2025 14:57:32.478 INFO [http-nio-8080-exec-8] com.sun.xml.ws.transport.http.servlet.WSServletContextListener.contextInitialized WSSERVLET12: inicializando el listener de contexto de JAX-WS
19-Sep-2025 14:57:32.484 INFO [http-nio-8080-exec-8] org.apache.catalina.startup.HostConfig.deployDescriptor Deployment of deployment descriptor [C:\Users\josep\OneDrive\Documentos\Escritorio\Pro2\ProyectoProgra2\tomcat\apache-tomcat-9.0.108\conf\Catalina\localhost\Citas.xml] has finished in [2.941] ms
19-Sep-2025 14:57:32.488 INFO [http-nio-8080-exec-4] org.apache.catalina.util.LifecycleBase.start The start() method was called on component [StandardEngine[Catalina].StandardHost[localhost].StandardContext[/Citas]] after start() had already been called. The second call will be ignored.
19-Sep-2025 14:59:31.677 INFO [http-nio-8080-exec-15] org.apache.catalina.core.StandardContext.reload Ha comenzado la recarga de Contexto [/Citas]
19-Sep-2025 14:59:31.677 INFO [http-nio-8080-exec-15] com.sun.xml.ws.transport.http.servlet.WSServletDelegate.destroy WSSERVLET15: el servlet de JAX-WS se ha destruido
19-Sep-2025 14:59:31.685 INFO [http-nio-8080-exec-15] com.sun.xml.ws.transport.http.servlet.WSServletContextListener.contextDestroyed WSSERVLET13: el listener de contexto de JAX-WS se ha destruido
19-Sep-2025 14:59:31.685 INFO [http-nio-8080-exec-15] com.sun.xml.ws.transport.http.servlet.WSServletContextListener.contextDestroyed WSSERVLET13: el listener de contexto de JAX-WS se ha destruido
19-Sep-2025 14:59:33.220 INFO [http-nio-8080-exec-15] org.apache.jasper.servlet.TldScanner.scanJars Al menos un JAR, que se ha explorado buscando TLDs, aún no contenía TLDs. Activar historial de depuración para este historiador para una completa lista de los JARs que fueron explorados y de los que nos se halló TLDs. Saltarse JARs no necesarios durante la exploración puede dar lugar a una mejora de tiempo significativa en el arranque y compilación de JSP .
19-Sep-2025 14:59:34.688 INFO [http-nio-8080-exec-15] com.sun.xml.ws.transport.http.servlet.WSServletDelegate.<init> WSSERVLET14: inicializando el servlet de JAX-WS
19-Sep-2025 14:59:34.688 INFO [http-nio-8080-exec-15] com.sun.xml.ws.transport.http.servlet.WSServletContextListener.contextInitialized WSSERVLET12: inicializando el listener de contexto de JAX-WS
19-Sep-2025 14:59:34.688 INFO [http-nio-8080-exec-15] com.sun.xml.ws.transport.http.servlet.WSServletContextListener.contextInitialized WSSERVLET12: inicializando el listener de contexto de JAX-WS
19-Sep-2025 14:59:34.696 INFO [http-nio-8080-exec-15] org.apache.catalina.core.StandardContext.reload Se ha completado la recarga de este Contexto
19-Sep-2025 14:59:59.512 INFO [http-nio-8080-exec-11] org.apache.catalina.core.StandardContext.reload Ha comenzado la recarga de Contexto [/Citas]
19-Sep-2025 14:59:59.512 INFO [http-nio-8080-exec-11] com.sun.xml.ws.transport.http.servlet.WSServletDelegate.destroy WSSERVLET15: el servlet de JAX-WS se ha destruido
19-Sep-2025 14:59:59.517 INFO [http-nio-8080-exec-11] com.sun.xml.ws.transport.http.servlet.WSServletContextListener.contextDestroyed WSSERVLET13: el listener de contexto de JAX-WS se ha destruido
19-Sep-2025 14:59:59.517 INFO [http-nio-8080-exec-11] com.sun.xml.ws.transport.http.servlet.WSServletContextListener.contextDestroyed WSSERVLET13: el listener de contexto de JAX-WS se ha destruido
19-Sep-2025 15:00:00.820 INFO [http-nio-8080-exec-11] org.apache.jasper.servlet.TldScanner.scanJars Al menos un JAR, que se ha explorado buscando TLDs, aún no contenía TLDs. Activar historial de depuración para este historiador para una completa lista de los JARs que fueron explorados y de los que nos se halló TLDs. Saltarse JARs no necesarios durante la exploración puede dar lugar a una mejora de tiempo significativa en el arranque y compilación de JSP .
19-Sep-2025 15:00:02.653 INFO [http-nio-8080-exec-11] com.sun.xml.ws.transport.http.servlet.WSServletDelegate.<init> WSSERVLET14: inicializando el servlet de JAX-WS
19-Sep-2025 15:00:02.653 INFO [http-nio-8080-exec-11] com.sun.xml.ws.transport.http.servlet.WSServletContextListener.contextInitialized WSSERVLET12: inicializando el listener de contexto de JAX-WS
19-Sep-2025 15:00:02.654 INFO [http-nio-8080-exec-11] com.sun.xml.ws.transport.http.servlet.WSServletContextListener.contextInitialized WSSERVLET12: inicializando el listener de contexto de JAX-WS
19-Sep-2025 15:00:02.662 INFO [http-nio-8080-exec-11] org.apache.catalina.core.StandardContext.reload Se ha completado la recarga de este Contexto
19-Sep-2025 15:00:03.000 INFO [http-nio-8080-exec-19] org.apache.catalina.core.StandardContext.reload Ha comenzado la recarga de Contexto [/Citas]
19-Sep-2025 15:00:03.001 INFO [http-nio-8080-exec-19] com.sun.xml.ws.transport.http.servlet.WSServletDelegate.destroy WSSERVLET15: el servlet de JAX-WS se ha destruido
19-Sep-2025 15:00:03.006 INFO [http-nio-8080-exec-19] com.sun.xml.ws.transport.http.servlet.WSServletContextListener.contextDestroyed WSSERVLET13: el listener de contexto de JAX-WS se ha destruido
19-Sep-2025 15:00:03.006 INFO [http-nio-8080-exec-19] com.sun.xml.ws.transport.http.servlet.WSServletContextListener.contextDestroyed WSSERVLET13: el listener de contexto de JAX-WS se ha destruido
19-Sep-2025 15:00:04.138 INFO [http-nio-8080-exec-19] org.apache.jasper.servlet.TldScanner.scanJars Al menos un JAR, que se ha explorado buscando TLDs, aún no contenía TLDs. Activar historial de depuración para este historiador para una completa lista de los JARs que fueron explorados y de los que nos se halló TLDs. Saltarse JARs no necesarios durante la exploración puede dar lugar a una mejora de tiempo significativa en el arranque y compilación de JSP .
19-Sep-2025 15:00:05.578 INFO [http-nio-8080-exec-19] com.sun.xml.ws.transport.http.servlet.WSServletDelegate.<init> WSSERVLET14: inicializando el servlet de JAX-WS
19-Sep-2025 15:00:05.579 INFO [http-nio-8080-exec-19] com.sun.xml.ws.transport.http.servlet.WSServletContextListener.contextInitialized WSSERVLET12: inicializando el listener de contexto de JAX-WS
19-Sep-2025 15:00:05.580 INFO [http-nio-8080-exec-19] com.sun.xml.ws.transport.http.servlet.WSServletContextListener.contextInitialized WSSERVLET12: inicializando el listener de contexto de JAX-WS
19-Sep-2025 15:00:05.588 INFO [http-nio-8080-exec-19] org.apache.catalina.core.StandardContext.reload Se ha completado la recarga de este Contexto
19-Sep-2025 15:00:43.227 INFO [http-nio-8080-exec-25] com.sun.xml.ws.transport.http.servlet.WSServletDelegate.destroy WSSERVLET15: el servlet de JAX-WS se ha destruido
19-Sep-2025 15:00:43.232 INFO [http-nio-8080-exec-25] com.sun.xml.ws.transport.http.servlet.WSServletContextListener.contextDestroyed WSSERVLET13: el listener de contexto de JAX-WS se ha destruido
19-Sep-2025 15:00:43.232 INFO [http-nio-8080-exec-25] com.sun.xml.ws.transport.http.servlet.WSServletContextListener.contextDestroyed WSSERVLET13: el listener de contexto de JAX-WS se ha destruido
19-Sep-2025 15:00:43.737 INFO [http-nio-8080-exec-25] org.apache.catalina.startup.HostConfig.undeploy Repliegue (undeploy) de la aplicación web que tiene como trayectoria de contexto [/Citas]
19-Sep-2025 15:00:48.606 INFO [http-nio-8080-exec-17] org.apache.catalina.startup.HostConfig.deployDescriptor Desplieque del descriptor de configuración [C:\Users\josep\OneDrive\Documentos\Escritorio\Pro2\ProyectoProgra2\tomcat\apache-tomcat-9.0.108\conf\Catalina\localhost\Citas.xml]
19-Sep-2025 15:00:48.607 WARNING [http-nio-8080-exec-17] org.apache.catalina.startup.HostConfig.deployDescriptor The path attribute with value [/Citas] in deployment descriptor [C:\Users\josep\OneDrive\Documentos\Escritorio\Pro2\ProyectoProgra2\tomcat\apache-tomcat-9.0.108\conf\Catalina\localhost\Citas.xml] has been ignored
19-Sep-2025 15:00:49.708 INFO [http-nio-8080-exec-17] org.apache.jasper.servlet.TldScanner.scanJars Al menos un JAR, que se ha explorado buscando TLDs, aún no contenía TLDs. Activar historial de depuración para este historiador para una completa lista de los JARs que fueron explorados y de los que nos se halló TLDs. Saltarse JARs no necesarios durante la exploración puede dar lugar a una mejora de tiempo significativa en el arranque y compilación de JSP .
19-Sep-2025 15:00:51.134 INFO [http-nio-8080-exec-17] com.sun.xml.ws.transport.http.servlet.WSServletDelegate.<init> WSSERVLET14: inicializando el servlet de JAX-WS
19-Sep-2025 15:00:51.136 INFO [http-nio-8080-exec-17] com.sun.xml.ws.transport.http.servlet.WSServletContextListener.contextInitialized WSSERVLET12: inicializando el listener de contexto de JAX-WS
19-Sep-2025 15:00:51.136 INFO [http-nio-8080-exec-17] com.sun.xml.ws.transport.http.servlet.WSServletContextListener.contextInitialized WSSERVLET12: inicializando el listener de contexto de JAX-WS
19-Sep-2025 15:00:51.140 INFO [http-nio-8080-exec-17] org.apache.catalina.startup.HostConfig.deployDescriptor Deployment of deployment descriptor [C:\Users\josep\OneDrive\Documentos\Escritorio\Pro2\ProyectoProgra2\tomcat\apache-tomcat-9.0.108\conf\Catalina\localhost\Citas.xml] has finished in [2.534] ms
19-Sep-2025 15:00:51.144 INFO [http-nio-8080-exec-24] org.apache.catalina.util.LifecycleBase.start The start() method was called on component [StandardEngine[Catalina].StandardHost[localhost].StandardContext[/Citas]] after start() had already been called. The second call will be ignored.
19-Sep-2025 15:06:47.110 INFO [http-nio-8080-exec-32] com.sun.xml.ws.transport.http.servlet.WSServletDelegate.destroy WSSERVLET15: el servlet de JAX-WS se ha destruido
19-Sep-2025 15:06:47.117 INFO [http-nio-8080-exec-32] com.sun.xml.ws.transport.http.servlet.WSServletContextListener.contextDestroyed WSSERVLET13: el listener de contexto de JAX-WS se ha destruido
19-Sep-2025 15:06:47.118 INFO [http-nio-8080-exec-32] com.sun.xml.ws.transport.http.servlet.WSServletContextListener.contextDestroyed WSSERVLET13: el listener de contexto de JAX-WS se ha destruido
19-Sep-2025 15:06:47.626 INFO [http-nio-8080-exec-32] org.apache.catalina.startup.HostConfig.undeploy Repliegue (undeploy) de la aplicación web que tiene como trayectoria de contexto [/Citas]
19-Sep-2025 15:06:55.567 INFO [http-nio-8080-exec-38] org.apache.catalina.startup.HostConfig.deployDescriptor Desplieque del descriptor de configuración [C:\Users\josep\OneDrive\Documentos\Escritorio\Pro2\ProyectoProgra2\tomcat\apache-tomcat-9.0.108\conf\Catalina\localhost\Citas.xml]
19-Sep-2025 15:06:55.570 WARNING [http-nio-8080-exec-38] org.apache.catalina.startup.HostConfig.deployDescriptor The path attribute with value [/Citas] in deployment descriptor [C:\Users\josep\OneDrive\Documentos\Escritorio\Pro2\ProyectoProgra2\tomcat\apache-tomcat-9.0.108\conf\Catalina\localhost\Citas.xml] has been ignored
19-Sep-2025 15:06:56.705 INFO [http-nio-8080-exec-38] org.apache.jasper.servlet.TldScanner.scanJars Al menos un JAR, que se ha explorado buscando TLDs, aún no contenía TLDs. Activar historial de depuración para este historiador para una completa lista de los JARs que fueron explorados y de los que nos se halló TLDs. Saltarse JARs no necesarios durante la exploración puede dar lugar a una mejora de tiempo significativa en el arranque y compilación de JSP .
19-Sep-2025 15:06:58.067 INFO [http-nio-8080-exec-38] com.sun.xml.ws.transport.http.servlet.WSServletDelegate.<init> WSSERVLET14: inicializando el servlet de JAX-WS
19-Sep-2025 15:06:58.068 INFO [http-nio-8080-exec-38] com.sun.xml.ws.transport.http.servlet.WSServletContextListener.contextInitialized WSSERVLET12: inicializando el listener de contexto de JAX-WS
19-Sep-2025 15:06:58.068 INFO [http-nio-8080-exec-38] com.sun.xml.ws.transport.http.servlet.WSServletContextListener.contextInitialized WSSERVLET12: inicializando el listener de contexto de JAX-WS
19-Sep-2025 15:06:58.072 INFO [http-nio-8080-exec-38] org.apache.catalina.startup.HostConfig.deployDescriptor Deployment of deployment descriptor [C:\Users\josep\OneDrive\Documentos\Escritorio\Pro2\ProyectoProgra2\tomcat\apache-tomcat-9.0.108\conf\Catalina\localhost\Citas.xml] has finished in [2.505] ms
19-Sep-2025 15:06:58.076 INFO [http-nio-8080-exec-34] org.apache.catalina.util.LifecycleBase.start The start() method was called on component [StandardEngine[Catalina].StandardHost[localhost].StandardContext[/Citas]] after start() had already been called. The second call will be ignored.
19-Sep-2025 15:08:00.036 INFO [http-nio-8080-exec-37] com.sun.xml.ws.transport.http.servlet.WSServletDelegate.destroy WSSERVLET15: el servlet de JAX-WS se ha destruido
19-Sep-2025 15:08:00.041 INFO [http-nio-8080-exec-37] com.sun.xml.ws.transport.http.servlet.WSServletContextListener.contextDestroyed WSSERVLET13: el listener de contexto de JAX-WS se ha destruido
19-Sep-2025 15:08:00.041 INFO [http-nio-8080-exec-37] com.sun.xml.ws.transport.http.servlet.WSServletContextListener.contextDestroyed WSSERVLET13: el listener de contexto de JAX-WS se ha destruido
19-Sep-2025 15:08:00.042 SEVERE [http-nio-8080-exec-37] org.apache.catalina.loader.WebappClassLoaderBase.checkThreadLocalMapForLeaks La aplicación web [Citas] creó un ThreadLocal con clave del tipo [com.sun.xml.ws.api.server.ThreadLocalContainerResolver$1] (valor [com.sun.xml.ws.api.server.ThreadLocalContainerResolver$1@49f2f800]) y un valor del tipo [com.sun.xml.ws.api.server.Container.NoneContainer] (valor [com.sun.xml.ws.api.server.Container$NoneContainer@3f8f295e]) pero no pudo quitarlo cuando la aplicación web se paró. Los hilos se van a renovar con el tiempo para intentar evitar in posible fallo de memoria.
19-Sep-2025 15:08:00.545 INFO [http-nio-8080-exec-37] org.apache.catalina.startup.HostConfig.undeploy Repliegue (undeploy) de la aplicación web que tiene como trayectoria de contexto [/Citas]
19-Sep-2025 15:08:04.598 INFO [http-nio-8080-exec-43] org.apache.catalina.startup.HostConfig.deployDescriptor Desplieque del descriptor de configuración [C:\Users\josep\OneDrive\Documentos\Escritorio\Pro2\ProyectoProgra2\tomcat\apache-tomcat-9.0.108\conf\Catalina\localhost\Citas.xml]
19-Sep-2025 15:08:04.600 WARNING [http-nio-8080-exec-43] org.apache.catalina.startup.HostConfig.deployDescriptor The path attribute with value [/Citas] in deployment descriptor [C:\Users\josep\OneDrive\Documentos\Escritorio\Pro2\ProyectoProgra2\tomcat\apache-tomcat-9.0.108\conf\Catalina\localhost\Citas.xml] has been ignored
19-Sep-2025 15:08:05.878 INFO [http-nio-8080-exec-43] org.apache.jasper.servlet.TldScanner.scanJars Al menos un JAR, que se ha explorado buscando TLDs, aún no contenía TLDs. Activar historial de depuración para este historiador para una completa lista de los JARs que fueron explorados y de los que nos se halló TLDs. Saltarse JARs no necesarios durante la exploración puede dar lugar a una mejora de tiempo significativa en el arranque y compilación de JSP .
19-Sep-2025 15:08:07.444 INFO [http-nio-8080-exec-43] com.sun.xml.ws.transport.http.servlet.WSServletDelegate.<init> WSSERVLET14: inicializando el servlet de JAX-WS
19-Sep-2025 15:08:07.446 INFO [http-nio-8080-exec-43] com.sun.xml.ws.transport.http.servlet.WSServletContextListener.contextInitialized WSSERVLET12: inicializando el listener de contexto de JAX-WS
19-Sep-2025 15:08:07.446 INFO [http-nio-8080-exec-43] com.sun.xml.ws.transport.http.servlet.WSServletContextListener.contextInitialized WSSERVLET12: inicializando el listener de contexto de JAX-WS
19-Sep-2025 15:08:07.452 INFO [http-nio-8080-exec-43] org.apache.catalina.startup.HostConfig.deployDescriptor Deployment of deployment descriptor [C:\Users\josep\OneDrive\Documentos\Escritorio\Pro2\ProyectoProgra2\tomcat\apache-tomcat-9.0.108\conf\Catalina\localhost\Citas.xml] has finished in [2.854] ms
19-Sep-2025 15:08:07.456 INFO [http-nio-8080-exec-48] org.apache.catalina.util.LifecycleBase.start The start() method was called on component [StandardEngine[Catalina].StandardHost[localhost].StandardContext[/Citas]] after start() had already been called. The second call will be ignored.
19-Sep-2025 15:12:07.508 INFO [http-nio-8080-exec-56] com.sun.xml.ws.transport.http.servlet.WSServletDelegate.destroy WSSERVLET15: el servlet de JAX-WS se ha destruido
19-Sep-2025 15:12:07.513 INFO [http-nio-8080-exec-56] com.sun.xml.ws.transport.http.servlet.WSServletContextListener.contextDestroyed WSSERVLET13: el listener de contexto de JAX-WS se ha destruido
19-Sep-2025 15:12:07.515 INFO [http-nio-8080-exec-56] com.sun.xml.ws.transport.http.servlet.WSServletContextListener.contextDestroyed WSSERVLET13: el listener de contexto de JAX-WS se ha destruido
19-Sep-2025 15:12:08.019 INFO [http-nio-8080-exec-56] org.apache.catalina.startup.HostConfig.undeploy Repliegue (undeploy) de la aplicación web que tiene como trayectoria de contexto [/Citas]
19-Sep-2025 15:12:13.324 INFO [http-nio-8080-exec-51] org.apache.catalina.startup.HostConfig.deployDescriptor Desplieque del descriptor de configuración [C:\Users\josep\OneDrive\Documentos\Escritorio\Pro2\ProyectoProgra2\tomcat\apache-tomcat-9.0.108\conf\Catalina\localhost\Citas.xml]
19-Sep-2025 15:12:13.325 WARNING [http-nio-8080-exec-51] org.apache.catalina.startup.HostConfig.deployDescriptor The path attribute with value [/Citas] in deployment descriptor [C:\Users\josep\OneDrive\Documentos\Escritorio\Pro2\ProyectoProgra2\tomcat\apache-tomcat-9.0.108\conf\Catalina\localhost\Citas.xml] has been ignored
19-Sep-2025 15:12:14.752 INFO [http-nio-8080-exec-51] org.apache.jasper.servlet.TldScanner.scanJars Al menos un JAR, que se ha explorado buscando TLDs, aún no contenía TLDs. Activar historial de depuración para este historiador para una completa lista de los JARs que fueron explorados y de los que nos se halló TLDs. Saltarse JARs no necesarios durante la exploración puede dar lugar a una mejora de tiempo significativa en el arranque y compilación de JSP .
19-Sep-2025 15:12:16.450 INFO [http-nio-8080-exec-51] com.sun.xml.ws.transport.http.servlet.WSServletDelegate.<init> WSSERVLET14: inicializando el servlet de JAX-WS
19-Sep-2025 15:12:16.451 INFO [http-nio-8080-exec-51] com.sun.xml.ws.transport.http.servlet.WSServletContextListener.contextInitialized WSSERVLET12: inicializando el listener de contexto de JAX-WS
19-Sep-2025 15:12:16.451 INFO [http-nio-8080-exec-51] com.sun.xml.ws.transport.http.servlet.WSServletContextListener.contextInitialized WSSERVLET12: inicializando el listener de contexto de JAX-WS
19-Sep-2025 15:12:16.457 INFO [http-nio-8080-exec-51] org.apache.catalina.startup.HostConfig.deployDescriptor Deployment of deployment descriptor [C:\Users\josep\OneDrive\Documentos\Escritorio\Pro2\ProyectoProgra2\tomcat\apache-tomcat-9.0.108\conf\Catalina\localhost\Citas.xml] has finished in [3.133] ms
19-Sep-2025 15:12:16.461 INFO [http-nio-8080-exec-58] org.apache.catalina.util.LifecycleBase.start The start() method was called on component [StandardEngine[Catalina].StandardHost[localhost].StandardContext[/Citas]] after start() had already been called. The second call will be ignored.
19-Sep-2025 15:13:56.388 INFO [main] org.apache.catalina.core.StandardServer.await Se ha recibido un comando de apagado a través del puerto de apagado. Parando la instancia del Servidor.
19-Sep-2025 15:13:56.388 INFO [main] org.apache.coyote.AbstractProtocol.pause Pausing ProtocolHandler ["http-nio-8080"]
19-Sep-2025 15:13:56.396 INFO [main] org.apache.catalina.core.StandardService.stopInternal Parando servicio [Catalina]
19-Sep-2025 15:13:56.401 INFO [main] com.sun.xml.ws.transport.http.servlet.WSServletDelegate.destroy WSSERVLET15: el servlet de JAX-WS se ha destruido
19-Sep-2025 15:13:56.406 INFO [main] com.sun.xml.ws.transport.http.servlet.WSServletContextListener.contextDestroyed WSSERVLET13: el listener de contexto de JAX-WS se ha destruido
19-Sep-2025 15:13:56.407 INFO [main] com.sun.xml.ws.transport.http.servlet.WSServletContextListener.contextDestroyed WSSERVLET13: el listener de contexto de JAX-WS se ha destruido
19-Sep-2025 15:13:56.416 INFO [main] org.apache.coyote.AbstractProtocol.stop Stopping ProtocolHandler ["http-nio-8080"]
19-Sep-2025 15:13:56.419 INFO [main] org.apache.coyote.AbstractProtocol.destroy Destroying ProtocolHandler ["http-nio-8080"]
