11-Sep-2025 17:58:14.628 INFO [main] org.apache.catalina.startup.VersionLoggerListener.log Nombre de la versión del servidor: Apache Tomcat/9.0.108
11-Sep-2025 17:58:14.631 INFO [main] org.apache.catalina.startup.VersionLoggerListener.log Server built:                      Jul 31 2025 18:19:48 UTC
11-Sep-2025 17:58:14.631 INFO [main] org.apache.catalina.startup.VersionLoggerListener.log Número de versión de servidor:     9.0.108.0
11-Sep-2025 17:58:14.631 INFO [main] org.apache.catalina.startup.VersionLoggerListener.log OS Name:                           Windows 11
11-Sep-2025 17:58:14.631 INFO [main] org.apache.catalina.startup.VersionLoggerListener.log Versión de Systema Operativo:      10.0
11-Sep-2025 17:58:14.631 INFO [main] org.apache.catalina.startup.VersionLoggerListener.log Arquitectura:                      amd64
11-Sep-2025 17:58:14.631 INFO [main] org.apache.catalina.startup.VersionLoggerListener.log Java Home:                         C:\Program Files\Java\jdk-24
11-Sep-2025 17:58:14.631 INFO [main] org.apache.catalina.startup.VersionLoggerListener.log JVM Version:                       24.0.1+9-30
11-Sep-2025 17:58:14.631 INFO [main] org.apache.catalina.startup.VersionLoggerListener.log Vededor JVM:                       Oracle Corporation
11-Sep-2025 17:58:14.631 INFO [main] org.apache.catalina.startup.VersionLoggerListener.log CATALINA_BASE:                     C:\Users\josep\OneDrive\Documentos\Escritorio\Pro2\ProyectoProgra2\tomcat\apache-tomcat-9.0.108
11-Sep-2025 17:58:14.631 INFO [main] org.apache.catalina.startup.VersionLoggerListener.log CATALINA_HOME:                     C:\Users\josep\OneDrive\Documentos\Escritorio\Pro2\ProyectoProgra2\tomcat\apache-tomcat-9.0.108
11-Sep-2025 17:58:14.640 INFO [main] org.apache.catalina.startup.VersionLoggerListener.log Command line argument:             --add-opens=java.base/java.lang=ALL-UNNAMED
11-Sep-2025 17:58:14.640 INFO [main] org.apache.catalina.startup.VersionLoggerListener.log Command line argument:             --add-opens=java.base/java.lang.invoke=ALL-UNNAMED
11-Sep-2025 17:58:14.640 INFO [main] org.apache.catalina.startup.VersionLoggerListener.log Command line argument:             --add-opens=java.base/java.lang.reflect=ALL-UNNAMED
11-Sep-2025 17:58:14.640 INFO [main] org.apache.catalina.startup.VersionLoggerListener.log Command line argument:             --add-opens=java.base/java.io=ALL-UNNAMED
11-Sep-2025 17:58:14.640 INFO [main] org.apache.catalina.startup.VersionLoggerListener.log Command line argument:             --add-opens=java.base/java.util=ALL-UNNAMED
11-Sep-2025 17:58:14.640 INFO [main] org.apache.catalina.startup.VersionLoggerListener.log Command line argument:             --add-opens=java.base/java.util.concurrent=ALL-UNNAMED
11-Sep-2025 17:58:14.640 INFO [main] org.apache.catalina.startup.VersionLoggerListener.log Command line argument:             --add-opens=java.rmi/sun.rmi.transport=ALL-UNNAMED
11-Sep-2025 17:58:14.640 INFO [main] org.apache.catalina.startup.VersionLoggerListener.log Command line argument:             -Djava.util.logging.config.file=C:\Users\josep\OneDrive\Documentos\Escritorio\Pro2\ProyectoProgra2\tomcat\apache-tomcat-9.0.108\conf\logging.properties
11-Sep-2025 17:58:14.641 INFO [main] org.apache.catalina.startup.VersionLoggerListener.log Command line argument:             -Djava.util.logging.manager=org.apache.juli.ClassLoaderLogManager
11-Sep-2025 17:58:14.641 INFO [main] org.apache.catalina.startup.VersionLoggerListener.log Command line argument:             -Djdk.tls.ephemeralDHKeySize=2048
11-Sep-2025 17:58:14.641 INFO [main] org.apache.catalina.startup.VersionLoggerListener.log Command line argument:             -Djava.protocol.handler.pkgs=org.apache.catalina.webresources
11-Sep-2025 17:58:14.641 INFO [main] org.apache.catalina.startup.VersionLoggerListener.log Command line argument:             -Dsun.io.useCanonCaches=false
11-Sep-2025 17:58:14.641 INFO [main] org.apache.catalina.startup.VersionLoggerListener.log Command line argument:             -Dignore.endorsed.dirs=
11-Sep-2025 17:58:14.641 INFO [main] org.apache.catalina.startup.VersionLoggerListener.log Command line argument:             -Dcatalina.base=C:\Users\josep\OneDrive\Documentos\Escritorio\Pro2\ProyectoProgra2\tomcat\apache-tomcat-9.0.108
11-Sep-2025 17:58:14.722 INFO [main] org.apache.catalina.startup.VersionLoggerListener.log Command line argument:             -Dcatalina.home=C:\Users\josep\OneDrive\Documentos\Escritorio\Pro2\ProyectoProgra2\tomcat\apache-tomcat-9.0.108
11-Sep-2025 17:58:14.722 INFO [main] org.apache.catalina.startup.VersionLoggerListener.log Command line argument:             -Djava.io.tmpdir=C:\Users\josep\OneDrive\Documentos\Escritorio\Pro2\ProyectoProgra2\tomcat\apache-tomcat-9.0.108\temp
11-Sep-2025 17:58:14.733 INFO [main] org.apache.catalina.core.AprLifecycleListener.lifecycleEvent La biblioteca nativa de Apache Tomcat basada en ARP que permite un rendimiento óptimo en entornos de desarrollo no ha sido hallada en java.library.path: [C:\Program Files\Java\jdk-24\bin;C:\WINDOWS\Sun\Java\bin;C:\WINDOWS\system32;C:\WINDOWS;C:\app\josep\product\21c\dbhomeXE\bin;C:\Program Files\Common Files\Oracle\Java\javapath;C:\Program Files (x86)\Common Files\Oracle\Java\java8path;C:\Program Files (x86)\Common Files\Oracle\Java\javapath;C:\WINDOWS\system32;C:\WINDOWS;C:\WINDOWS\System32\Wbem;C:\WINDOWS\System32\WindowsPowerShell\v1.0\;C:\WINDOWS\System32\OpenSSH\;C:\Program Files (x86)\NVIDIA Corporation\PhysX\Common;C:\Program Files\dotnet\;C:\Program Files\Git\cmd;C:\Program Files (x86)\Microsoft SQL Server\160\Tools\Binn\;C:\Program Files\Microsoft SQL Server\160\Tools\Binn\;C:\Program Files\Microsoft SQL Server\Client SDK\ODBC\170\Tools\Binn\;C:\Program Files\Microsoft SQL Server\160\DTS\Binn\;C:\Program Files (x86)\Microsoft SQL Server\160\DTS\Binn\;C:\Flutter\flutter\bin;C:\Program Files\Microsoft SQL Server\150\Tools\Binn\;C:\Program Files\NVIDIA Corporation\NVIDIA app\NvDLISR;C:\Program Files\nodejs\;C:\Program Files\Microsoft SQL Server\130\Tools\Binn\;C:\Program Files\Docker\Docker\resources\bin;C:\Program Files\MySQL\MySQL Shell 8.0\bin\;C:\Users\josep\AppData\Local\Microsoft\WindowsApps;C:\Users\josep\AppData\Local\Programs\Microsoft VS Code\bin;C:\Users\josep\AppData\Local\GitHubDesktop\bin;C:\Users\josep\AppData\Local\gitkraken\bin;C:\Users\josep\AppData\Roaming\TinyTeX\bin\windows;C:\Flutter\flutter\bin;C:\Users\josep\AppData\Local\Microsoft\WinGet\Packages\Schniz.fnm_Microsoft.Winget.Source_8wekyb3d8bbwe;C:\Users\josep\AppData\Local\Microsoft\WindowsApps;C:\Users\josep\AppData\Local\Programs\Windsurf\bin;C:\Users\josep\.dotnet\tools;C:\Users\josep\AppData\Roaming\npm;.]
11-Sep-2025 17:58:15.003 INFO [main] org.apache.coyote.AbstractProtocol.init Inicializando el manejador de protocolo ["http-nio-8080"]

11-Sep-2025 17:58:15.024 INFO [main] org.apache.catalina.startup.Catalina.load Server initialization in [660] milliseconds
11-Sep-2025 17:58:15.082 INFO [main] org.apache.catalina.core.StandardService.startInternal Arrancando servicio [Catalina]
11-Sep-2025 17:58:15.083 INFO [main] org.apache.catalina.core.StandardEngine.startInternal Starting Servlet engine: [Apache Tomcat/9.0.108]
11-Sep-2025 17:58:15.095 INFO [main] org.apache.catalina.startup.HostConfig.deployDirectory Desplegando el directorio [C:\Users\josep\OneDrive\Documentos\Escritorio\Pro2\ProyectoProgra2\tomcat\apache-tomcat-9.0.108\webapps\docs] de la aplicación web
11-Sep-2025 17:58:15.418 INFO [main] org.apache.catalina.startup.HostConfig.deployDirectory Deployment of web application directory [C:\Users\josep\OneDrive\Documentos\Escritorio\Pro2\ProyectoProgra2\tomcat\apache-tomcat-9.0.108\webapps\docs] has finished in [319] ms
11-Sep-2025 17:58:15.418 INFO [main] org.apache.catalina.startup.HostConfig.deployDirectory Desplegando el directorio [C:\Users\josep\OneDrive\Documentos\Escritorio\Pro2\ProyectoProgra2\tomcat\apache-tomcat-9.0.108\webapps\examples] de la aplicación web
11-Sep-2025 17:58:16.004 INFO [main] org.apache.catalina.startup.HostConfig.deployDirectory Deployment of web application directory [C:\Users\josep\OneDrive\Documentos\Escritorio\Pro2\ProyectoProgra2\tomcat\apache-tomcat-9.0.108\webapps\examples] has finished in [586] ms
11-Sep-2025 17:58:16.004 INFO [main] org.apache.catalina.startup.HostConfig.deployDirectory Desplegando el directorio [C:\Users\josep\OneDrive\Documentos\Escritorio\Pro2\ProyectoProgra2\tomcat\apache-tomcat-9.0.108\webapps\host-manager] de la aplicación web
11-Sep-2025 17:58:16.084 INFO [main] org.apache.catalina.startup.HostConfig.deployDirectory Deployment of web application directory [C:\Users\josep\OneDrive\Documentos\Escritorio\Pro2\ProyectoProgra2\tomcat\apache-tomcat-9.0.108\webapps\host-manager] has finished in [79] ms
11-Sep-2025 17:58:16.084 INFO [main] org.apache.catalina.startup.HostConfig.deployDirectory Desplegando el directorio [C:\Users\josep\OneDrive\Documentos\Escritorio\Pro2\ProyectoProgra2\tomcat\apache-tomcat-9.0.108\webapps\manager] de la aplicación web
11-Sep-2025 17:58:16.161 INFO [main] org.apache.catalina.startup.HostConfig.deployDirectory Deployment of web application directory [C:\Users\josep\OneDrive\Documentos\Escritorio\Pro2\ProyectoProgra2\tomcat\apache-tomcat-9.0.108\webapps\manager] has finished in [77] ms
11-Sep-2025 17:58:16.162 INFO [main] org.apache.catalina.startup.HostConfig.deployDirectory Desplegando el directorio [C:\Users\josep\OneDrive\Documentos\Escritorio\Pro2\ProyectoProgra2\tomcat\apache-tomcat-9.0.108\webapps\ROOT] de la aplicación web
11-Sep-2025 17:58:16.215 INFO [main] org.apache.catalina.startup.HostConfig.deployDirectory Deployment of web application directory [C:\Users\josep\OneDrive\Documentos\Escritorio\Pro2\ProyectoProgra2\tomcat\apache-tomcat-9.0.108\webapps\ROOT] has finished in [52] ms
11-Sep-2025 17:58:16.221 INFO [main] org.apache.coyote.AbstractProtocol.start Starting ProtocolHandler ["http-nio-8080"]
11-Sep-2025 17:58:16.254 INFO [main] org.apache.catalina.startup.Catalina.start Server startup in [1227] milliseconds
11-Sep-2025 17:58:26.784 INFO [http-nio-8080-exec-9] org.apache.catalina.startup.HostConfig.deployDescriptor Desplieque del descriptor de configuración [C:\Users\josep\OneDrive\Documentos\Escritorio\Pro2\ProyectoProgra2\tomcat\apache-tomcat-9.0.108\conf\Catalina\localhost\ProyectoProgra2.xml]
11-Sep-2025 17:58:26.785 WARNING [http-nio-8080-exec-9] org.apache.catalina.startup.HostConfig.deployDescriptor The path attribute with value [/ProyectoProgra2] in deployment descriptor [C:\Users\josep\OneDrive\Documentos\Escritorio\Pro2\ProyectoProgra2\tomcat\apache-tomcat-9.0.108\conf\Catalina\localhost\ProyectoProgra2.xml] has been ignored
11-Sep-2025 17:58:28.384 INFO [http-nio-8080-exec-9] org.apache.jasper.servlet.TldScanner.scanJars Al menos un JAR, que se ha explorado buscando TLDs, aún no contenía TLDs. Activar historial de depuración para este historiador para una completa lista de los JARs que fueron explorados y de los que nos se halló TLDs. Saltarse JARs no necesarios durante la exploración puede dar lugar a una mejora de tiempo significativa en el arranque y compilación de JSP .
11-Sep-2025 17:58:28.437 INFO [http-nio-8080-exec-9] org.springframework.web.context.ContextLoader.initWebApplicationContext Root WebApplicationContext: initialization started
11-Sep-2025 17:58:28.763 INFO [http-nio-8080-exec-9] org.springframework.web.context.ContextLoader.initWebApplicationContext Root WebApplicationContext initialized in 326 ms
11-Sep-2025 17:58:28.770 INFO [http-nio-8080-exec-9] org.springframework.web.servlet.FrameworkServlet.initServletBean Initializing Servlet 'dispatcher'
11-Sep-2025 17:58:29.132 INFO [http-nio-8080-exec-9] org.springframework.web.servlet.FrameworkServlet.initServletBean Completed initialization in 362 ms
11-Sep-2025 17:58:29.137 INFO [http-nio-8080-exec-9] org.apache.catalina.startup.HostConfig.deployDescriptor Deployment of deployment descriptor [C:\Users\josep\OneDrive\Documentos\Escritorio\Pro2\ProyectoProgra2\tomcat\apache-tomcat-9.0.108\conf\Catalina\localhost\ProyectoProgra2.xml] has finished in [2.353] ms
11-Sep-2025 17:58:29.140 INFO [http-nio-8080-exec-6] org.apache.catalina.util.LifecycleBase.start The start() method was called on component [StandardEngine[Catalina].StandardHost[localhost].StandardContext[/ProyectoProgra2]] after start() had already been called. The second call will be ignored.
11-Sep-2025 18:00:12.979 INFO [http-nio-8080-exec-2] org.apache.catalina.core.StandardContext.reload Ha comenzado la recarga de Contexto [/ProyectoProgra2]
11-Sep-2025 18:00:14.705 INFO [http-nio-8080-exec-2] org.apache.jasper.servlet.TldScanner.scanJars Al menos un JAR, que se ha explorado buscando TLDs, aún no contenía TLDs. Activar historial de depuración para este historiador para una completa lista de los JARs que fueron explorados y de los que nos se halló TLDs. Saltarse JARs no necesarios durante la exploración puede dar lugar a una mejora de tiempo significativa en el arranque y compilación de JSP .
11-Sep-2025 18:00:14.780 INFO [http-nio-8080-exec-2] org.springframework.web.context.ContextLoader.initWebApplicationContext Root WebApplicationContext: initialization started
11-Sep-2025 18:00:15.040 INFO [http-nio-8080-exec-2] org.springframework.web.context.ContextLoader.initWebApplicationContext Root WebApplicationContext initialized in 259 ms
11-Sep-2025 18:00:15.049 INFO [http-nio-8080-exec-2] org.springframework.web.servlet.FrameworkServlet.initServletBean Initializing Servlet 'dispatcher'
11-Sep-2025 18:00:15.405 INFO [http-nio-8080-exec-2] org.springframework.web.servlet.FrameworkServlet.initServletBean Completed initialization in 355 ms
11-Sep-2025 18:00:15.407 INFO [http-nio-8080-exec-2] org.apache.catalina.core.StandardContext.reload Se ha completado la recarga de este Contexto
11-Sep-2025 18:00:15.730 INFO [http-nio-8080-exec-9] org.apache.catalina.core.StandardContext.reload Ha comenzado la recarga de Contexto [/ProyectoProgra2]
11-Sep-2025 18:00:17.320 INFO [http-nio-8080-exec-9] org.apache.jasper.servlet.TldScanner.scanJars Al menos un JAR, que se ha explorado buscando TLDs, aún no contenía TLDs. Activar historial de depuración para este historiador para una completa lista de los JARs que fueron explorados y de los que nos se halló TLDs. Saltarse JARs no necesarios durante la exploración puede dar lugar a una mejora de tiempo significativa en el arranque y compilación de JSP .
11-Sep-2025 18:00:17.361 INFO [http-nio-8080-exec-9] org.springframework.web.context.ContextLoader.initWebApplicationContext Root WebApplicationContext: initialization started
11-Sep-2025 18:00:17.648 INFO [http-nio-8080-exec-9] org.springframework.web.context.ContextLoader.initWebApplicationContext Root WebApplicationContext initialized in 287 ms
11-Sep-2025 18:00:17.658 INFO [http-nio-8080-exec-9] org.springframework.web.servlet.FrameworkServlet.initServletBean Initializing Servlet 'dispatcher'
11-Sep-2025 18:00:18.005 INFO [http-nio-8080-exec-9] org.springframework.web.servlet.FrameworkServlet.initServletBean Completed initialization in 347 ms
11-Sep-2025 18:00:18.008 INFO [http-nio-8080-exec-9] org.apache.catalina.core.StandardContext.reload Se ha completado la recarga de este Contexto
11-Sep-2025 18:00:19.865 INFO [http-nio-8080-exec-1] org.apache.catalina.core.StandardContext.reload Ha comenzado la recarga de Contexto [/ProyectoProgra2]
11-Sep-2025 18:00:21.425 INFO [http-nio-8080-exec-1] org.apache.jasper.servlet.TldScanner.scanJars Al menos un JAR, que se ha explorado buscando TLDs, aún no contenía TLDs. Activar historial de depuración para este historiador para una completa lista de los JARs que fueron explorados y de los que nos se halló TLDs. Saltarse JARs no necesarios durante la exploración puede dar lugar a una mejora de tiempo significativa en el arranque y compilación de JSP .
11-Sep-2025 18:00:21.462 INFO [http-nio-8080-exec-1] org.springframework.web.context.ContextLoader.initWebApplicationContext Root WebApplicationContext: initialization started
11-Sep-2025 18:00:21.739 INFO [http-nio-8080-exec-1] org.springframework.web.context.ContextLoader.initWebApplicationContext Root WebApplicationContext initialized in 277 ms
11-Sep-2025 18:00:21.747 INFO [http-nio-8080-exec-1] org.springframework.web.servlet.FrameworkServlet.initServletBean Initializing Servlet 'dispatcher'
11-Sep-2025 18:00:22.100 INFO [http-nio-8080-exec-1] org.springframework.web.servlet.FrameworkServlet.initServletBean Completed initialization in 353 ms
11-Sep-2025 18:00:22.102 INFO [http-nio-8080-exec-1] org.apache.catalina.core.StandardContext.reload Se ha completado la recarga de este Contexto
11-Sep-2025 18:00:34.629 INFO [http-nio-8080-exec-8] org.apache.catalina.core.StandardContext.reload Ha comenzado la recarga de Contexto [/ProyectoProgra2]
11-Sep-2025 18:00:36.103 INFO [http-nio-8080-exec-8] org.apache.jasper.servlet.TldScanner.scanJars Al menos un JAR, que se ha explorado buscando TLDs, aún no contenía TLDs. Activar historial de depuración para este historiador para una completa lista de los JARs que fueron explorados y de los que nos se halló TLDs. Saltarse JARs no necesarios durante la exploración puede dar lugar a una mejora de tiempo significativa en el arranque y compilación de JSP .
11-Sep-2025 18:00:36.135 INFO [http-nio-8080-exec-8] org.springframework.web.context.ContextLoader.initWebApplicationContext Root WebApplicationContext: initialization started
11-Sep-2025 18:00:36.382 INFO [http-nio-8080-exec-8] org.springframework.web.context.ContextLoader.initWebApplicationContext Root WebApplicationContext initialized in 247 ms
11-Sep-2025 18:00:36.388 INFO [http-nio-8080-exec-8] org.springframework.web.servlet.FrameworkServlet.initServletBean Initializing Servlet 'dispatcher'
11-Sep-2025 18:00:36.708 INFO [http-nio-8080-exec-8] org.springframework.web.servlet.FrameworkServlet.initServletBean Completed initialization in 320 ms
11-Sep-2025 18:00:36.711 INFO [http-nio-8080-exec-8] org.apache.catalina.core.StandardContext.reload Se ha completado la recarga de este Contexto
11-Sep-2025 18:04:59.716 INFO [http-nio-8080-exec-22] org.apache.catalina.core.StandardContext.reload Ha comenzado la recarga de Contexto [/ProyectoProgra2]
11-Sep-2025 18:05:02.958 INFO [http-nio-8080-exec-22] org.apache.jasper.servlet.TldScanner.scanJars Al menos un JAR, que se ha explorado buscando TLDs, aún no contenía TLDs. Activar historial de depuración para este historiador para una completa lista de los JARs que fueron explorados y de los que nos se halló TLDs. Saltarse JARs no necesarios durante la exploración puede dar lugar a una mejora de tiempo significativa en el arranque y compilación de JSP .
11-Sep-2025 18:05:03.016 INFO [http-nio-8080-exec-22] org.springframework.web.context.ContextLoader.initWebApplicationContext Root WebApplicationContext: initialization started
11-Sep-2025 18:05:03.495 INFO [http-nio-8080-exec-22] org.springframework.web.context.ContextLoader.initWebApplicationContext Root WebApplicationContext initialized in 477 ms
11-Sep-2025 18:05:03.506 INFO [http-nio-8080-exec-22] org.springframework.web.servlet.FrameworkServlet.initServletBean Initializing Servlet 'dispatcher'
11-Sep-2025 18:05:03.985 INFO [http-nio-8080-exec-22] org.springframework.web.servlet.FrameworkServlet.initServletBean Completed initialization in 479 ms
11-Sep-2025 18:05:03.989 INFO [http-nio-8080-exec-22] org.apache.catalina.core.StandardContext.reload Se ha completado la recarga de este Contexto
11-Sep-2025 18:05:15.628 INFO [http-nio-8080-exec-21] org.apache.catalina.core.StandardContext.reload Ha comenzado la recarga de Contexto [/ProyectoProgra2]
11-Sep-2025 18:05:19.105 INFO [http-nio-8080-exec-21] org.apache.jasper.servlet.TldScanner.scanJars Al menos un JAR, que se ha explorado buscando TLDs, aún no contenía TLDs. Activar historial de depuración para este historiador para una completa lista de los JARs que fueron explorados y de los que nos se halló TLDs. Saltarse JARs no necesarios durante la exploración puede dar lugar a una mejora de tiempo significativa en el arranque y compilación de JSP .
11-Sep-2025 18:05:19.186 INFO [http-nio-8080-exec-21] org.springframework.web.context.ContextLoader.initWebApplicationContext Root WebApplicationContext: initialization started
11-Sep-2025 18:05:19.735 INFO [http-nio-8080-exec-21] org.springframework.web.context.ContextLoader.initWebApplicationContext Root WebApplicationContext initialized in 548 ms
11-Sep-2025 18:05:19.747 INFO [http-nio-8080-exec-21] org.springframework.web.servlet.FrameworkServlet.initServletBean Initializing Servlet 'dispatcher'
11-Sep-2025 18:05:20.773 INFO [http-nio-8080-exec-21] org.springframework.web.servlet.FrameworkServlet.initServletBean Completed initialization in 1026 ms
11-Sep-2025 18:05:20.783 INFO [http-nio-8080-exec-21] org.apache.catalina.core.StandardContext.reload Se ha completado la recarga de este Contexto
11-Sep-2025 18:05:21.395 INFO [http-nio-8080-exec-26] org.apache.catalina.core.StandardContext.reload Ha comenzado la recarga de Contexto [/ProyectoProgra2]
11-Sep-2025 18:05:26.721 INFO [http-nio-8080-exec-26] org.apache.jasper.servlet.TldScanner.scanJars Al menos un JAR, que se ha explorado buscando TLDs, aún no contenía TLDs. Activar historial de depuración para este historiador para una completa lista de los JARs que fueron explorados y de los que nos se halló TLDs. Saltarse JARs no necesarios durante la exploración puede dar lugar a una mejora de tiempo significativa en el arranque y compilación de JSP .
11-Sep-2025 18:05:26.793 INFO [http-nio-8080-exec-26] org.springframework.web.context.ContextLoader.initWebApplicationContext Root WebApplicationContext: initialization started
11-Sep-2025 18:05:27.535 INFO [http-nio-8080-exec-26] org.springframework.web.context.ContextLoader.initWebApplicationContext Root WebApplicationContext initialized in 741 ms
11-Sep-2025 18:05:27.551 INFO [http-nio-8080-exec-26] org.springframework.web.servlet.FrameworkServlet.initServletBean Initializing Servlet 'dispatcher'
11-Sep-2025 18:05:28.651 INFO [http-nio-8080-exec-26] org.springframework.web.servlet.FrameworkServlet.initServletBean Completed initialization in 1100 ms
11-Sep-2025 18:05:28.657 INFO [http-nio-8080-exec-26] org.apache.catalina.core.StandardContext.reload Se ha completado la recarga de este Contexto
11-Sep-2025 18:05:29.004 INFO [http-nio-8080-exec-19] org.apache.catalina.core.StandardContext.reload Ha comenzado la recarga de Contexto [/ProyectoProgra2]
11-Sep-2025 18:05:33.624 INFO [http-nio-8080-exec-19] org.apache.jasper.servlet.TldScanner.scanJars Al menos un JAR, que se ha explorado buscando TLDs, aún no contenía TLDs. Activar historial de depuración para este historiador para una completa lista de los JARs que fueron explorados y de los que nos se halló TLDs. Saltarse JARs no necesarios durante la exploración puede dar lugar a una mejora de tiempo significativa en el arranque y compilación de JSP .
11-Sep-2025 18:05:33.678 INFO [http-nio-8080-exec-19] org.springframework.web.context.ContextLoader.initWebApplicationContext Root WebApplicationContext: initialization started
11-Sep-2025 18:05:34.054 INFO [http-nio-8080-exec-19] org.springframework.web.context.ContextLoader.initWebApplicationContext Root WebApplicationContext initialized in 375 ms
11-Sep-2025 18:05:34.066 INFO [http-nio-8080-exec-19] org.springframework.web.servlet.FrameworkServlet.initServletBean Initializing Servlet 'dispatcher'
11-Sep-2025 18:05:34.627 INFO [http-nio-8080-exec-19] org.springframework.web.servlet.FrameworkServlet.initServletBean Completed initialization in 561 ms
11-Sep-2025 18:05:34.631 INFO [http-nio-8080-exec-19] org.apache.catalina.core.StandardContext.reload Se ha completado la recarga de este Contexto
11-Sep-2025 18:05:34.979 INFO [http-nio-8080-exec-18] org.apache.catalina.core.StandardContext.reload Ha comenzado la recarga de Contexto [/ProyectoProgra2]
11-Sep-2025 18:05:37.706 INFO [http-nio-8080-exec-18] org.apache.jasper.servlet.TldScanner.scanJars Al menos un JAR, que se ha explorado buscando TLDs, aún no contenía TLDs. Activar historial de depuración para este historiador para una completa lista de los JARs que fueron explorados y de los que nos se halló TLDs. Saltarse JARs no necesarios durante la exploración puede dar lugar a una mejora de tiempo significativa en el arranque y compilación de JSP .
11-Sep-2025 18:05:37.754 INFO [http-nio-8080-exec-18] org.springframework.web.context.ContextLoader.initWebApplicationContext Root WebApplicationContext: initialization started
11-Sep-2025 18:05:38.165 INFO [http-nio-8080-exec-18] org.springframework.web.context.ContextLoader.initWebApplicationContext Root WebApplicationContext initialized in 411 ms
11-Sep-2025 18:05:38.176 INFO [http-nio-8080-exec-18] org.springframework.web.servlet.FrameworkServlet.initServletBean Initializing Servlet 'dispatcher'
11-Sep-2025 18:05:38.660 INFO [http-nio-8080-exec-18] org.springframework.web.servlet.FrameworkServlet.initServletBean Completed initialization in 484 ms
11-Sep-2025 18:05:38.665 INFO [http-nio-8080-exec-18] org.apache.catalina.core.StandardContext.reload Se ha completado la recarga de este Contexto
11-Sep-2025 18:05:40.127 INFO [http-nio-8080-exec-29] org.apache.catalina.core.StandardContext.reload Ha comenzado la recarga de Contexto [/ProyectoProgra2]
11-Sep-2025 18:05:43.601 INFO [http-nio-8080-exec-29] org.apache.jasper.servlet.TldScanner.scanJars Al menos un JAR, que se ha explorado buscando TLDs, aún no contenía TLDs. Activar historial de depuración para este historiador para una completa lista de los JARs que fueron explorados y de los que nos se halló TLDs. Saltarse JARs no necesarios durante la exploración puede dar lugar a una mejora de tiempo significativa en el arranque y compilación de JSP .
11-Sep-2025 18:05:43.659 INFO [http-nio-8080-exec-29] org.springframework.web.context.ContextLoader.initWebApplicationContext Root WebApplicationContext: initialization started
11-Sep-2025 18:05:44.059 INFO [http-nio-8080-exec-29] org.springframework.web.context.ContextLoader.initWebApplicationContext Root WebApplicationContext initialized in 400 ms
11-Sep-2025 18:05:44.069 INFO [http-nio-8080-exec-29] org.springframework.web.servlet.FrameworkServlet.initServletBean Initializing Servlet 'dispatcher'
11-Sep-2025 18:05:44.608 INFO [http-nio-8080-exec-29] org.springframework.web.servlet.FrameworkServlet.initServletBean Completed initialization in 539 ms
11-Sep-2025 18:05:44.610 INFO [http-nio-8080-exec-29] org.apache.catalina.core.StandardContext.reload Se ha completado la recarga de este Contexto
11-Sep-2025 18:05:44.959 INFO [http-nio-8080-exec-30] org.apache.catalina.core.StandardContext.reload Ha comenzado la recarga de Contexto [/ProyectoProgra2]
11-Sep-2025 18:05:46.957 INFO [http-nio-8080-exec-30] org.apache.jasper.servlet.TldScanner.scanJars Al menos un JAR, que se ha explorado buscando TLDs, aún no contenía TLDs. Activar historial de depuración para este historiador para una completa lista de los JARs que fueron explorados y de los que nos se halló TLDs. Saltarse JARs no necesarios durante la exploración puede dar lugar a una mejora de tiempo significativa en el arranque y compilación de JSP .
11-Sep-2025 18:05:47.005 INFO [http-nio-8080-exec-30] org.springframework.web.context.ContextLoader.initWebApplicationContext Root WebApplicationContext: initialization started
11-Sep-2025 18:05:47.371 INFO [http-nio-8080-exec-30] org.springframework.web.context.ContextLoader.initWebApplicationContext Root WebApplicationContext initialized in 366 ms
11-Sep-2025 18:05:47.378 INFO [http-nio-8080-exec-30] org.springframework.web.servlet.FrameworkServlet.initServletBean Initializing Servlet 'dispatcher'
11-Sep-2025 18:05:47.875 INFO [http-nio-8080-exec-30] org.springframework.web.servlet.FrameworkServlet.initServletBean Completed initialization in 496 ms
11-Sep-2025 18:05:47.880 INFO [http-nio-8080-exec-30] org.apache.catalina.core.StandardContext.reload Se ha completado la recarga de este Contexto
11-Sep-2025 18:05:48.205 INFO [http-nio-8080-exec-10] org.apache.catalina.core.StandardContext.reload Ha comenzado la recarga de Contexto [/ProyectoProgra2]
11-Sep-2025 18:05:50.233 INFO [http-nio-8080-exec-10] org.apache.jasper.servlet.TldScanner.scanJars Al menos un JAR, que se ha explorado buscando TLDs, aún no contenía TLDs. Activar historial de depuración para este historiador para una completa lista de los JARs que fueron explorados y de los que nos se halló TLDs. Saltarse JARs no necesarios durante la exploración puede dar lugar a una mejora de tiempo significativa en el arranque y compilación de JSP .
11-Sep-2025 18:05:50.278 INFO [http-nio-8080-exec-10] org.springframework.web.context.ContextLoader.initWebApplicationContext Root WebApplicationContext: initialization started
11-Sep-2025 18:05:50.666 INFO [http-nio-8080-exec-10] org.springframework.web.context.ContextLoader.initWebApplicationContext Root WebApplicationContext initialized in 388 ms
11-Sep-2025 18:05:50.676 INFO [http-nio-8080-exec-10] org.springframework.web.servlet.FrameworkServlet.initServletBean Initializing Servlet 'dispatcher'
11-Sep-2025 18:05:51.232 INFO [http-nio-8080-exec-10] org.springframework.web.servlet.FrameworkServlet.initServletBean Completed initialization in 556 ms
11-Sep-2025 18:05:51.235 INFO [http-nio-8080-exec-10] org.apache.catalina.core.StandardContext.reload Se ha completado la recarga de este Contexto
11-Sep-2025 18:06:00.464 INFO [http-nio-8080-exec-33] org.apache.catalina.core.StandardContext.reload Ha comenzado la recarga de Contexto [/ProyectoProgra2]
11-Sep-2025 18:06:02.453 INFO [http-nio-8080-exec-33] org.apache.jasper.servlet.TldScanner.scanJars Al menos un JAR, que se ha explorado buscando TLDs, aún no contenía TLDs. Activar historial de depuración para este historiador para una completa lista de los JARs que fueron explorados y de los que nos se halló TLDs. Saltarse JARs no necesarios durante la exploración puede dar lugar a una mejora de tiempo significativa en el arranque y compilación de JSP .
11-Sep-2025 18:06:02.490 INFO [http-nio-8080-exec-33] org.springframework.web.context.ContextLoader.initWebApplicationContext Root WebApplicationContext: initialization started
11-Sep-2025 18:06:02.779 INFO [http-nio-8080-exec-33] org.springframework.web.context.ContextLoader.initWebApplicationContext Root WebApplicationContext initialized in 289 ms
11-Sep-2025 18:06:02.787 INFO [http-nio-8080-exec-33] org.springframework.web.servlet.FrameworkServlet.initServletBean Initializing Servlet 'dispatcher'
11-Sep-2025 18:06:03.235 INFO [http-nio-8080-exec-33] org.springframework.web.servlet.FrameworkServlet.initServletBean Completed initialization in 448 ms
11-Sep-2025 18:06:03.239 INFO [http-nio-8080-exec-33] org.apache.catalina.core.StandardContext.reload Se ha completado la recarga de este Contexto
11-Sep-2025 18:06:03.591 INFO [http-nio-8080-exec-25] org.apache.catalina.core.StandardContext.reload Ha comenzado la recarga de Contexto [/ProyectoProgra2]
11-Sep-2025 18:06:05.749 INFO [http-nio-8080-exec-25] org.apache.jasper.servlet.TldScanner.scanJars Al menos un JAR, que se ha explorado buscando TLDs, aún no contenía TLDs. Activar historial de depuración para este historiador para una completa lista de los JARs que fueron explorados y de los que nos se halló TLDs. Saltarse JARs no necesarios durante la exploración puede dar lugar a una mejora de tiempo significativa en el arranque y compilación de JSP .
11-Sep-2025 18:06:05.802 INFO [http-nio-8080-exec-25] org.springframework.web.context.ContextLoader.initWebApplicationContext Root WebApplicationContext: initialization started
11-Sep-2025 18:06:06.145 INFO [http-nio-8080-exec-25] org.springframework.web.context.ContextLoader.initWebApplicationContext Root WebApplicationContext initialized in 343 ms
11-Sep-2025 18:06:06.159 INFO [http-nio-8080-exec-25] org.springframework.web.servlet.FrameworkServlet.initServletBean Initializing Servlet 'dispatcher'
11-Sep-2025 18:06:06.696 INFO [http-nio-8080-exec-25] org.springframework.web.servlet.FrameworkServlet.initServletBean Completed initialization in 537 ms
11-Sep-2025 18:06:06.698 INFO [http-nio-8080-exec-25] org.apache.catalina.core.StandardContext.reload Se ha completado la recarga de este Contexto
11-Sep-2025 18:06:09.684 INFO [http-nio-8080-exec-28] org.apache.catalina.core.StandardContext.reload Ha comenzado la recarga de Contexto [/ProyectoProgra2]
11-Sep-2025 18:06:11.583 INFO [http-nio-8080-exec-28] org.apache.jasper.servlet.TldScanner.scanJars Al menos un JAR, que se ha explorado buscando TLDs, aún no contenía TLDs. Activar historial de depuración para este historiador para una completa lista de los JARs que fueron explorados y de los que nos se halló TLDs. Saltarse JARs no necesarios durante la exploración puede dar lugar a una mejora de tiempo significativa en el arranque y compilación de JSP .
11-Sep-2025 18:06:11.624 INFO [http-nio-8080-exec-28] org.springframework.web.context.ContextLoader.initWebApplicationContext Root WebApplicationContext: initialization started
11-Sep-2025 18:06:11.985 INFO [http-nio-8080-exec-28] org.springframework.web.context.ContextLoader.initWebApplicationContext Root WebApplicationContext initialized in 361 ms
11-Sep-2025 18:06:11.995 INFO [http-nio-8080-exec-28] org.springframework.web.servlet.FrameworkServlet.initServletBean Initializing Servlet 'dispatcher'
11-Sep-2025 18:06:12.418 INFO [http-nio-8080-exec-28] org.springframework.web.servlet.FrameworkServlet.initServletBean Completed initialization in 423 ms
11-Sep-2025 18:06:12.421 INFO [http-nio-8080-exec-28] org.apache.catalina.core.StandardContext.reload Se ha completado la recarga de este Contexto
11-Sep-2025 18:06:42.524 INFO [http-nio-8080-exec-40] org.apache.catalina.core.StandardContext.reload Ha comenzado la recarga de Contexto [/ProyectoProgra2]
11-Sep-2025 18:06:44.079 INFO [http-nio-8080-exec-40] org.apache.jasper.servlet.TldScanner.scanJars Al menos un JAR, que se ha explorado buscando TLDs, aún no contenía TLDs. Activar historial de depuración para este historiador para una completa lista de los JARs que fueron explorados y de los que nos se halló TLDs. Saltarse JARs no necesarios durante la exploración puede dar lugar a una mejora de tiempo significativa en el arranque y compilación de JSP .
11-Sep-2025 18:06:44.116 INFO [http-nio-8080-exec-40] org.springframework.web.context.ContextLoader.initWebApplicationContext Root WebApplicationContext: initialization started
11-Sep-2025 18:06:44.389 INFO [http-nio-8080-exec-40] org.springframework.web.context.ContextLoader.initWebApplicationContext Root WebApplicationContext initialized in 273 ms
11-Sep-2025 18:06:44.396 INFO [http-nio-8080-exec-40] org.springframework.web.servlet.FrameworkServlet.initServletBean Initializing Servlet 'dispatcher'
11-Sep-2025 18:06:44.718 INFO [http-nio-8080-exec-40] org.springframework.web.servlet.FrameworkServlet.initServletBean Completed initialization in 322 ms
11-Sep-2025 18:06:44.720 INFO [http-nio-8080-exec-40] org.apache.catalina.core.StandardContext.reload Se ha completado la recarga de este Contexto
11-Sep-2025 18:07:36.079 INFO [http-nio-8080-exec-39] org.apache.catalina.core.StandardContext.reload Ha comenzado la recarga de Contexto [/ProyectoProgra2]
11-Sep-2025 18:07:37.735 INFO [http-nio-8080-exec-39] org.apache.jasper.servlet.TldScanner.scanJars Al menos un JAR, que se ha explorado buscando TLDs, aún no contenía TLDs. Activar historial de depuración para este historiador para una completa lista de los JARs que fueron explorados y de los que nos se halló TLDs. Saltarse JARs no necesarios durante la exploración puede dar lugar a una mejora de tiempo significativa en el arranque y compilación de JSP .
11-Sep-2025 18:07:37.773 INFO [http-nio-8080-exec-39] org.springframework.web.context.ContextLoader.initWebApplicationContext Root WebApplicationContext: initialization started
11-Sep-2025 18:07:38.035 INFO [http-nio-8080-exec-39] org.springframework.web.context.ContextLoader.initWebApplicationContext Root WebApplicationContext initialized in 261 ms
11-Sep-2025 18:07:38.043 INFO [http-nio-8080-exec-39] org.springframework.web.servlet.FrameworkServlet.initServletBean Initializing Servlet 'dispatcher'
11-Sep-2025 18:07:38.533 INFO [http-nio-8080-exec-39] org.springframework.web.servlet.FrameworkServlet.initServletBean Completed initialization in 489 ms
11-Sep-2025 18:07:38.536 INFO [http-nio-8080-exec-39] org.apache.catalina.core.StandardContext.reload Se ha completado la recarga de este Contexto
11-Sep-2025 18:07:48.710 INFO [http-nio-8080-exec-43] org.apache.catalina.core.StandardContext.reload Ha comenzado la recarga de Contexto [/ProyectoProgra2]
11-Sep-2025 18:07:50.775 INFO [http-nio-8080-exec-43] org.apache.jasper.servlet.TldScanner.scanJars Al menos un JAR, que se ha explorado buscando TLDs, aún no contenía TLDs. Activar historial de depuración para este historiador para una completa lista de los JARs que fueron explorados y de los que nos se halló TLDs. Saltarse JARs no necesarios durante la exploración puede dar lugar a una mejora de tiempo significativa en el arranque y compilación de JSP .
11-Sep-2025 18:07:50.815 INFO [http-nio-8080-exec-43] org.springframework.web.context.ContextLoader.initWebApplicationContext Root WebApplicationContext: initialization started
11-Sep-2025 18:07:51.159 INFO [http-nio-8080-exec-43] org.springframework.web.context.ContextLoader.initWebApplicationContext Root WebApplicationContext initialized in 344 ms
11-Sep-2025 18:07:51.174 INFO [http-nio-8080-exec-43] org.springframework.web.servlet.FrameworkServlet.initServletBean Initializing Servlet 'dispatcher'
11-Sep-2025 18:07:51.585 INFO [http-nio-8080-exec-43] org.springframework.web.servlet.FrameworkServlet.initServletBean Completed initialization in 411 ms
11-Sep-2025 18:07:51.587 INFO [http-nio-8080-exec-43] org.apache.catalina.core.StandardContext.reload Se ha completado la recarga de este Contexto
11-Sep-2025 18:08:39.737 INFO [http-nio-8080-exec-44] org.apache.catalina.core.StandardContext.reload Ha comenzado la recarga de Contexto [/ProyectoProgra2]
11-Sep-2025 18:08:41.416 INFO [http-nio-8080-exec-44] org.apache.jasper.servlet.TldScanner.scanJars Al menos un JAR, que se ha explorado buscando TLDs, aún no contenía TLDs. Activar historial de depuración para este historiador para una completa lista de los JARs que fueron explorados y de los que nos se halló TLDs. Saltarse JARs no necesarios durante la exploración puede dar lugar a una mejora de tiempo significativa en el arranque y compilación de JSP .
11-Sep-2025 18:08:41.455 INFO [http-nio-8080-exec-44] org.springframework.web.context.ContextLoader.initWebApplicationContext Root WebApplicationContext: initialization started
11-Sep-2025 18:08:41.723 INFO [http-nio-8080-exec-44] org.springframework.web.context.ContextLoader.initWebApplicationContext Root WebApplicationContext initialized in 268 ms
11-Sep-2025 18:08:41.728 INFO [http-nio-8080-exec-44] org.springframework.web.servlet.FrameworkServlet.initServletBean Initializing Servlet 'dispatcher'
11-Sep-2025 18:08:42.127 INFO [http-nio-8080-exec-44] org.springframework.web.servlet.FrameworkServlet.initServletBean Completed initialization in 398 ms
11-Sep-2025 18:08:42.134 INFO [http-nio-8080-exec-44] org.apache.catalina.core.StandardContext.reload Se ha completado la recarga de este Contexto
11-Sep-2025 18:08:42.451 INFO [http-nio-8080-exec-41] org.apache.catalina.core.StandardContext.reload Ha comenzado la recarga de Contexto [/ProyectoProgra2]
11-Sep-2025 18:08:44.033 INFO [http-nio-8080-exec-41] org.apache.jasper.servlet.TldScanner.scanJars Al menos un JAR, que se ha explorado buscando TLDs, aún no contenía TLDs. Activar historial de depuración para este historiador para una completa lista de los JARs que fueron explorados y de los que nos se halló TLDs. Saltarse JARs no necesarios durante la exploración puede dar lugar a una mejora de tiempo significativa en el arranque y compilación de JSP .
11-Sep-2025 18:08:44.068 INFO [http-nio-8080-exec-41] org.springframework.web.context.ContextLoader.initWebApplicationContext Root WebApplicationContext: initialization started
11-Sep-2025 18:08:44.374 INFO [http-nio-8080-exec-41] org.springframework.web.context.ContextLoader.initWebApplicationContext Root WebApplicationContext initialized in 306 ms
11-Sep-2025 18:08:44.381 INFO [http-nio-8080-exec-41] org.springframework.web.servlet.FrameworkServlet.initServletBean Initializing Servlet 'dispatcher'
11-Sep-2025 18:08:44.740 INFO [http-nio-8080-exec-41] org.springframework.web.servlet.FrameworkServlet.initServletBean Completed initialization in 359 ms
11-Sep-2025 18:08:44.742 INFO [http-nio-8080-exec-41] org.apache.catalina.core.StandardContext.reload Se ha completado la recarga de este Contexto
11-Sep-2025 18:09:56.520 INFO [http-nio-8080-exec-46] org.apache.catalina.core.StandardContext.reload Ha comenzado la recarga de Contexto [/ProyectoProgra2]
11-Sep-2025 18:09:58.469 INFO [http-nio-8080-exec-46] org.apache.jasper.servlet.TldScanner.scanJars Al menos un JAR, que se ha explorado buscando TLDs, aún no contenía TLDs. Activar historial de depuración para este historiador para una completa lista de los JARs que fueron explorados y de los que nos se halló TLDs. Saltarse JARs no necesarios durante la exploración puede dar lugar a una mejora de tiempo significativa en el arranque y compilación de JSP .
11-Sep-2025 18:09:58.509 INFO [http-nio-8080-exec-46] org.springframework.web.context.ContextLoader.initWebApplicationContext Root WebApplicationContext: initialization started
11-Sep-2025 18:09:58.815 INFO [http-nio-8080-exec-46] org.springframework.web.context.ContextLoader.initWebApplicationContext Root WebApplicationContext initialized in 306 ms
11-Sep-2025 18:09:58.822 INFO [http-nio-8080-exec-46] org.springframework.web.servlet.FrameworkServlet.initServletBean Initializing Servlet 'dispatcher'
11-Sep-2025 18:09:59.287 INFO [http-nio-8080-exec-46] org.springframework.web.servlet.FrameworkServlet.initServletBean Completed initialization in 465 ms
11-Sep-2025 18:09:59.294 INFO [http-nio-8080-exec-46] org.apache.catalina.core.StandardContext.reload Se ha completado la recarga de este Contexto
11-Sep-2025 18:09:59.622 INFO [http-nio-8080-exec-49] org.apache.catalina.core.StandardContext.reload Ha comenzado la recarga de Contexto [/ProyectoProgra2]
11-Sep-2025 18:10:01.621 INFO [http-nio-8080-exec-49] org.apache.jasper.servlet.TldScanner.scanJars Al menos un JAR, que se ha explorado buscando TLDs, aún no contenía TLDs. Activar historial de depuración para este historiador para una completa lista de los JARs que fueron explorados y de los que nos se halló TLDs. Saltarse JARs no necesarios durante la exploración puede dar lugar a una mejora de tiempo significativa en el arranque y compilación de JSP .
11-Sep-2025 18:10:01.671 INFO [http-nio-8080-exec-49] org.springframework.web.context.ContextLoader.initWebApplicationContext Root WebApplicationContext: initialization started
11-Sep-2025 18:10:02.073 INFO [http-nio-8080-exec-49] org.springframework.web.context.ContextLoader.initWebApplicationContext Root WebApplicationContext initialized in 402 ms
11-Sep-2025 18:10:02.081 INFO [http-nio-8080-exec-49] org.springframework.web.servlet.FrameworkServlet.initServletBean Initializing Servlet 'dispatcher'
11-Sep-2025 18:10:02.665 INFO [http-nio-8080-exec-49] org.springframework.web.servlet.FrameworkServlet.initServletBean Completed initialization in 584 ms
11-Sep-2025 18:10:02.669 INFO [http-nio-8080-exec-49] org.apache.catalina.core.StandardContext.reload Se ha completado la recarga de este Contexto
11-Sep-2025 18:10:02.993 INFO [http-nio-8080-exec-35] org.apache.catalina.core.StandardContext.reload Ha comenzado la recarga de Contexto [/ProyectoProgra2]
11-Sep-2025 18:10:05.026 INFO [http-nio-8080-exec-35] org.apache.jasper.servlet.TldScanner.scanJars Al menos un JAR, que se ha explorado buscando TLDs, aún no contenía TLDs. Activar historial de depuración para este historiador para una completa lista de los JARs que fueron explorados y de los que nos se halló TLDs. Saltarse JARs no necesarios durante la exploración puede dar lugar a una mejora de tiempo significativa en el arranque y compilación de JSP .
11-Sep-2025 18:10:05.075 INFO [http-nio-8080-exec-35] org.springframework.web.context.ContextLoader.initWebApplicationContext Root WebApplicationContext: initialization started
11-Sep-2025 18:10:05.514 INFO [http-nio-8080-exec-35] org.springframework.web.context.ContextLoader.initWebApplicationContext Root WebApplicationContext initialized in 438 ms
11-Sep-2025 18:10:05.522 INFO [http-nio-8080-exec-35] org.springframework.web.servlet.FrameworkServlet.initServletBean Initializing Servlet 'dispatcher'
11-Sep-2025 18:10:05.953 INFO [http-nio-8080-exec-35] org.springframework.web.servlet.FrameworkServlet.initServletBean Completed initialization in 431 ms
11-Sep-2025 18:10:05.955 INFO [http-nio-8080-exec-35] org.apache.catalina.core.StandardContext.reload Se ha completado la recarga de este Contexto
11-Sep-2025 18:10:06.274 INFO [http-nio-8080-exec-51] org.apache.catalina.core.StandardContext.reload Ha comenzado la recarga de Contexto [/ProyectoProgra2]
11-Sep-2025 18:10:08.382 INFO [http-nio-8080-exec-51] org.apache.jasper.servlet.TldScanner.scanJars Al menos un JAR, que se ha explorado buscando TLDs, aún no contenía TLDs. Activar historial de depuración para este historiador para una completa lista de los JARs que fueron explorados y de los que nos se halló TLDs. Saltarse JARs no necesarios durante la exploración puede dar lugar a una mejora de tiempo significativa en el arranque y compilación de JSP .
11-Sep-2025 18:10:08.433 INFO [http-nio-8080-exec-51] org.springframework.web.context.ContextLoader.initWebApplicationContext Root WebApplicationContext: initialization started
11-Sep-2025 18:10:08.785 INFO [http-nio-8080-exec-51] org.springframework.web.context.ContextLoader.initWebApplicationContext Root WebApplicationContext initialized in 352 ms
11-Sep-2025 18:10:08.792 INFO [http-nio-8080-exec-51] org.springframework.web.servlet.FrameworkServlet.initServletBean Initializing Servlet 'dispatcher'
11-Sep-2025 18:10:09.169 INFO [http-nio-8080-exec-51] org.springframework.web.servlet.FrameworkServlet.initServletBean Completed initialization in 377 ms
11-Sep-2025 18:10:09.172 INFO [http-nio-8080-exec-51] org.apache.catalina.core.StandardContext.reload Se ha completado la recarga de este Contexto
11-Sep-2025 18:10:09.500 INFO [http-nio-8080-exec-47] org.apache.catalina.core.StandardContext.reload Ha comenzado la recarga de Contexto [/ProyectoProgra2]
11-Sep-2025 18:10:11.308 INFO [http-nio-8080-exec-47] org.apache.jasper.servlet.TldScanner.scanJars Al menos un JAR, que se ha explorado buscando TLDs, aún no contenía TLDs. Activar historial de depuración para este historiador para una completa lista de los JARs que fueron explorados y de los que nos se halló TLDs. Saltarse JARs no necesarios durante la exploración puede dar lugar a una mejora de tiempo significativa en el arranque y compilación de JSP .
11-Sep-2025 18:10:11.354 INFO [http-nio-8080-exec-47] org.springframework.web.context.ContextLoader.initWebApplicationContext Root WebApplicationContext: initialization started
11-Sep-2025 18:10:11.709 INFO [http-nio-8080-exec-47] org.springframework.web.context.ContextLoader.initWebApplicationContext Root WebApplicationContext initialized in 355 ms
11-Sep-2025 18:10:11.718 INFO [http-nio-8080-exec-47] org.springframework.web.servlet.FrameworkServlet.initServletBean Initializing Servlet 'dispatcher'
11-Sep-2025 18:10:12.118 INFO [http-nio-8080-exec-47] org.springframework.web.servlet.FrameworkServlet.initServletBean Completed initialization in 400 ms
11-Sep-2025 18:10:12.120 INFO [http-nio-8080-exec-47] org.apache.catalina.core.StandardContext.reload Se ha completado la recarga de este Contexto
11-Sep-2025 18:14:00.982 INFO [http-nio-8080-exec-59] org.apache.catalina.core.StandardContext.reload Ha comenzado la recarga de Contexto [/ProyectoProgra2]
11-Sep-2025 18:14:02.732 INFO [http-nio-8080-exec-59] org.apache.jasper.servlet.TldScanner.scanJars Al menos un JAR, que se ha explorado buscando TLDs, aún no contenía TLDs. Activar historial de depuración para este historiador para una completa lista de los JARs que fueron explorados y de los que nos se halló TLDs. Saltarse JARs no necesarios durante la exploración puede dar lugar a una mejora de tiempo significativa en el arranque y compilación de JSP .
11-Sep-2025 18:14:02.773 INFO [http-nio-8080-exec-59] org.springframework.web.context.ContextLoader.initWebApplicationContext Root WebApplicationContext: initialization started
11-Sep-2025 18:14:03.064 INFO [http-nio-8080-exec-59] org.springframework.web.context.ContextLoader.initWebApplicationContext Root WebApplicationContext initialized in 291 ms
11-Sep-2025 18:14:03.071 INFO [http-nio-8080-exec-59] org.springframework.web.servlet.FrameworkServlet.initServletBean Initializing Servlet 'dispatcher'
11-Sep-2025 18:14:03.405 INFO [http-nio-8080-exec-59] org.springframework.web.servlet.FrameworkServlet.initServletBean Completed initialization in 334 ms
11-Sep-2025 18:14:03.408 INFO [http-nio-8080-exec-59] org.apache.catalina.core.StandardContext.reload Se ha completado la recarga de este Contexto
11-Sep-2025 18:14:03.726 INFO [http-nio-8080-exec-64] org.apache.catalina.core.StandardContext.reload Ha comenzado la recarga de Contexto [/ProyectoProgra2]
11-Sep-2025 18:14:05.316 INFO [http-nio-8080-exec-64] org.apache.jasper.servlet.TldScanner.scanJars Al menos un JAR, que se ha explorado buscando TLDs, aún no contenía TLDs. Activar historial de depuración para este historiador para una completa lista de los JARs que fueron explorados y de los que nos se halló TLDs. Saltarse JARs no necesarios durante la exploración puede dar lugar a una mejora de tiempo significativa en el arranque y compilación de JSP .
11-Sep-2025 18:14:05.353 INFO [http-nio-8080-exec-64] org.springframework.web.context.ContextLoader.initWebApplicationContext Root WebApplicationContext: initialization started
11-Sep-2025 18:14:05.616 INFO [http-nio-8080-exec-64] org.springframework.web.context.ContextLoader.initWebApplicationContext Root WebApplicationContext initialized in 263 ms
11-Sep-2025 18:14:05.623 INFO [http-nio-8080-exec-64] org.springframework.web.servlet.FrameworkServlet.initServletBean Initializing Servlet 'dispatcher'
11-Sep-2025 18:14:05.946 INFO [http-nio-8080-exec-64] org.springframework.web.servlet.FrameworkServlet.initServletBean Completed initialization in 323 ms
11-Sep-2025 18:14:05.948 INFO [http-nio-8080-exec-64] org.apache.catalina.core.StandardContext.reload Se ha completado la recarga de este Contexto
11-Sep-2025 18:14:20.828 INFO [http-nio-8080-exec-61] org.apache.catalina.core.StandardContext.reload Ha comenzado la recarga de Contexto [/ProyectoProgra2]
11-Sep-2025 18:14:22.879 INFO [http-nio-8080-exec-61] org.apache.jasper.servlet.TldScanner.scanJars Al menos un JAR, que se ha explorado buscando TLDs, aún no contenía TLDs. Activar historial de depuración para este historiador para una completa lista de los JARs que fueron explorados y de los que nos se halló TLDs. Saltarse JARs no necesarios durante la exploración puede dar lugar a una mejora de tiempo significativa en el arranque y compilación de JSP .
11-Sep-2025 18:14:22.918 INFO [http-nio-8080-exec-61] org.springframework.web.context.ContextLoader.initWebApplicationContext Root WebApplicationContext: initialization started
11-Sep-2025 18:14:23.244 INFO [http-nio-8080-exec-61] org.springframework.web.context.ContextLoader.initWebApplicationContext Root WebApplicationContext initialized in 326 ms
11-Sep-2025 18:14:23.257 INFO [http-nio-8080-exec-61] org.springframework.web.servlet.FrameworkServlet.initServletBean Initializing Servlet 'dispatcher'
11-Sep-2025 18:14:23.711 INFO [http-nio-8080-exec-61] org.springframework.web.servlet.FrameworkServlet.initServletBean Completed initialization in 454 ms
11-Sep-2025 18:14:23.714 INFO [http-nio-8080-exec-61] org.apache.catalina.core.StandardContext.reload Se ha completado la recarga de este Contexto
11-Sep-2025 18:14:29.056 INFO [http-nio-8080-exec-66] org.apache.catalina.core.StandardContext.reload Ha comenzado la recarga de Contexto [/ProyectoProgra2]
11-Sep-2025 18:14:30.687 INFO [http-nio-8080-exec-66] org.apache.jasper.servlet.TldScanner.scanJars Al menos un JAR, que se ha explorado buscando TLDs, aún no contenía TLDs. Activar historial de depuración para este historiador para una completa lista de los JARs que fueron explorados y de los que nos se halló TLDs. Saltarse JARs no necesarios durante la exploración puede dar lugar a una mejora de tiempo significativa en el arranque y compilación de JSP .
11-Sep-2025 18:14:30.722 INFO [http-nio-8080-exec-66] org.springframework.web.context.ContextLoader.initWebApplicationContext Root WebApplicationContext: initialization started
11-Sep-2025 18:14:30.990 INFO [http-nio-8080-exec-66] org.springframework.web.context.ContextLoader.initWebApplicationContext Root WebApplicationContext initialized in 268 ms
11-Sep-2025 18:14:30.996 INFO [http-nio-8080-exec-66] org.springframework.web.servlet.FrameworkServlet.initServletBean Initializing Servlet 'dispatcher'
11-Sep-2025 18:14:31.353 INFO [http-nio-8080-exec-66] org.springframework.web.servlet.FrameworkServlet.initServletBean Completed initialization in 357 ms
11-Sep-2025 18:14:31.358 INFO [http-nio-8080-exec-66] org.apache.catalina.core.StandardContext.reload Se ha completado la recarga de este Contexto
11-Sep-2025 18:14:53.407 INFO [http-nio-8080-exec-68] org.apache.catalina.core.StandardContext.reload Ha comenzado la recarga de Contexto [/ProyectoProgra2]
11-Sep-2025 18:14:55.749 INFO [http-nio-8080-exec-68] org.apache.jasper.servlet.TldScanner.scanJars Al menos un JAR, que se ha explorado buscando TLDs, aún no contenía TLDs. Activar historial de depuración para este historiador para una completa lista de los JARs que fueron explorados y de los que nos se halló TLDs. Saltarse JARs no necesarios durante la exploración puede dar lugar a una mejora de tiempo significativa en el arranque y compilación de JSP .
11-Sep-2025 18:14:55.793 INFO [http-nio-8080-exec-68] org.springframework.web.context.ContextLoader.initWebApplicationContext Root WebApplicationContext: initialization started
11-Sep-2025 18:14:56.231 INFO [http-nio-8080-exec-68] org.springframework.web.context.ContextLoader.initWebApplicationContext Root WebApplicationContext initialized in 437 ms
11-Sep-2025 18:14:56.243 INFO [http-nio-8080-exec-68] org.springframework.web.servlet.FrameworkServlet.initServletBean Initializing Servlet 'dispatcher'
11-Sep-2025 18:14:56.790 INFO [http-nio-8080-exec-68] org.springframework.web.servlet.FrameworkServlet.initServletBean Completed initialization in 547 ms
11-Sep-2025 18:14:56.793 INFO [http-nio-8080-exec-68] org.apache.catalina.core.StandardContext.reload Se ha completado la recarga de este Contexto
11-Sep-2025 18:15:34.175 INFO [http-nio-8080-exec-67] org.apache.catalina.core.StandardContext.reload Ha comenzado la recarga de Contexto [/ProyectoProgra2]
11-Sep-2025 18:15:35.910 INFO [http-nio-8080-exec-67] org.apache.jasper.servlet.TldScanner.scanJars Al menos un JAR, que se ha explorado buscando TLDs, aún no contenía TLDs. Activar historial de depuración para este historiador para una completa lista de los JARs que fueron explorados y de los que nos se halló TLDs. Saltarse JARs no necesarios durante la exploración puede dar lugar a una mejora de tiempo significativa en el arranque y compilación de JSP .
11-Sep-2025 18:15:35.948 INFO [http-nio-8080-exec-67] org.springframework.web.context.ContextLoader.initWebApplicationContext Root WebApplicationContext: initialization started
11-Sep-2025 18:15:36.307 INFO [http-nio-8080-exec-67] org.springframework.web.context.ContextLoader.initWebApplicationContext Root WebApplicationContext initialized in 359 ms
11-Sep-2025 18:15:36.316 INFO [http-nio-8080-exec-67] org.springframework.web.servlet.FrameworkServlet.initServletBean Initializing Servlet 'dispatcher'
11-Sep-2025 18:15:36.789 INFO [http-nio-8080-exec-67] org.springframework.web.servlet.FrameworkServlet.initServletBean Completed initialization in 472 ms
11-Sep-2025 18:15:36.792 INFO [http-nio-8080-exec-67] org.apache.catalina.core.StandardContext.reload Se ha completado la recarga de este Contexto
