16-Sep-2025 17:19:53.634 INFO [main] org.apache.catalina.startup.VersionLoggerListener.log Nombre de la versión del servidor: Apache Tomcat/9.0.108
16-Sep-2025 17:19:53.637 INFO [main] org.apache.catalina.startup.VersionLoggerListener.log Server built:                      Jul 31 2025 18:19:48 UTC
16-Sep-2025 17:19:53.637 INFO [main] org.apache.catalina.startup.VersionLoggerListener.log Número de versión de servidor:     9.0.108.0
16-Sep-2025 17:19:53.637 INFO [main] org.apache.catalina.startup.VersionLoggerListener.log OS Name:                           Windows 11
16-Sep-2025 17:19:53.637 INFO [main] org.apache.catalina.startup.VersionLoggerListener.log Versión de Systema Operativo:      10.0
16-Sep-2025 17:19:53.637 INFO [main] org.apache.catalina.startup.VersionLoggerListener.log Arquitectura:                      amd64
16-Sep-2025 17:19:53.637 INFO [main] org.apache.catalina.startup.VersionLoggerListener.log Java Home:                         C:\Program Files\Java\jdk-24
16-Sep-2025 17:19:53.637 INFO [main] org.apache.catalina.startup.VersionLoggerListener.log JVM Version:                       24.0.1+9-30
16-Sep-2025 17:19:53.637 INFO [main] org.apache.catalina.startup.VersionLoggerListener.log Vededor JVM:                       Oracle Corporation
16-Sep-2025 17:19:53.637 INFO [main] org.apache.catalina.startup.VersionLoggerListener.log CATALINA_BASE:                     C:\Users\josep\OneDrive\Documentos\Escritorio\Pro2\ProyectoProgra2\tomcat\apache-tomcat-9.0.108
16-Sep-2025 17:19:53.639 INFO [main] org.apache.catalina.startup.VersionLoggerListener.log CATALINA_HOME:                     C:\Users\josep\OneDrive\Documentos\Escritorio\Pro2\ProyectoProgra2\tomcat\apache-tomcat-9.0.108
16-Sep-2025 17:19:53.649 INFO [main] org.apache.catalina.startup.VersionLoggerListener.log Command line argument:             --add-opens=java.base/java.lang=ALL-UNNAMED
16-Sep-2025 17:19:53.649 INFO [main] org.apache.catalina.startup.VersionLoggerListener.log Command line argument:             --add-opens=java.base/java.lang.invoke=ALL-UNNAMED
16-Sep-2025 17:19:53.649 INFO [main] org.apache.catalina.startup.VersionLoggerListener.log Command line argument:             --add-opens=java.base/java.lang.reflect=ALL-UNNAMED
16-Sep-2025 17:19:53.650 INFO [main] org.apache.catalina.startup.VersionLoggerListener.log Command line argument:             --add-opens=java.base/java.io=ALL-UNNAMED
16-Sep-2025 17:19:53.650 INFO [main] org.apache.catalina.startup.VersionLoggerListener.log Command line argument:             --add-opens=java.base/java.util=ALL-UNNAMED
16-Sep-2025 17:19:53.650 INFO [main] org.apache.catalina.startup.VersionLoggerListener.log Command line argument:             --add-opens=java.base/java.util.concurrent=ALL-UNNAMED
16-Sep-2025 17:19:53.650 INFO [main] org.apache.catalina.startup.VersionLoggerListener.log Command line argument:             --add-opens=java.rmi/sun.rmi.transport=ALL-UNNAMED
16-Sep-2025 17:19:53.650 INFO [main] org.apache.catalina.startup.VersionLoggerListener.log Command line argument:             -Djava.util.logging.config.file=C:\Users\josep\OneDrive\Documentos\Escritorio\Pro2\ProyectoProgra2\tomcat\apache-tomcat-9.0.108\conf\logging.properties
16-Sep-2025 17:19:53.650 INFO [main] org.apache.catalina.startup.VersionLoggerListener.log Command line argument:             -Djava.util.logging.manager=org.apache.juli.ClassLoaderLogManager
16-Sep-2025 17:19:53.650 INFO [main] org.apache.catalina.startup.VersionLoggerListener.log Command line argument:             -Djdk.tls.ephemeralDHKeySize=2048
16-Sep-2025 17:19:53.650 INFO [main] org.apache.catalina.startup.VersionLoggerListener.log Command line argument:             -Djava.protocol.handler.pkgs=org.apache.catalina.webresources
16-Sep-2025 17:19:53.651 INFO [main] org.apache.catalina.startup.VersionLoggerListener.log Command line argument:             -Dsun.io.useCanonCaches=false
16-Sep-2025 17:19:53.651 INFO [main] org.apache.catalina.startup.VersionLoggerListener.log Command line argument:             -Dignore.endorsed.dirs=
16-Sep-2025 17:19:53.651 INFO [main] org.apache.catalina.startup.VersionLoggerListener.log Command line argument:             -Dcatalina.base=C:\Users\josep\OneDrive\Documentos\Escritorio\Pro2\ProyectoProgra2\tomcat\apache-tomcat-9.0.108
16-Sep-2025 17:19:53.667 INFO [main] org.apache.catalina.startup.VersionLoggerListener.log Command line argument:             -Dcatalina.home=C:\Users\josep\OneDrive\Documentos\Escritorio\Pro2\ProyectoProgra2\tomcat\apache-tomcat-9.0.108
16-Sep-2025 17:19:53.667 INFO [main] org.apache.catalina.startup.VersionLoggerListener.log Command line argument:             -Djava.io.tmpdir=C:\Users\josep\OneDrive\Documentos\Escritorio\Pro2\ProyectoProgra2\tomcat\apache-tomcat-9.0.108\temp
16-Sep-2025 17:19:53.682 INFO [main] org.apache.catalina.core.AprLifecycleListener.lifecycleEvent La biblioteca nativa de Apache Tomcat basada en ARP que permite un rendimiento óptimo en entornos de desarrollo no ha sido hallada en java.library.path: [C:\Program Files\Java\jdk-24\bin;C:\WINDOWS\Sun\Java\bin;C:\WINDOWS\system32;C:\WINDOWS;C:\app\josep\product\21c\dbhomeXE\bin;C:\Program Files\Common Files\Oracle\Java\javapath;C:\Program Files (x86)\Common Files\Oracle\Java\java8path;C:\Program Files (x86)\Common Files\Oracle\Java\javapath;C:\WINDOWS\system32;C:\WINDOWS;C:\WINDOWS\System32\Wbem;C:\WINDOWS\System32\WindowsPowerShell\v1.0\;C:\WINDOWS\System32\OpenSSH\;C:\Program Files (x86)\NVIDIA Corporation\PhysX\Common;C:\Program Files\dotnet\;C:\Program Files\Git\cmd;C:\Program Files (x86)\Microsoft SQL Server\160\Tools\Binn\;C:\Program Files\Microsoft SQL Server\160\Tools\Binn\;C:\Program Files\Microsoft SQL Server\Client SDK\ODBC\170\Tools\Binn\;C:\Program Files\Microsoft SQL Server\160\DTS\Binn\;C:\Program Files (x86)\Microsoft SQL Server\160\DTS\Binn\;C:\Flutter\flutter\bin;C:\Program Files\Microsoft SQL Server\150\Tools\Binn\;C:\Program Files\NVIDIA Corporation\NVIDIA app\NvDLISR;C:\Program Files\nodejs\;C:\Program Files\Microsoft SQL Server\130\Tools\Binn\;C:\Program Files\Docker\Docker\resources\bin;C:\Program Files\MySQL\MySQL Shell 8.0\bin\;C:\Users\josep\AppData\Local\Microsoft\WindowsApps;C:\Users\josep\AppData\Local\Programs\Microsoft VS Code\bin;C:\Users\josep\AppData\Local\GitHubDesktop\bin;C:\Users\josep\AppData\Local\gitkraken\bin;C:\Users\josep\AppData\Roaming\TinyTeX\bin\windows;C:\Flutter\flutter\bin;C:\Users\josep\AppData\Local\Microsoft\WinGet\Packages\Schniz.fnm_Microsoft.Winget.Source_8wekyb3d8bbwe;C:\Users\josep\AppData\Local\Microsoft\WindowsApps;C:\Users\josep\AppData\Local\Programs\Windsurf\bin;C:\Users\josep\.dotnet\tools;C:\Users\josep\AppData\Roaming\npm;.]
16-Sep-2025 17:19:54.013 INFO [main] org.apache.coyote.AbstractProtocol.init Inicializando el manejador de protocolo ["http-nio-8080"]

16-Sep-2025 17:19:54.044 INFO [main] org.apache.catalina.startup.Catalina.load Server initialization in [674] milliseconds
16-Sep-2025 17:19:54.114 INFO [main] org.apache.catalina.core.StandardService.startInternal Arrancando servicio [Catalina]
16-Sep-2025 17:19:54.114 INFO [main] org.apache.catalina.core.StandardEngine.startInternal Starting Servlet engine: [Apache Tomcat/9.0.108]
16-Sep-2025 17:19:54.126 INFO [main] org.apache.catalina.startup.HostConfig.deployDescriptor Desplieque del descriptor de configuración [C:\Users\josep\OneDrive\Documentos\Escritorio\Pro2\ProyectoProgra2\tomcat\apache-tomcat-9.0.108\conf\Catalina\localhost\ProyectoProgra2.xml]
16-Sep-2025 17:19:54.146 WARNING [main] org.apache.catalina.startup.HostConfig.deployDescriptor The path attribute with value [/ProyectoProgra2] in deployment descriptor [C:\Users\josep\OneDrive\Documentos\Escritorio\Pro2\ProyectoProgra2\tomcat\apache-tomcat-9.0.108\conf\Catalina\localhost\ProyectoProgra2.xml] has been ignored
16-Sep-2025 17:19:54.189 SEVERE [main] org.apache.catalina.startup.HostConfig.deployDescriptor Error durante el despliegue del descriptor de configuración [C:\Users\josep\OneDrive\Documentos\Escritorio\Pro2\ProyectoProgra2\tomcat\apache-tomcat-9.0.108\conf\Catalina\localhost\ProyectoProgra2.xml]
	java.lang.IllegalStateException: Error starting child
		at org.apache.catalina.core.ContainerBase.addChildInternal(ContainerBase.java:602)
		at org.apache.catalina.core.ContainerBase.addChild(ContainerBase.java:571)
		at org.apache.catalina.core.StandardHost.addChild(StandardHost.java:603)
		at org.apache.catalina.startup.HostConfig.deployDescriptor(HostConfig.java:680)
		at org.apache.catalina.startup.HostConfig$DeployDescriptor.run(HostConfig.java:1839)
		at java.base/java.util.concurrent.Executors$RunnableAdapter.call(Executors.java:545)
		at java.base/java.util.concurrent.FutureTask.run(FutureTask.java:328)
		at org.apache.tomcat.util.threads.InlineExecutorService.execute(InlineExecutorService.java:76)
		at java.base/java.util.concurrent.AbstractExecutorService.submit(AbstractExecutorService.java:124)
		at org.apache.catalina.startup.HostConfig.deployDescriptors(HostConfig.java:575)
		at org.apache.catalina.startup.HostConfig.deployApps(HostConfig.java:466)
		at org.apache.catalina.startup.HostConfig.start(HostConfig.java:1579)
		at org.apache.catalina.startup.HostConfig.lifecycleEvent(HostConfig.java:312)
		at org.apache.catalina.util.LifecycleBase.fireLifecycleEvent(LifecycleBase.java:109)
		at org.apache.catalina.util.LifecycleBase.setStateInternal(LifecycleBase.java:389)
		at org.apache.catalina.util.LifecycleBase.setState(LifecycleBase.java:336)
		at org.apache.catalina.core.ContainerBase.startInternal(ContainerBase.java:776)
		at org.apache.catalina.core.StandardHost.startInternal(StandardHost.java:721)
		at org.apache.catalina.util.LifecycleBase.start(LifecycleBase.java:164)
		at org.apache.catalina.core.ContainerBase$StartChild.call(ContainerBase.java:1203)
		at org.apache.catalina.core.ContainerBase$StartChild.call(ContainerBase.java:1193)
		at java.base/java.util.concurrent.FutureTask.run(FutureTask.java:328)
		at org.apache.tomcat.util.threads.InlineExecutorService.execute(InlineExecutorService.java:76)
		at java.base/java.util.concurrent.AbstractExecutorService.submit(AbstractExecutorService.java:148)
		at org.apache.catalina.core.ContainerBase.startInternal(ContainerBase.java:749)
		at org.apache.catalina.core.StandardEngine.startInternal(StandardEngine.java:211)
		at org.apache.catalina.util.LifecycleBase.start(LifecycleBase.java:164)
		at org.apache.catalina.core.StandardService.startInternal(StandardService.java:412)
		at org.apache.catalina.util.LifecycleBase.start(LifecycleBase.java:164)
		at org.apache.catalina.core.StandardServer.startInternal(StandardServer.java:874)
		at org.apache.catalina.util.LifecycleBase.start(LifecycleBase.java:164)
		at org.apache.catalina.startup.Catalina.start(Catalina.java:739)
		at java.base/jdk.internal.reflect.DirectMethodHandleAccessor.invoke(DirectMethodHandleAccessor.java:104)
		at java.base/java.lang.reflect.Method.invoke(Method.java:565)
		at org.apache.catalina.startup.Bootstrap.start(Bootstrap.java:345)
		at org.apache.catalina.startup.Bootstrap.main(Bootstrap.java:476)
	Caused by: org.apache.catalina.LifecycleException: Failed to start component [org.apache.catalina.webresources.StandardRoot@35b74c5c]
		at org.apache.catalina.util.LifecycleBase.handleSubClassException(LifecycleBase.java:406)
		at org.apache.catalina.util.LifecycleBase.start(LifecycleBase.java:179)
		at org.apache.catalina.core.StandardContext.resourcesStart(StandardContext.java:4172)
		at org.apache.catalina.core.StandardContext.startInternal(StandardContext.java:4294)
		at org.apache.catalina.util.LifecycleBase.start(LifecycleBase.java:164)
		at org.apache.catalina.core.ContainerBase.addChildInternal(ContainerBase.java:599)
		... 35 more
	Caused by: java.lang.IllegalArgumentException: The main resource set specified [C:\Users\josep\OneDrive\Documentos\Escritorio\Pro2\ProyectoProgra2\ProyectoProgra2\build\web] is not a directory or war file, or is not readable (it does not exist or permissions to access it are missing)
		at org.apache.catalina.webresources.StandardRoot.createMainResourceSet(StandardRoot.java:758)
		at org.apache.catalina.webresources.StandardRoot.startInternal(StandardRoot.java:715)
		at org.apache.catalina.util.LifecycleBase.start(LifecycleBase.java:164)
		... 39 more
16-Sep-2025 17:19:54.235 INFO [main] org.apache.catalina.startup.HostConfig.deployDescriptor Deployment of deployment descriptor [C:\Users\josep\OneDrive\Documentos\Escritorio\Pro2\ProyectoProgra2\tomcat\apache-tomcat-9.0.108\conf\Catalina\localhost\ProyectoProgra2.xml] has finished in [106] ms
16-Sep-2025 17:19:54.235 INFO [main] org.apache.catalina.startup.HostConfig.deployDescriptor Desplieque del descriptor de configuración [C:\Users\josep\OneDrive\Documentos\Escritorio\Pro2\ProyectoProgra2\tomcat\apache-tomcat-9.0.108\conf\Catalina\localhost\TrabajoenGrupo.xml]
16-Sep-2025 17:19:54.237 WARNING [main] org.apache.catalina.startup.HostConfig.deployDescriptor The path attribute with value [/TrabajoenGrupo] in deployment descriptor [C:\Users\josep\OneDrive\Documentos\Escritorio\Pro2\ProyectoProgra2\tomcat\apache-tomcat-9.0.108\conf\Catalina\localhost\TrabajoenGrupo.xml] has been ignored
16-Sep-2025 17:19:54.243 SEVERE [main] org.apache.catalina.startup.HostConfig.deployDescriptor Error durante el despliegue del descriptor de configuración [C:\Users\josep\OneDrive\Documentos\Escritorio\Pro2\ProyectoProgra2\tomcat\apache-tomcat-9.0.108\conf\Catalina\localhost\TrabajoenGrupo.xml]
	java.lang.IllegalStateException: Error starting child
		at org.apache.catalina.core.ContainerBase.addChildInternal(ContainerBase.java:602)
		at org.apache.catalina.core.ContainerBase.addChild(ContainerBase.java:571)
		at org.apache.catalina.core.StandardHost.addChild(StandardHost.java:603)
		at org.apache.catalina.startup.HostConfig.deployDescriptor(HostConfig.java:680)
		at org.apache.catalina.startup.HostConfig$DeployDescriptor.run(HostConfig.java:1839)
		at java.base/java.util.concurrent.Executors$RunnableAdapter.call(Executors.java:545)
		at java.base/java.util.concurrent.FutureTask.run(FutureTask.java:328)
		at org.apache.tomcat.util.threads.InlineExecutorService.execute(InlineExecutorService.java:76)
		at java.base/java.util.concurrent.AbstractExecutorService.submit(AbstractExecutorService.java:124)
		at org.apache.catalina.startup.HostConfig.deployDescriptors(HostConfig.java:575)
		at org.apache.catalina.startup.HostConfig.deployApps(HostConfig.java:466)
		at org.apache.catalina.startup.HostConfig.start(HostConfig.java:1579)
		at org.apache.catalina.startup.HostConfig.lifecycleEvent(HostConfig.java:312)
		at org.apache.catalina.util.LifecycleBase.fireLifecycleEvent(LifecycleBase.java:109)
		at org.apache.catalina.util.LifecycleBase.setStateInternal(LifecycleBase.java:389)
		at org.apache.catalina.util.LifecycleBase.setState(LifecycleBase.java:336)
		at org.apache.catalina.core.ContainerBase.startInternal(ContainerBase.java:776)
		at org.apache.catalina.core.StandardHost.startInternal(StandardHost.java:721)
		at org.apache.catalina.util.LifecycleBase.start(LifecycleBase.java:164)
		at org.apache.catalina.core.ContainerBase$StartChild.call(ContainerBase.java:1203)
		at org.apache.catalina.core.ContainerBase$StartChild.call(ContainerBase.java:1193)
		at java.base/java.util.concurrent.FutureTask.run(FutureTask.java:328)
		at org.apache.tomcat.util.threads.InlineExecutorService.execute(InlineExecutorService.java:76)
		at java.base/java.util.concurrent.AbstractExecutorService.submit(AbstractExecutorService.java:148)
		at org.apache.catalina.core.ContainerBase.startInternal(ContainerBase.java:749)
		at org.apache.catalina.core.StandardEngine.startInternal(StandardEngine.java:211)
		at org.apache.catalina.util.LifecycleBase.start(LifecycleBase.java:164)
		at org.apache.catalina.core.StandardService.startInternal(StandardService.java:412)
		at org.apache.catalina.util.LifecycleBase.start(LifecycleBase.java:164)
		at org.apache.catalina.core.StandardServer.startInternal(StandardServer.java:874)
		at org.apache.catalina.util.LifecycleBase.start(LifecycleBase.java:164)
		at org.apache.catalina.startup.Catalina.start(Catalina.java:739)
		at java.base/jdk.internal.reflect.DirectMethodHandleAccessor.invoke(DirectMethodHandleAccessor.java:104)
		at java.base/java.lang.reflect.Method.invoke(Method.java:565)
		at org.apache.catalina.startup.Bootstrap.start(Bootstrap.java:345)
		at org.apache.catalina.startup.Bootstrap.main(Bootstrap.java:476)
	Caused by: org.apache.catalina.LifecycleException: Failed to start component [org.apache.catalina.webresources.StandardRoot@51bf5add]
		at org.apache.catalina.util.LifecycleBase.handleSubClassException(LifecycleBase.java:406)
		at org.apache.catalina.util.LifecycleBase.start(LifecycleBase.java:179)
		at org.apache.catalina.core.StandardContext.resourcesStart(StandardContext.java:4172)
		at org.apache.catalina.core.StandardContext.startInternal(StandardContext.java:4294)
		at org.apache.catalina.util.LifecycleBase.start(LifecycleBase.java:164)
		at org.apache.catalina.core.ContainerBase.addChildInternal(ContainerBase.java:599)
		... 35 more
	Caused by: java.lang.IllegalArgumentException: The main resource set specified [C:\Users\josep\OneDrive\Documentos\Escritorio\TrabajoenGrupo\build\web] is not a directory or war file, or is not readable (it does not exist or permissions to access it are missing)
		at org.apache.catalina.webresources.StandardRoot.createMainResourceSet(StandardRoot.java:758)
		at org.apache.catalina.webresources.StandardRoot.startInternal(StandardRoot.java:715)
		at org.apache.catalina.util.LifecycleBase.start(LifecycleBase.java:164)
		... 39 more
16-Sep-2025 17:19:54.504 INFO [main] org.apache.catalina.startup.HostConfig.deployDescriptor Deployment of deployment descriptor [C:\Users\josep\OneDrive\Documentos\Escritorio\Pro2\ProyectoProgra2\tomcat\apache-tomcat-9.0.108\conf\Catalina\localhost\TrabajoenGrupo.xml] has finished in [269] ms
16-Sep-2025 17:19:54.505 INFO [main] org.apache.catalina.startup.HostConfig.deployDirectory Desplegando el directorio [C:\Users\josep\OneDrive\Documentos\Escritorio\Pro2\ProyectoProgra2\tomcat\apache-tomcat-9.0.108\webapps\docs] de la aplicación web
16-Sep-2025 17:19:54.841 INFO [main] org.apache.catalina.startup.HostConfig.deployDirectory Deployment of web application directory [C:\Users\josep\OneDrive\Documentos\Escritorio\Pro2\ProyectoProgra2\tomcat\apache-tomcat-9.0.108\webapps\docs] has finished in [336] ms
16-Sep-2025 17:19:54.841 INFO [main] org.apache.catalina.startup.HostConfig.deployDirectory Desplegando el directorio [C:\Users\josep\OneDrive\Documentos\Escritorio\Pro2\ProyectoProgra2\tomcat\apache-tomcat-9.0.108\webapps\examples] de la aplicación web
16-Sep-2025 17:19:55.488 INFO [main] org.apache.catalina.startup.HostConfig.deployDirectory Deployment of web application directory [C:\Users\josep\OneDrive\Documentos\Escritorio\Pro2\ProyectoProgra2\tomcat\apache-tomcat-9.0.108\webapps\examples] has finished in [647] ms
16-Sep-2025 17:19:55.489 INFO [main] org.apache.catalina.startup.HostConfig.deployDirectory Desplegando el directorio [C:\Users\josep\OneDrive\Documentos\Escritorio\Pro2\ProyectoProgra2\tomcat\apache-tomcat-9.0.108\webapps\host-manager] de la aplicación web
16-Sep-2025 17:19:55.545 INFO [main] org.apache.catalina.startup.HostConfig.deployDirectory Deployment of web application directory [C:\Users\josep\OneDrive\Documentos\Escritorio\Pro2\ProyectoProgra2\tomcat\apache-tomcat-9.0.108\webapps\host-manager] has finished in [56] ms
16-Sep-2025 17:19:55.546 INFO [main] org.apache.catalina.startup.HostConfig.deployDirectory Desplegando el directorio [C:\Users\josep\OneDrive\Documentos\Escritorio\Pro2\ProyectoProgra2\tomcat\apache-tomcat-9.0.108\webapps\manager] de la aplicación web
16-Sep-2025 17:19:55.601 INFO [main] org.apache.catalina.startup.HostConfig.deployDirectory Deployment of web application directory [C:\Users\josep\OneDrive\Documentos\Escritorio\Pro2\ProyectoProgra2\tomcat\apache-tomcat-9.0.108\webapps\manager] has finished in [55] ms
16-Sep-2025 17:19:55.601 INFO [main] org.apache.catalina.startup.HostConfig.deployDirectory Desplegando el directorio [C:\Users\josep\OneDrive\Documentos\Escritorio\Pro2\ProyectoProgra2\tomcat\apache-tomcat-9.0.108\webapps\ROOT] de la aplicación web
16-Sep-2025 17:19:55.639 INFO [main] org.apache.catalina.startup.HostConfig.deployDirectory Deployment of web application directory [C:\Users\josep\OneDrive\Documentos\Escritorio\Pro2\ProyectoProgra2\tomcat\apache-tomcat-9.0.108\webapps\ROOT] has finished in [38] ms
16-Sep-2025 17:19:55.643 INFO [main] org.apache.coyote.AbstractProtocol.start Starting ProtocolHandler ["http-nio-8080"]
16-Sep-2025 17:19:55.673 INFO [main] org.apache.catalina.startup.Catalina.start Server startup in [1626] milliseconds
16-Sep-2025 17:20:01.124 INFO [http-nio-8080-exec-5] org.apache.catalina.startup.HostConfig.undeploy Repliegue (undeploy) de la aplicación web que tiene como trayectoria de contexto [/TrabajoenGrupo]
16-Sep-2025 17:20:01.150 INFO [http-nio-8080-exec-4] org.apache.catalina.startup.HostConfig.deployDescriptor Desplieque del descriptor de configuración [C:\Users\josep\OneDrive\Documentos\Escritorio\Pro2\ProyectoProgra2\tomcat\apache-tomcat-9.0.108\conf\Catalina\localhost\TrabajoenGrupo.xml]
16-Sep-2025 17:20:01.151 WARNING [http-nio-8080-exec-4] org.apache.catalina.startup.HostConfig.deployDescriptor The path attribute with value [/TrabajoenGrupo] in deployment descriptor [C:\Users\josep\OneDrive\Documentos\Escritorio\Pro2\ProyectoProgra2\tomcat\apache-tomcat-9.0.108\conf\Catalina\localhost\TrabajoenGrupo.xml] has been ignored
16-Sep-2025 17:20:02.952 INFO [http-nio-8080-exec-4] org.apache.jasper.servlet.TldScanner.scanJars Al menos un JAR, que se ha explorado buscando TLDs, aún no contenía TLDs. Activar historial de depuración para este historiador para una completa lista de los JARs que fueron explorados y de los que nos se halló TLDs. Saltarse JARs no necesarios durante la exploración puede dar lugar a una mejora de tiempo significativa en el arranque y compilación de JSP .
16-Sep-2025 17:20:03.733 SEVERE [http-nio-8080-exec-4] com.sun.xml.ws.transport.http.servlet.WSServletContextListener.parseAdaptersAndCreateDelegate WSSERVLET11: Fallo al analizar el descriptor en tiempo de ejecución: java.lang.NoClassDefFoundError: jakarta/xml/ws/WebServiceFeature
	java.lang.NoClassDefFoundError: jakarta/xml/ws/WebServiceFeature
		at java.base/java.lang.Class.getDeclaredConstructors0(Native Method)
		at java.base/java.lang.Class.privateGetDeclaredConstructors(Class.java:3006)
		at java.base/java.lang.Class.getConstructor0(Class.java:3211)
		at java.base/java.lang.Class.getConstructor(Class.java:2201)
		at java.base/java.util.ServiceLoader.getConstructor(ServiceLoader.java:623)
		at java.base/java.util.ServiceLoader$LazyClassPathLookupIterator.hasNextService(ServiceLoader.java:1111)
		at java.base/java.util.ServiceLoader$LazyClassPathLookupIterator.hasNext(ServiceLoader.java:1142)
		at java.base/java.util.ServiceLoader$1.hasNext(ServiceLoader.java:1164)
		at java.base/java.util.ServiceLoader$2.hasNext(ServiceLoader.java:1246)
		at com.sun.xml.ws.util.ServiceFinder$CompositeIterator.hasNext(ServiceFinder.java:277)
		at com.sun.xml.ws.policy.jaxws.PolicyUtil.addServiceProviders(PolicyUtil.java:66)
		at com.sun.xml.ws.policy.jaxws.PolicyUtil.<clinit>(PolicyUtil.java:53)
		at com.sun.xml.ws.policy.jaxws.PolicyWSDLGeneratorExtension.loadConfigurators(PolicyWSDLGeneratorExtension.java:446)
		at com.sun.xml.ws.policy.jaxws.PolicyWSDLGeneratorExtension.start(PolicyWSDLGeneratorExtension.java:94)
		at com.sun.xml.ws.wsdl.writer.WSDLGeneratorExtensionFacade.start(WSDLGeneratorExtensionFacade.java:41)
		at com.sun.xml.ws.wsdl.writer.WSDLGenerator.generateDocument(WSDLGenerator.java:374)
		at com.sun.xml.ws.wsdl.writer.WSDLGenerator.doGeneration(WSDLGenerator.java:286)
		at com.sun.xml.ws.db.DatabindingImpl.generateWSDL(DatabindingImpl.java:229)
		at com.sun.xml.ws.server.EndpointFactory.generateWSDL(EndpointFactory.java:660)
		at com.sun.xml.ws.server.EndpointFactory.create(EndpointFactory.java:278)
		at com.sun.xml.ws.server.EndpointFactory.createEndpoint(EndpointFactory.java:134)
		at com.sun.xml.ws.api.server.WSEndpoint.create(WSEndpoint.java:578)
		at com.sun.xml.ws.api.server.WSEndpoint.create(WSEndpoint.java:560)
		at com.sun.xml.ws.transport.http.DeploymentDescriptorParser.parseAdapters(DeploymentDescriptorParser.java:273)
		at com.sun.xml.ws.transport.http.DeploymentDescriptorParser.parse(DeploymentDescriptorParser.java:149)
		at com.sun.xml.ws.transport.http.servlet.WSServletContextListener.parseAdaptersAndCreateDelegate(WSServletContextListener.java:101)
		at com.sun.xml.ws.transport.http.servlet.WSServletContainerInitializer.onStartup(WSServletContainerInitializer.java:35)
		at org.apache.catalina.core.StandardContext.startInternal(StandardContext.java:4491)
		at org.apache.catalina.util.LifecycleBase.start(LifecycleBase.java:164)
		at org.apache.catalina.core.ContainerBase.addChildInternal(ContainerBase.java:599)
		at org.apache.catalina.core.ContainerBase.addChild(ContainerBase.java:571)
		at org.apache.catalina.core.StandardHost.addChild(StandardHost.java:603)
		at org.apache.catalina.startup.HostConfig.deployDescriptor(HostConfig.java:680)
		at org.apache.catalina.startup.HostConfig.deployApps(HostConfig.java:529)
		at org.apache.catalina.startup.HostConfig.check(HostConfig.java:1653)
		at java.base/jdk.internal.reflect.DirectMethodHandleAccessor.invoke(DirectMethodHandleAccessor.java:104)
		at java.base/java.lang.reflect.Method.invoke(Method.java:565)
		at org.apache.tomcat.util.modeler.BaseModelMBean.invoke(BaseModelMBean.java:252)
		at java.management/com.sun.jmx.interceptor.DefaultMBeanServerInterceptor.invoke(DefaultMBeanServerInterceptor.java:627)
		at java.management/com.sun.jmx.mbeanserver.JmxMBeanServer.invoke(JmxMBeanServer.java:790)
		at org.apache.catalina.manager.ManagerServlet.check(ManagerServlet.java:1470)
		at org.apache.catalina.manager.ManagerServlet.deploy(ManagerServlet.java:943)
		at org.apache.catalina.manager.ManagerServlet.doGet(ManagerServlet.java:307)
		at javax.servlet.http.HttpServlet.service(HttpServlet.java:529)
		at javax.servlet.http.HttpServlet.service(HttpServlet.java:623)
		at org.apache.catalina.core.ApplicationFilterChain.internalDoFilter(ApplicationFilterChain.java:199)
		at org.apache.catalina.core.ApplicationFilterChain.doFilter(ApplicationFilterChain.java:144)
		at org.apache.tomcat.websocket.server.WsFilter.doFilter(WsFilter.java:51)
		at org.apache.catalina.core.ApplicationFilterChain.internalDoFilter(ApplicationFilterChain.java:168)
		at org.apache.catalina.core.ApplicationFilterChain.doFilter(ApplicationFilterChain.java:144)
		at org.apache.catalina.filters.HttpHeaderSecurityFilter.doFilter(HttpHeaderSecurityFilter.java:129)
		at org.apache.catalina.core.ApplicationFilterChain.internalDoFilter(ApplicationFilterChain.java:168)
		at org.apache.catalina.core.ApplicationFilterChain.doFilter(ApplicationFilterChain.java:144)
		at org.apache.catalina.core.StandardWrapperValve.invoke(StandardWrapperValve.java:168)
		at org.apache.catalina.core.StandardContextValve.invoke(StandardContextValve.java:90)
		at org.apache.catalina.authenticator.AuthenticatorBase.invoke(AuthenticatorBase.java:597)
		at org.apache.catalina.valves.RequestFilterValve.process(RequestFilterValve.java:354)
		at org.apache.catalina.valves.RemoteAddrValve.invoke(RemoteAddrValve.java:54)
		at org.apache.catalina.core.StandardHostValve.invoke(StandardHostValve.java:130)
		at org.apache.catalina.valves.ErrorReportValve.invoke(ErrorReportValve.java:93)
		at org.apache.catalina.valves.AbstractAccessLogValve.invoke(AbstractAccessLogValve.java:656)
		at org.apache.catalina.core.StandardEngineValve.invoke(StandardEngineValve.java:74)
		at org.apache.catalina.connector.CoyoteAdapter.service(CoyoteAdapter.java:346)
		at org.apache.coyote.http11.Http11Processor.service(Http11Processor.java:397)
		at org.apache.coyote.AbstractProcessorLight.process(AbstractProcessorLight.java:63)
		at org.apache.coyote.AbstractProtocol$ConnectionHandler.process(AbstractProtocol.java:935)
		at org.apache.tomcat.util.net.NioEndpoint$SocketProcessor.doRun(NioEndpoint.java:1826)
		at org.apache.tomcat.util.net.SocketProcessorBase.run(SocketProcessorBase.java:52)
		at org.apache.tomcat.util.threads.ThreadPoolExecutor.runWorker(ThreadPoolExecutor.java:1189)
		at org.apache.tomcat.util.threads.ThreadPoolExecutor$Worker.run(ThreadPoolExecutor.java:658)
		at org.apache.tomcat.util.threads.TaskThread$WrappingRunnable.run(TaskThread.java:63)
		at java.base/java.lang.Thread.run(Thread.java:1447)
	Caused by: java.lang.ClassNotFoundException: jakarta.xml.ws.WebServiceFeature
		at org.apache.catalina.loader.WebappClassLoaderBase.loadClass(WebappClassLoaderBase.java:1354)
		at org.apache.catalina.loader.WebappClassLoaderBase.loadClass(WebappClassLoaderBase.java:1163)
		... 72 more
16-Sep-2025 17:20:03.787 SEVERE [http-nio-8080-exec-4] org.apache.catalina.core.StandardContext.startInternal Error during ServletContainerInitializer processing
	javax.servlet.ServletException: com.sun.xml.ws.transport.http.servlet.WSServletException: WSSERVLET11: Fallo al analizar el descriptor en tiempo de ejecución: java.lang.NoClassDefFoundError: jakarta/xml/ws/WebServiceFeature
		at com.sun.xml.ws.transport.http.servlet.WSServletContainerInitializer.onStartup(WSServletContainerInitializer.java:40)
		at org.apache.catalina.core.StandardContext.startInternal(StandardContext.java:4491)
		at org.apache.catalina.util.LifecycleBase.start(LifecycleBase.java:164)
		at org.apache.catalina.core.ContainerBase.addChildInternal(ContainerBase.java:599)
		at org.apache.catalina.core.ContainerBase.addChild(ContainerBase.java:571)
		at org.apache.catalina.core.StandardHost.addChild(StandardHost.java:603)
		at org.apache.catalina.startup.HostConfig.deployDescriptor(HostConfig.java:680)
		at org.apache.catalina.startup.HostConfig.deployApps(HostConfig.java:529)
		at org.apache.catalina.startup.HostConfig.check(HostConfig.java:1653)
		at java.base/jdk.internal.reflect.DirectMethodHandleAccessor.invoke(DirectMethodHandleAccessor.java:104)
		at java.base/java.lang.reflect.Method.invoke(Method.java:565)
		at org.apache.tomcat.util.modeler.BaseModelMBean.invoke(BaseModelMBean.java:252)
		at java.management/com.sun.jmx.interceptor.DefaultMBeanServerInterceptor.invoke(DefaultMBeanServerInterceptor.java:627)
		at java.management/com.sun.jmx.mbeanserver.JmxMBeanServer.invoke(JmxMBeanServer.java:790)
		at org.apache.catalina.manager.ManagerServlet.check(ManagerServlet.java:1470)
		at org.apache.catalina.manager.ManagerServlet.deploy(ManagerServlet.java:943)
		at org.apache.catalina.manager.ManagerServlet.doGet(ManagerServlet.java:307)
		at javax.servlet.http.HttpServlet.service(HttpServlet.java:529)
		at javax.servlet.http.HttpServlet.service(HttpServlet.java:623)
		at org.apache.catalina.core.ApplicationFilterChain.internalDoFilter(ApplicationFilterChain.java:199)
		at org.apache.catalina.core.ApplicationFilterChain.doFilter(ApplicationFilterChain.java:144)
		at org.apache.tomcat.websocket.server.WsFilter.doFilter(WsFilter.java:51)
		at org.apache.catalina.core.ApplicationFilterChain.internalDoFilter(ApplicationFilterChain.java:168)
		at org.apache.catalina.core.ApplicationFilterChain.doFilter(ApplicationFilterChain.java:144)
		at org.apache.catalina.filters.HttpHeaderSecurityFilter.doFilter(HttpHeaderSecurityFilter.java:129)
		at org.apache.catalina.core.ApplicationFilterChain.internalDoFilter(ApplicationFilterChain.java:168)
		at org.apache.catalina.core.ApplicationFilterChain.doFilter(ApplicationFilterChain.java:144)
		at org.apache.catalina.core.StandardWrapperValve.invoke(StandardWrapperValve.java:168)
		at org.apache.catalina.core.StandardContextValve.invoke(StandardContextValve.java:90)
		at org.apache.catalina.authenticator.AuthenticatorBase.invoke(AuthenticatorBase.java:597)
		at org.apache.catalina.valves.RequestFilterValve.process(RequestFilterValve.java:354)
		at org.apache.catalina.valves.RemoteAddrValve.invoke(RemoteAddrValve.java:54)
		at org.apache.catalina.core.StandardHostValve.invoke(StandardHostValve.java:130)
		at org.apache.catalina.valves.ErrorReportValve.invoke(ErrorReportValve.java:93)
		at org.apache.catalina.valves.AbstractAccessLogValve.invoke(AbstractAccessLogValve.java:656)
		at org.apache.catalina.core.StandardEngineValve.invoke(StandardEngineValve.java:74)
		at org.apache.catalina.connector.CoyoteAdapter.service(CoyoteAdapter.java:346)
		at org.apache.coyote.http11.Http11Processor.service(Http11Processor.java:397)
		at org.apache.coyote.AbstractProcessorLight.process(AbstractProcessorLight.java:63)
		at org.apache.coyote.AbstractProtocol$ConnectionHandler.process(AbstractProtocol.java:935)
		at org.apache.tomcat.util.net.NioEndpoint$SocketProcessor.doRun(NioEndpoint.java:1826)
		at org.apache.tomcat.util.net.SocketProcessorBase.run(SocketProcessorBase.java:52)
		at org.apache.tomcat.util.threads.ThreadPoolExecutor.runWorker(ThreadPoolExecutor.java:1189)
		at org.apache.tomcat.util.threads.ThreadPoolExecutor$Worker.run(ThreadPoolExecutor.java:658)
		at org.apache.tomcat.util.threads.TaskThread$WrappingRunnable.run(TaskThread.java:63)
		at java.base/java.lang.Thread.run(Thread.java:1447)
	Caused by: com.sun.xml.ws.transport.http.servlet.WSServletException: WSSERVLET11: Fallo al analizar el descriptor en tiempo de ejecución: java.lang.NoClassDefFoundError: jakarta/xml/ws/WebServiceFeature
		at com.sun.xml.ws.transport.http.servlet.WSServletContextListener.parseAdaptersAndCreateDelegate(WSServletContextListener.java:111)
		at com.sun.xml.ws.transport.http.servlet.WSServletContainerInitializer.onStartup(WSServletContainerInitializer.java:35)
		... 45 more
	Caused by: java.lang.NoClassDefFoundError: jakarta/xml/ws/WebServiceFeature
		at java.base/java.lang.Class.getDeclaredConstructors0(Native Method)
		at java.base/java.lang.Class.privateGetDeclaredConstructors(Class.java:3006)
		at java.base/java.lang.Class.getConstructor0(Class.java:3211)
		at java.base/java.lang.Class.getConstructor(Class.java:2201)
		at java.base/java.util.ServiceLoader.getConstructor(ServiceLoader.java:623)
		at java.base/java.util.ServiceLoader$LazyClassPathLookupIterator.hasNextService(ServiceLoader.java:1111)
		at java.base/java.util.ServiceLoader$LazyClassPathLookupIterator.hasNext(ServiceLoader.java:1142)
		at java.base/java.util.ServiceLoader$1.hasNext(ServiceLoader.java:1164)
		at java.base/java.util.ServiceLoader$2.hasNext(ServiceLoader.java:1246)
		at com.sun.xml.ws.util.ServiceFinder$CompositeIterator.hasNext(ServiceFinder.java:277)
		at com.sun.xml.ws.policy.jaxws.PolicyUtil.addServiceProviders(PolicyUtil.java:66)
		at com.sun.xml.ws.policy.jaxws.PolicyUtil.<clinit>(PolicyUtil.java:53)
		at com.sun.xml.ws.policy.jaxws.PolicyWSDLGeneratorExtension.loadConfigurators(PolicyWSDLGeneratorExtension.java:446)
		at com.sun.xml.ws.policy.jaxws.PolicyWSDLGeneratorExtension.start(PolicyWSDLGeneratorExtension.java:94)
		at com.sun.xml.ws.wsdl.writer.WSDLGeneratorExtensionFacade.start(WSDLGeneratorExtensionFacade.java:41)
		at com.sun.xml.ws.wsdl.writer.WSDLGenerator.generateDocument(WSDLGenerator.java:374)
		at com.sun.xml.ws.wsdl.writer.WSDLGenerator.doGeneration(WSDLGenerator.java:286)
		at com.sun.xml.ws.db.DatabindingImpl.generateWSDL(DatabindingImpl.java:229)
		at com.sun.xml.ws.server.EndpointFactory.generateWSDL(EndpointFactory.java:660)
		at com.sun.xml.ws.server.EndpointFactory.create(EndpointFactory.java:278)
		at com.sun.xml.ws.server.EndpointFactory.createEndpoint(EndpointFactory.java:134)
		at com.sun.xml.ws.api.server.WSEndpoint.create(WSEndpoint.java:578)
		at com.sun.xml.ws.api.server.WSEndpoint.create(WSEndpoint.java:560)
		at com.sun.xml.ws.transport.http.DeploymentDescriptorParser.parseAdapters(DeploymentDescriptorParser.java:273)
		at com.sun.xml.ws.transport.http.DeploymentDescriptorParser.parse(DeploymentDescriptorParser.java:149)
		at com.sun.xml.ws.transport.http.servlet.WSServletContextListener.parseAdaptersAndCreateDelegate(WSServletContextListener.java:101)
		... 46 more
	Caused by: java.lang.ClassNotFoundException: jakarta.xml.ws.WebServiceFeature
		at org.apache.catalina.loader.WebappClassLoaderBase.loadClass(WebappClassLoaderBase.java:1354)
		at org.apache.catalina.loader.WebappClassLoaderBase.loadClass(WebappClassLoaderBase.java:1163)
		... 72 more
16-Sep-2025 17:20:03.863 SEVERE [http-nio-8080-exec-4] org.apache.catalina.core.StandardContext.startInternal Falló en arranque del Contexto [/TrabajoenGrupo] debido a errores previos
16-Sep-2025 17:20:03.869 SEVERE [http-nio-8080-exec-4] org.apache.catalina.loader.WebappClassLoaderBase.checkThreadLocalMapForLeaks La aplicación web [TrabajoenGrupo] creó un ThreadLocal con clave del tipo [com.sun.xml.ws.api.server.ThreadLocalContainerResolver$1] (valor [com.sun.xml.ws.api.server.ThreadLocalContainerResolver$1@489e1bf2]) y un valor del tipo [com.sun.xml.ws.api.server.Container.NoneContainer] (valor [com.sun.xml.ws.api.server.Container$NoneContainer@1d3add6e]) pero no pudo quitarlo cuando la aplicación web se paró. Los hilos se van a renovar con el tiempo para intentar evitar in posible fallo de memoria.
16-Sep-2025 17:20:03.874 INFO [http-nio-8080-exec-4] org.apache.catalina.startup.HostConfig.deployDescriptor Deployment of deployment descriptor [C:\Users\josep\OneDrive\Documentos\Escritorio\Pro2\ProyectoProgra2\tomcat\apache-tomcat-9.0.108\conf\Catalina\localhost\TrabajoenGrupo.xml] has finished in [2.724] ms
16-Sep-2025 17:30:56.407 INFO [Catalina-utility-2] org.apache.catalina.startup.HostConfig.reload Falló la recarga del contexto [/TrabajoenGrupo]
16-Sep-2025 17:30:58.754 INFO [Catalina-utility-2] org.apache.jasper.servlet.TldScanner.scanJars Al menos un JAR, que se ha explorado buscando TLDs, aún no contenía TLDs. Activar historial de depuración para este historiador para una completa lista de los JARs que fueron explorados y de los que nos se halló TLDs. Saltarse JARs no necesarios durante la exploración puede dar lugar a una mejora de tiempo significativa en el arranque y compilación de JSP .
16-Sep-2025 17:30:59.773 SEVERE [Catalina-utility-2] com.sun.xml.ws.transport.http.servlet.WSServletContextListener.parseAdaptersAndCreateDelegate WSSERVLET11: Fallo al analizar el descriptor en tiempo de ejecución: java.lang.NoClassDefFoundError: jakarta/xml/ws/WebServiceFeature
	java.lang.NoClassDefFoundError: jakarta/xml/ws/WebServiceFeature
		at java.base/java.lang.Class.getDeclaredConstructors0(Native Method)
		at java.base/java.lang.Class.privateGetDeclaredConstructors(Class.java:3006)
		at java.base/java.lang.Class.getConstructor0(Class.java:3211)
		at java.base/java.lang.Class.getConstructor(Class.java:2201)
		at java.base/java.util.ServiceLoader.getConstructor(ServiceLoader.java:623)
		at java.base/java.util.ServiceLoader$LazyClassPathLookupIterator.hasNextService(ServiceLoader.java:1111)
		at java.base/java.util.ServiceLoader$LazyClassPathLookupIterator.hasNext(ServiceLoader.java:1142)
		at java.base/java.util.ServiceLoader$1.hasNext(ServiceLoader.java:1164)
		at java.base/java.util.ServiceLoader$2.hasNext(ServiceLoader.java:1246)
		at com.sun.xml.ws.util.ServiceFinder$CompositeIterator.hasNext(ServiceFinder.java:277)
		at com.sun.xml.ws.policy.jaxws.PolicyUtil.addServiceProviders(PolicyUtil.java:66)
		at com.sun.xml.ws.policy.jaxws.PolicyUtil.<clinit>(PolicyUtil.java:53)
		at com.sun.xml.ws.policy.jaxws.PolicyWSDLGeneratorExtension.loadConfigurators(PolicyWSDLGeneratorExtension.java:446)
		at com.sun.xml.ws.policy.jaxws.PolicyWSDLGeneratorExtension.start(PolicyWSDLGeneratorExtension.java:94)
		at com.sun.xml.ws.wsdl.writer.WSDLGeneratorExtensionFacade.start(WSDLGeneratorExtensionFacade.java:41)
		at com.sun.xml.ws.wsdl.writer.WSDLGenerator.generateDocument(WSDLGenerator.java:374)
		at com.sun.xml.ws.wsdl.writer.WSDLGenerator.doGeneration(WSDLGenerator.java:286)
		at com.sun.xml.ws.db.DatabindingImpl.generateWSDL(DatabindingImpl.java:229)
		at com.sun.xml.ws.server.EndpointFactory.generateWSDL(EndpointFactory.java:660)
		at com.sun.xml.ws.server.EndpointFactory.create(EndpointFactory.java:278)
		at com.sun.xml.ws.server.EndpointFactory.createEndpoint(EndpointFactory.java:134)
		at com.sun.xml.ws.api.server.WSEndpoint.create(WSEndpoint.java:578)
		at com.sun.xml.ws.api.server.WSEndpoint.create(WSEndpoint.java:560)
		at com.sun.xml.ws.transport.http.DeploymentDescriptorParser.parseAdapters(DeploymentDescriptorParser.java:273)
		at com.sun.xml.ws.transport.http.DeploymentDescriptorParser.parse(DeploymentDescriptorParser.java:149)
		at com.sun.xml.ws.transport.http.servlet.WSServletContextListener.parseAdaptersAndCreateDelegate(WSServletContextListener.java:101)
		at com.sun.xml.ws.transport.http.servlet.WSServletContainerInitializer.onStartup(WSServletContainerInitializer.java:35)
		at org.apache.catalina.core.StandardContext.startInternal(StandardContext.java:4491)
		at org.apache.catalina.util.LifecycleBase.start(LifecycleBase.java:164)
		at org.apache.catalina.startup.HostConfig.reload(HostConfig.java:1423)
		at org.apache.catalina.startup.HostConfig.checkResources(HostConfig.java:1389)
		at org.apache.catalina.startup.HostConfig.check(HostConfig.java:1615)
		at org.apache.catalina.startup.HostConfig.lifecycleEvent(HostConfig.java:308)
		at org.apache.catalina.util.LifecycleBase.fireLifecycleEvent(LifecycleBase.java:109)
		at org.apache.catalina.core.ContainerBase.backgroundProcess(ContainerBase.java:973)
		at org.apache.catalina.core.ContainerBase$ContainerBackgroundProcessor.processChildren(ContainerBase.java:1172)
		at org.apache.catalina.core.ContainerBase$ContainerBackgroundProcessor.processChildren(ContainerBase.java:1176)
		at org.apache.catalina.core.ContainerBase$ContainerBackgroundProcessor.run(ContainerBase.java:1154)
		at java.base/java.util.concurrent.Executors$RunnableAdapter.call(Executors.java:545)
		at java.base/java.util.concurrent.FutureTask.runAndReset(FutureTask.java:369)
		at java.base/java.util.concurrent.ScheduledThreadPoolExecutor$ScheduledFutureTask.run(ScheduledThreadPoolExecutor.java:310)
		at java.base/java.util.concurrent.ThreadPoolExecutor.runWorker(ThreadPoolExecutor.java:1095)
		at java.base/java.util.concurrent.ThreadPoolExecutor$Worker.run(ThreadPoolExecutor.java:619)
		at org.apache.tomcat.util.threads.TaskThread$WrappingRunnable.run(TaskThread.java:63)
		at java.base/java.lang.Thread.run(Thread.java:1447)
	Caused by: java.lang.ClassNotFoundException: jakarta.xml.ws.WebServiceFeature
		at org.apache.catalina.loader.WebappClassLoaderBase.loadClass(WebappClassLoaderBase.java:1354)
		at org.apache.catalina.loader.WebappClassLoaderBase.loadClass(WebappClassLoaderBase.java:1163)
		... 45 more
16-Sep-2025 17:30:59.877 SEVERE [Catalina-utility-2] org.apache.catalina.core.StandardContext.startInternal Error during ServletContainerInitializer processing
	javax.servlet.ServletException: com.sun.xml.ws.transport.http.servlet.WSServletException: WSSERVLET11: Fallo al analizar el descriptor en tiempo de ejecución: java.lang.NoClassDefFoundError: jakarta/xml/ws/WebServiceFeature
		at com.sun.xml.ws.transport.http.servlet.WSServletContainerInitializer.onStartup(WSServletContainerInitializer.java:40)
		at org.apache.catalina.core.StandardContext.startInternal(StandardContext.java:4491)
		at org.apache.catalina.util.LifecycleBase.start(LifecycleBase.java:164)
		at org.apache.catalina.startup.HostConfig.reload(HostConfig.java:1423)
		at org.apache.catalina.startup.HostConfig.checkResources(HostConfig.java:1389)
		at org.apache.catalina.startup.HostConfig.check(HostConfig.java:1615)
		at org.apache.catalina.startup.HostConfig.lifecycleEvent(HostConfig.java:308)
		at org.apache.catalina.util.LifecycleBase.fireLifecycleEvent(LifecycleBase.java:109)
		at org.apache.catalina.core.ContainerBase.backgroundProcess(ContainerBase.java:973)
		at org.apache.catalina.core.ContainerBase$ContainerBackgroundProcessor.processChildren(ContainerBase.java:1172)
		at org.apache.catalina.core.ContainerBase$ContainerBackgroundProcessor.processChildren(ContainerBase.java:1176)
		at org.apache.catalina.core.ContainerBase$ContainerBackgroundProcessor.run(ContainerBase.java:1154)
		at java.base/java.util.concurrent.Executors$RunnableAdapter.call(Executors.java:545)
		at java.base/java.util.concurrent.FutureTask.runAndReset(FutureTask.java:369)
		at java.base/java.util.concurrent.ScheduledThreadPoolExecutor$ScheduledFutureTask.run(ScheduledThreadPoolExecutor.java:310)
		at java.base/java.util.concurrent.ThreadPoolExecutor.runWorker(ThreadPoolExecutor.java:1095)
		at java.base/java.util.concurrent.ThreadPoolExecutor$Worker.run(ThreadPoolExecutor.java:619)
		at org.apache.tomcat.util.threads.TaskThread$WrappingRunnable.run(TaskThread.java:63)
		at java.base/java.lang.Thread.run(Thread.java:1447)
	Caused by: com.sun.xml.ws.transport.http.servlet.WSServletException: WSSERVLET11: Fallo al analizar el descriptor en tiempo de ejecución: java.lang.NoClassDefFoundError: jakarta/xml/ws/WebServiceFeature
		at com.sun.xml.ws.transport.http.servlet.WSServletContextListener.parseAdaptersAndCreateDelegate(WSServletContextListener.java:111)
		at com.sun.xml.ws.transport.http.servlet.WSServletContainerInitializer.onStartup(WSServletContainerInitializer.java:35)
		... 18 more
	Caused by: java.lang.NoClassDefFoundError: jakarta/xml/ws/WebServiceFeature
		at java.base/java.lang.Class.getDeclaredConstructors0(Native Method)
		at java.base/java.lang.Class.privateGetDeclaredConstructors(Class.java:3006)
		at java.base/java.lang.Class.getConstructor0(Class.java:3211)
		at java.base/java.lang.Class.getConstructor(Class.java:2201)
		at java.base/java.util.ServiceLoader.getConstructor(ServiceLoader.java:623)
		at java.base/java.util.ServiceLoader$LazyClassPathLookupIterator.hasNextService(ServiceLoader.java:1111)
		at java.base/java.util.ServiceLoader$LazyClassPathLookupIterator.hasNext(ServiceLoader.java:1142)
		at java.base/java.util.ServiceLoader$1.hasNext(ServiceLoader.java:1164)
		at java.base/java.util.ServiceLoader$2.hasNext(ServiceLoader.java:1246)
		at com.sun.xml.ws.util.ServiceFinder$CompositeIterator.hasNext(ServiceFinder.java:277)
		at com.sun.xml.ws.policy.jaxws.PolicyUtil.addServiceProviders(PolicyUtil.java:66)
		at com.sun.xml.ws.policy.jaxws.PolicyUtil.<clinit>(PolicyUtil.java:53)
		at com.sun.xml.ws.policy.jaxws.PolicyWSDLGeneratorExtension.loadConfigurators(PolicyWSDLGeneratorExtension.java:446)
		at com.sun.xml.ws.policy.jaxws.PolicyWSDLGeneratorExtension.start(PolicyWSDLGeneratorExtension.java:94)
		at com.sun.xml.ws.wsdl.writer.WSDLGeneratorExtensionFacade.start(WSDLGeneratorExtensionFacade.java:41)
		at com.sun.xml.ws.wsdl.writer.WSDLGenerator.generateDocument(WSDLGenerator.java:374)
		at com.sun.xml.ws.wsdl.writer.WSDLGenerator.doGeneration(WSDLGenerator.java:286)
		at com.sun.xml.ws.db.DatabindingImpl.generateWSDL(DatabindingImpl.java:229)
		at com.sun.xml.ws.server.EndpointFactory.generateWSDL(EndpointFactory.java:660)
		at com.sun.xml.ws.server.EndpointFactory.create(EndpointFactory.java:278)
		at com.sun.xml.ws.server.EndpointFactory.createEndpoint(EndpointFactory.java:134)
		at com.sun.xml.ws.api.server.WSEndpoint.create(WSEndpoint.java:578)
		at com.sun.xml.ws.api.server.WSEndpoint.create(WSEndpoint.java:560)
		at com.sun.xml.ws.transport.http.DeploymentDescriptorParser.parseAdapters(DeploymentDescriptorParser.java:273)
		at com.sun.xml.ws.transport.http.DeploymentDescriptorParser.parse(DeploymentDescriptorParser.java:149)
		at com.sun.xml.ws.transport.http.servlet.WSServletContextListener.parseAdaptersAndCreateDelegate(WSServletContextListener.java:101)
		... 19 more
	Caused by: java.lang.ClassNotFoundException: jakarta.xml.ws.WebServiceFeature
		at org.apache.catalina.loader.WebappClassLoaderBase.loadClass(WebappClassLoaderBase.java:1354)
		at org.apache.catalina.loader.WebappClassLoaderBase.loadClass(WebappClassLoaderBase.java:1163)
		... 45 more
16-Sep-2025 17:30:59.969 SEVERE [Catalina-utility-2] org.apache.catalina.core.StandardContext.startInternal Falló en arranque del Contexto [/TrabajoenGrupo] debido a errores previos
16-Sep-2025 17:30:59.973 SEVERE [Catalina-utility-2] org.apache.catalina.loader.WebappClassLoaderBase.checkThreadLocalMapForLeaks La aplicación web [TrabajoenGrupo] creó un ThreadLocal con clave del tipo [com.sun.xml.ws.api.server.ThreadLocalContainerResolver$1] (valor [com.sun.xml.ws.api.server.ThreadLocalContainerResolver$1@282a2965]) y un valor del tipo [com.sun.xml.ws.api.server.Container.NoneContainer] (valor [com.sun.xml.ws.api.server.Container$NoneContainer@3c42fae]) pero no pudo quitarlo cuando la aplicación web se paró. Los hilos se van a renovar con el tiempo para intentar evitar in posible fallo de memoria.
16-Sep-2025 17:35:55.278 INFO [main] org.apache.catalina.core.StandardServer.await Se ha recibido un comando de apagado a través del puerto de apagado. Parando la instancia del Servidor.
16-Sep-2025 17:35:55.278 INFO [main] org.apache.coyote.AbstractProtocol.pause Pausing ProtocolHandler ["http-nio-8080"]
16-Sep-2025 17:35:55.286 INFO [main] org.apache.catalina.core.StandardService.stopInternal Parando servicio [Catalina]
16-Sep-2025 17:35:55.298 INFO [main] org.apache.coyote.AbstractProtocol.stop Stopping ProtocolHandler ["http-nio-8080"]
16-Sep-2025 17:35:55.312 INFO [main] org.apache.coyote.AbstractProtocol.destroy Destroying ProtocolHandler ["http-nio-8080"]
