13-Sep-2025 09:40:09.852 INFO [main] org.apache.catalina.core.ApplicationContext.log No Spring WebApplicationInitializer types detected on classpath
13-Sep-2025 09:40:09.870 INFO [main] org.apache.catalina.core.ApplicationContext.log Initializing Spring root WebApplicationContext
13-Sep-2025 09:40:10.869 INFO [main] org.apache.catalina.core.ApplicationContext.log Initializing Spring DispatcherServlet 'dispatcher'
13-Sep-2025 09:40:13.065 INFO [main] org.apache.catalina.core.ApplicationContext.log ContextListener: contextInitialized()
13-Sep-2025 09:40:13.065 INFO [main] org.apache.catalina.core.ApplicationContext.log SessionListener: contextInitialized()
13-Sep-2025 09:40:13.072 INFO [main] org.apache.catalina.core.ApplicationContext.log ContextListener: attributeAdded('StockTicker', 'async.Stockticker@6dc5e857')
13-Sep-2025 09:40:36.046 INFO [http-nio-8080-exec-7] org.apache.catalina.core.ApplicationContext.log Destroying Spring FrameworkServlet 'dispatcher'
13-Sep-2025 09:40:36.049 INFO [http-nio-8080-exec-7] org.apache.catalina.core.ApplicationContext.log Closing Spring root WebApplicationContext
13-Sep-2025 09:40:40.054 INFO [http-nio-8080-exec-3] org.apache.catalina.core.ApplicationContext.log No Spring WebApplicationInitializer types detected on classpath
13-Sep-2025 09:40:40.059 INFO [http-nio-8080-exec-3] org.apache.catalina.core.ApplicationContext.log Initializing Spring root WebApplicationContext
13-Sep-2025 09:40:40.767 INFO [http-nio-8080-exec-3] org.apache.catalina.core.ApplicationContext.log Initializing Spring DispatcherServlet 'dispatcher'
13-Sep-2025 09:43:56.202 INFO [http-nio-8080-exec-18] org.apache.catalina.core.ApplicationContext.log Destroying Spring FrameworkServlet 'dispatcher'
13-Sep-2025 09:43:56.218 INFO [http-nio-8080-exec-18] org.apache.catalina.core.ApplicationContext.log Closing Spring root WebApplicationContext
13-Sep-2025 09:43:59.657 INFO [http-nio-8080-exec-12] org.apache.catalina.core.ApplicationContext.log No Spring WebApplicationInitializer types detected on classpath
13-Sep-2025 09:43:59.662 INFO [http-nio-8080-exec-12] org.apache.catalina.core.ApplicationContext.log Initializing Spring root WebApplicationContext
13-Sep-2025 09:44:00.206 INFO [http-nio-8080-exec-12] org.apache.catalina.core.ApplicationContext.log Initializing Spring DispatcherServlet 'dispatcher'
13-Sep-2025 09:44:23.962 INFO [http-nio-8080-exec-20] org.apache.catalina.core.ApplicationContext.log Destroying Spring FrameworkServlet 'dispatcher'
13-Sep-2025 09:44:23.966 INFO [http-nio-8080-exec-20] org.apache.catalina.core.ApplicationContext.log Closing Spring root WebApplicationContext
13-Sep-2025 09:44:27.874 INFO [http-nio-8080-exec-23] org.apache.catalina.core.ApplicationContext.log No Spring WebApplicationInitializer types detected on classpath
13-Sep-2025 09:44:27.879 INFO [http-nio-8080-exec-23] org.apache.catalina.core.ApplicationContext.log Initializing Spring root WebApplicationContext
13-Sep-2025 09:44:28.505 INFO [http-nio-8080-exec-23] org.apache.catalina.core.ApplicationContext.log Initializing Spring DispatcherServlet 'dispatcher'
13-Sep-2025 10:50:03.572 INFO [http-nio-8080-exec-53] org.apache.catalina.core.ApplicationContext.log Destroying Spring FrameworkServlet 'dispatcher'
13-Sep-2025 10:50:03.575 INFO [http-nio-8080-exec-53] org.apache.catalina.core.ApplicationContext.log Closing Spring root WebApplicationContext
13-Sep-2025 10:50:07.229 INFO [http-nio-8080-exec-52] org.apache.catalina.core.ApplicationContext.log No Spring WebApplicationInitializer types detected on classpath
13-Sep-2025 10:50:07.236 INFO [http-nio-8080-exec-52] org.apache.catalina.core.ApplicationContext.log Initializing Spring root WebApplicationContext
13-Sep-2025 10:50:07.849 INFO [http-nio-8080-exec-52] org.apache.catalina.core.ApplicationContext.log Initializing Spring DispatcherServlet 'dispatcher'
13-Sep-2025 10:50:46.247 INFO [main] org.apache.catalina.core.ApplicationContext.log Destroying Spring FrameworkServlet 'dispatcher'
13-Sep-2025 10:50:46.251 INFO [main] org.apache.catalina.core.ApplicationContext.log Closing Spring root WebApplicationContext
13-Sep-2025 10:50:46.275 INFO [main] org.apache.catalina.core.ApplicationContext.log SessionListener: contextDestroyed()
13-Sep-2025 10:50:46.275 INFO [main] org.apache.catalina.core.ApplicationContext.log ContextListener: contextDestroyed()
