17-Sep-2025 18:14:06.301 INFO [http-nio-8080-exec-5] org.apache.catalina.core.ApplicationContext.log Manager: init: Associated with Deployer 'Catalina:type=Deployer,host=localhost'
17-Sep-2025 18:14:06.301 INFO [http-nio-8080-exec-5] org.apache.catalina.core.ApplicationContext.log Manager: init: Global resources are available
17-Sep-2025 18:14:11.693 INFO [http-nio-8080-exec-2] org.apache.catalina.core.ApplicationContext.log Manager: list: Listing contexts for virtual host 'localhost'
17-Sep-2025 18:14:11.698 INFO [http-nio-8080-exec-1] org.apache.catalina.core.ApplicationContext.log Manager: list: Listing contexts for virtual host 'localhost'
17-Sep-2025 18:14:48.982 INFO [http-nio-8080-exec-9] org.apache.catalina.core.ApplicationContext.log Manager: list: Listing contexts for virtual host 'localhost'
17-Sep-2025 18:14:49.014 INFO [http-nio-8080-exec-8] org.apache.catalina.core.ApplicationContext.log Manager: list: Listing contexts for virtual host 'localhost'
17-Sep-2025 18:14:49.034 INFO [http-nio-8080-exec-7] org.apache.catalina.core.ApplicationContext.log Manager: install: Installing context configuration at 'file:/C:/Users/josep/AppData/Local/Temp/context13712516068726605086.xml'
17-Sep-2025 18:14:52.549 INFO [http-nio-8080-exec-10] org.apache.catalina.core.ApplicationContext.log Manager: start: Starting web application '/Citas'
17-Sep-2025 18:23:30.544 INFO [http-nio-8080-exec-10] org.apache.catalina.core.ApplicationContext.log Manager: list: Listing contexts for virtual host 'localhost'
17-Sep-2025 18:23:30.555 INFO [http-nio-8080-exec-7] org.apache.catalina.core.ApplicationContext.log Manager: restart: Reloading web application '/Citas'
17-Sep-2025 18:23:44.179 INFO [http-nio-8080-exec-12] org.apache.catalina.core.ApplicationContext.log Manager: list: Listing contexts for virtual host 'localhost'
17-Sep-2025 18:23:44.184 INFO [http-nio-8080-exec-8] org.apache.catalina.core.ApplicationContext.log Manager: restart: Reloading web application '/Citas'
17-Sep-2025 18:23:47.629 INFO [http-nio-8080-exec-1] org.apache.catalina.core.ApplicationContext.log Manager: list: Listing contexts for virtual host 'localhost'
17-Sep-2025 18:23:47.635 INFO [http-nio-8080-exec-3] org.apache.catalina.core.ApplicationContext.log Manager: restart: Reloading web application '/Citas'
17-Sep-2025 18:31:48.566 INFO [http-nio-8080-exec-14] org.apache.catalina.core.ApplicationContext.log Manager: list: Listing contexts for virtual host 'localhost'
17-Sep-2025 18:31:48.572 INFO [http-nio-8080-exec-15] org.apache.catalina.core.ApplicationContext.log Manager: restart: Reloading web application '/Citas'
17-Sep-2025 18:31:52.854 INFO [http-nio-8080-exec-18] org.apache.catalina.core.ApplicationContext.log Manager: list: Listing contexts for virtual host 'localhost'
17-Sep-2025 18:31:52.860 INFO [http-nio-8080-exec-21] org.apache.catalina.core.ApplicationContext.log Manager: undeploy: Undeploying web application at '/Citas'
17-Sep-2025 18:31:57.257 INFO [http-nio-8080-exec-25] org.apache.catalina.core.ApplicationContext.log Manager: list: Listing contexts for virtual host 'localhost'
17-Sep-2025 18:31:57.260 INFO [http-nio-8080-exec-18] org.apache.catalina.core.ApplicationContext.log Manager: list: Listing contexts for virtual host 'localhost'
17-Sep-2025 18:31:57.270 INFO [http-nio-8080-exec-14] org.apache.catalina.core.ApplicationContext.log Manager: install: Installing context configuration at 'file:/C:/Users/josep/AppData/Local/Temp/context962979880859054859.xml'
17-Sep-2025 18:32:00.077 INFO [http-nio-8080-exec-19] org.apache.catalina.core.ApplicationContext.log Manager: start: Starting web application '/Citas'
17-Sep-2025 18:37:06.085 INFO [http-nio-8080-exec-27] org.apache.catalina.core.ApplicationContext.log Manager: list: Listing contexts for virtual host 'localhost'
17-Sep-2025 18:37:06.089 INFO [http-nio-8080-exec-26] org.apache.catalina.core.ApplicationContext.log Manager: restart: Reloading web application '/Citas'
17-Sep-2025 18:37:38.000 INFO [http-nio-8080-exec-33] org.apache.catalina.core.ApplicationContext.log Manager: list: Listing contexts for virtual host 'localhost'
17-Sep-2025 18:37:38.037 INFO [http-nio-8080-exec-30] org.apache.catalina.core.ApplicationContext.log Manager: list: Listing contexts for virtual host 'localhost'
17-Sep-2025 18:37:38.599 INFO [http-nio-8080-exec-35] org.apache.catalina.core.ApplicationContext.log Manager: list: Listing contexts for virtual host 'localhost'
17-Sep-2025 18:37:38.606 INFO [http-nio-8080-exec-36] org.apache.catalina.core.ApplicationContext.log Manager: restart: Reloading web application '/Citas'
17-Sep-2025 18:37:41.803 INFO [http-nio-8080-exec-30] org.apache.catalina.core.ApplicationContext.log Manager: list: Listing contexts for virtual host 'localhost'
17-Sep-2025 18:37:41.810 INFO [http-nio-8080-exec-29] org.apache.catalina.core.ApplicationContext.log Manager: restart: Reloading web application '/Citas'
17-Sep-2025 18:39:02.435 INFO [http-nio-8080-exec-42] org.apache.catalina.core.ApplicationContext.log Manager: list: Listing contexts for virtual host 'localhost'
17-Sep-2025 18:39:02.442 INFO [http-nio-8080-exec-37] org.apache.catalina.core.ApplicationContext.log Manager: restart: Reloading web application '/Citas'
17-Sep-2025 18:39:18.585 INFO [http-nio-8080-exec-42] org.apache.catalina.core.ApplicationContext.log Manager: list: Listing contexts for virtual host 'localhost'
17-Sep-2025 18:39:18.591 INFO [http-nio-8080-exec-41] org.apache.catalina.core.ApplicationContext.log Manager: restart: Reloading web application '/Citas'
17-Sep-2025 18:39:22.653 INFO [http-nio-8080-exec-35] org.apache.catalina.core.ApplicationContext.log Manager: list: Listing contexts for virtual host 'localhost'
17-Sep-2025 18:39:22.660 INFO [http-nio-8080-exec-38] org.apache.catalina.core.ApplicationContext.log Manager: restart: Reloading web application '/Citas'
17-Sep-2025 18:39:29.465 INFO [http-nio-8080-exec-27] org.apache.catalina.core.ApplicationContext.log Manager: list: Listing contexts for virtual host 'localhost'
17-Sep-2025 18:39:29.469 INFO [http-nio-8080-exec-31] org.apache.catalina.core.ApplicationContext.log Manager: restart: Reloading web application '/Citas'
17-Sep-2025 18:39:34.661 INFO [http-nio-8080-exec-47] org.apache.catalina.core.ApplicationContext.log Manager: list: Listing contexts for virtual host 'localhost'
17-Sep-2025 18:39:34.665 INFO [http-nio-8080-exec-42] org.apache.catalina.core.ApplicationContext.log Manager: restart: Reloading web application '/Citas'
17-Sep-2025 18:39:40.463 INFO [http-nio-8080-exec-44] org.apache.catalina.core.ApplicationContext.log Manager: list: Listing contexts for virtual host 'localhost'
17-Sep-2025 18:39:40.469 INFO [http-nio-8080-exec-50] org.apache.catalina.core.ApplicationContext.log Manager: undeploy: Undeploying web application at '/Citas'
17-Sep-2025 18:39:47.712 INFO [http-nio-8080-exec-52] org.apache.catalina.core.ApplicationContext.log Manager: list: Listing contexts for virtual host 'localhost'
17-Sep-2025 18:39:47.715 INFO [http-nio-8080-exec-49] org.apache.catalina.core.ApplicationContext.log Manager: list: Listing contexts for virtual host 'localhost'
17-Sep-2025 18:39:47.726 INFO [http-nio-8080-exec-46] org.apache.catalina.core.ApplicationContext.log Manager: install: Installing context configuration at 'file:/C:/Users/josep/AppData/Local/Temp/context18140208636668633313.xml'
17-Sep-2025 18:39:50.324 INFO [http-nio-8080-exec-47] org.apache.catalina.core.ApplicationContext.log Manager: start: Starting web application '/Citas'
17-Sep-2025 18:40:44.066 INFO [http-nio-8080-exec-56] org.apache.catalina.core.ApplicationContext.log Manager: list: Listing contexts for virtual host 'localhost'
17-Sep-2025 18:40:44.074 INFO [http-nio-8080-exec-57] org.apache.catalina.core.ApplicationContext.log Manager: undeploy: Undeploying web application at '/Citas'
17-Sep-2025 18:40:44.105 INFO [http-nio-8080-exec-53] org.apache.catalina.core.ApplicationContext.log Manager: list: Listing contexts for virtual host 'localhost'
17-Sep-2025 18:40:44.598 INFO [http-nio-8080-exec-56] org.apache.catalina.core.ApplicationContext.log Manager: restart: Reloading web application '/Citas'
17-Sep-2025 18:40:49.527 INFO [http-nio-8080-exec-47] org.apache.catalina.core.ApplicationContext.log Manager: list: Listing contexts for virtual host 'localhost'
17-Sep-2025 18:40:49.529 INFO [http-nio-8080-exec-49] org.apache.catalina.core.ApplicationContext.log Manager: list: Listing contexts for virtual host 'localhost'
17-Sep-2025 18:40:49.535 INFO [http-nio-8080-exec-53] org.apache.catalina.core.ApplicationContext.log Manager: install: Installing context configuration at 'file:/C:/Users/josep/AppData/Local/Temp/context4538314454541483117.xml'
17-Sep-2025 18:40:52.103 INFO [http-nio-8080-exec-57] org.apache.catalina.core.ApplicationContext.log Manager: start: Starting web application '/Citas'
17-Sep-2025 18:41:23.333 INFO [http-nio-8080-exec-47] org.apache.catalina.core.ApplicationContext.log Manager: list: Listing contexts for virtual host 'localhost'
17-Sep-2025 18:41:23.338 INFO [http-nio-8080-exec-59] org.apache.catalina.core.ApplicationContext.log Manager: list: Listing contexts for virtual host 'localhost'
17-Sep-2025 18:41:23.346 INFO [http-nio-8080-exec-61] org.apache.catalina.core.ApplicationContext.log Manager: undeploy: Undeploying web application at '/Citas'
17-Sep-2025 18:41:23.872 INFO [http-nio-8080-exec-51] org.apache.catalina.core.ApplicationContext.log Manager: install: Installing context configuration at 'file:/C:/Users/josep/AppData/Local/Temp/context7633552313842611201.xml'
17-Sep-2025 18:41:26.441 INFO [http-nio-8080-exec-62] org.apache.catalina.core.ApplicationContext.log Manager: start: Starting web application '/Citas'
17-Sep-2025 18:41:28.478 INFO [http-nio-8080-exec-47] org.apache.catalina.core.ApplicationContext.log Manager: list: Listing contexts for virtual host 'localhost'
17-Sep-2025 18:41:28.481 INFO [http-nio-8080-exec-64] org.apache.catalina.core.ApplicationContext.log Manager: undeploy: Undeploying web application at '/Citas'
17-Sep-2025 18:41:33.012 INFO [http-nio-8080-exec-47] org.apache.catalina.core.ApplicationContext.log Manager: list: Listing contexts for virtual host 'localhost'
17-Sep-2025 18:41:33.014 INFO [http-nio-8080-exec-49] org.apache.catalina.core.ApplicationContext.log Manager: list: Listing contexts for virtual host 'localhost'
17-Sep-2025 18:41:33.022 INFO [http-nio-8080-exec-66] org.apache.catalina.core.ApplicationContext.log Manager: install: Installing context configuration at 'file:/C:/Users/josep/AppData/Local/Temp/context17354738381807964305.xml'
17-Sep-2025 18:41:35.577 INFO [http-nio-8080-exec-62] org.apache.catalina.core.ApplicationContext.log Manager: start: Starting web application '/Citas'
17-Sep-2025 18:42:39.808 INFO [http-nio-8080-exec-68] org.apache.catalina.core.ApplicationContext.log Manager: list: Listing contexts for virtual host 'localhost'
17-Sep-2025 18:42:39.813 INFO [http-nio-8080-exec-69] org.apache.catalina.core.ApplicationContext.log Manager: restart: Reloading web application '/Citas'
17-Sep-2025 18:42:43.909 INFO [http-nio-8080-exec-49] org.apache.catalina.core.ApplicationContext.log Manager: list: Listing contexts for virtual host 'localhost'
17-Sep-2025 18:42:43.914 INFO [http-nio-8080-exec-67] org.apache.catalina.core.ApplicationContext.log Manager: restart: Reloading web application '/Citas'
17-Sep-2025 18:43:14.096 INFO [http-nio-8080-exec-74] org.apache.catalina.core.ApplicationContext.log Manager: list: Listing contexts for virtual host 'localhost'
17-Sep-2025 18:43:14.100 INFO [http-nio-8080-exec-70] org.apache.catalina.core.ApplicationContext.log Manager: restart: Reloading web application '/Citas'
17-Sep-2025 18:43:19.750 INFO [http-nio-8080-exec-68] org.apache.catalina.core.ApplicationContext.log Manager: list: Listing contexts for virtual host 'localhost'
17-Sep-2025 18:43:19.755 INFO [http-nio-8080-exec-77] org.apache.catalina.core.ApplicationContext.log Manager: undeploy: Undeploying web application at '/Citas'
17-Sep-2025 18:43:27.467 INFO [http-nio-8080-exec-78] org.apache.catalina.core.ApplicationContext.log Manager: list: Listing contexts for virtual host 'localhost'
17-Sep-2025 18:43:27.469 INFO [http-nio-8080-exec-75] org.apache.catalina.core.ApplicationContext.log Manager: list: Listing contexts for virtual host 'localhost'
17-Sep-2025 18:43:27.477 INFO [http-nio-8080-exec-72] org.apache.catalina.core.ApplicationContext.log Manager: install: Installing context configuration at 'file:/C:/Users/josep/AppData/Local/Temp/context3181800485534075804.xml'
17-Sep-2025 18:43:30.439 INFO [http-nio-8080-exec-71] org.apache.catalina.core.ApplicationContext.log Manager: start: Starting web application '/Citas'
17-Sep-2025 18:46:01.565 INFO [http-nio-8080-exec-82] org.apache.catalina.core.ApplicationContext.log Manager: list: Listing contexts for virtual host 'localhost'
17-Sep-2025 18:46:01.571 INFO [http-nio-8080-exec-80] org.apache.catalina.core.ApplicationContext.log Manager: restart: Reloading web application '/Citas'
17-Sep-2025 18:46:25.240 INFO [http-nio-8080-exec-90] org.apache.catalina.core.ApplicationContext.log Manager: list: Listing contexts for virtual host 'localhost'
17-Sep-2025 18:46:25.245 INFO [http-nio-8080-exec-85] org.apache.catalina.core.ApplicationContext.log Manager: restart: Reloading web application '/Citas'
17-Sep-2025 18:46:28.655 INFO [http-nio-8080-exec-86] org.apache.catalina.core.ApplicationContext.log Manager: list: Listing contexts for virtual host 'localhost'
17-Sep-2025 18:46:28.658 INFO [http-nio-8080-exec-81] org.apache.catalina.core.ApplicationContext.log Manager: restart: Reloading web application '/Citas'
17-Sep-2025 18:47:54.614 INFO [http-nio-8080-exec-82] org.apache.catalina.core.ApplicationContext.log Manager: list: Listing contexts for virtual host 'localhost'
17-Sep-2025 18:47:54.621 INFO [http-nio-8080-exec-86] org.apache.catalina.core.ApplicationContext.log Manager: undeploy: Undeploying web application at '/Citas'
17-Sep-2025 18:48:08.587 INFO [http-nio-8080-exec-93] org.apache.catalina.core.ApplicationContext.log Manager: list: Listing contexts for virtual host 'localhost'
17-Sep-2025 18:48:14.567 INFO [http-nio-8080-exec-78] org.apache.catalina.core.ApplicationContext.log Manager: list: Listing contexts for virtual host 'localhost'
17-Sep-2025 18:48:14.568 INFO [http-nio-8080-exec-83] org.apache.catalina.core.ApplicationContext.log Manager: list: Listing contexts for virtual host 'localhost'
17-Sep-2025 18:48:14.574 INFO [http-nio-8080-exec-90] org.apache.catalina.core.ApplicationContext.log Manager: install: Installing context configuration at 'file:/C:/Users/josep/AppData/Local/Temp/context17085287101047931735.xml'
17-Sep-2025 18:48:17.219 INFO [http-nio-8080-exec-82] org.apache.catalina.core.ApplicationContext.log Manager: start: Starting web application '/Citas'
17-Sep-2025 18:48:27.150 INFO [http-nio-8080-exec-93] org.apache.catalina.core.ApplicationContext.log Manager: list: Listing contexts for virtual host 'localhost'
17-Sep-2025 18:48:27.153 INFO [http-nio-8080-exec-96] org.apache.catalina.core.ApplicationContext.log Manager: restart: Reloading web application '/Citas'
17-Sep-2025 18:48:30.674 INFO [http-nio-8080-exec-98] org.apache.catalina.core.ApplicationContext.log Manager: list: Listing contexts for virtual host 'localhost'
17-Sep-2025 18:48:30.679 INFO [http-nio-8080-exec-97] org.apache.catalina.core.ApplicationContext.log Manager: restart: Reloading web application '/Citas'
17-Sep-2025 18:48:38.709 INFO [http-nio-8080-exec-78] org.apache.catalina.core.ApplicationContext.log Manager: list: Listing contexts for virtual host 'localhost'
17-Sep-2025 18:48:38.716 INFO [http-nio-8080-exec-93] org.apache.catalina.core.ApplicationContext.log Manager: restart: Reloading web application '/Citas'
17-Sep-2025 18:49:11.897 INFO [http-nio-8080-exec-104] org.apache.catalina.core.ApplicationContext.log Manager: list: Listing contexts for virtual host 'localhost'
17-Sep-2025 18:49:11.902 INFO [http-nio-8080-exec-98] org.apache.catalina.core.ApplicationContext.log Manager: restart: Reloading web application '/Citas'
17-Sep-2025 18:49:14.357 INFO [http-nio-8080-exec-82] org.apache.catalina.core.ApplicationContext.log Manager: list: Listing contexts for virtual host 'localhost'
17-Sep-2025 18:49:14.646 INFO [http-nio-8080-exec-101] org.apache.catalina.core.ApplicationContext.log Manager: undeploy: Undeploying web application at '/Citas'
17-Sep-2025 18:49:17.567 INFO [http-nio-8080-exec-91] org.apache.catalina.core.ApplicationContext.log Manager: list: Listing contexts for virtual host 'localhost'
17-Sep-2025 18:49:17.568 INFO [http-nio-8080-exec-104] org.apache.catalina.core.ApplicationContext.log Manager: list: Listing contexts for virtual host 'localhost'
17-Sep-2025 18:49:17.575 INFO [http-nio-8080-exec-102] org.apache.catalina.core.ApplicationContext.log Manager: install: Installing context configuration at 'file:/C:/Users/josep/AppData/Local/Temp/context14477900681311109250.xml'
17-Sep-2025 18:49:20.314 INFO [http-nio-8080-exec-101] org.apache.catalina.core.ApplicationContext.log Manager: start: Starting web application '/Citas'
17-Sep-2025 18:49:56.534 INFO [http-nio-8080-exec-104] org.apache.catalina.core.ApplicationContext.log Manager: list: Listing contexts for virtual host 'localhost'
17-Sep-2025 18:49:56.535 INFO [http-nio-8080-exec-107] org.apache.catalina.core.ApplicationContext.log Manager: list: Listing contexts for virtual host 'localhost'
17-Sep-2025 18:49:56.539 INFO [http-nio-8080-exec-101] org.apache.catalina.core.ApplicationContext.log Manager: undeploy: Undeploying web application at '/Citas'
17-Sep-2025 18:49:57.063 INFO [http-nio-8080-exec-98] org.apache.catalina.core.ApplicationContext.log Manager: install: Installing context configuration at 'file:/C:/Users/josep/AppData/Local/Temp/context7811616041300657566.xml'
17-Sep-2025 18:49:59.654 INFO [http-nio-8080-exec-109] org.apache.catalina.core.ApplicationContext.log Manager: start: Starting web application '/Citas'
17-Sep-2025 18:51:43.969 INFO [http-nio-8080-exec-111] org.apache.catalina.core.ApplicationContext.log Manager: list: Listing contexts for virtual host 'localhost'
17-Sep-2025 18:51:43.973 INFO [http-nio-8080-exec-105] org.apache.catalina.core.ApplicationContext.log Manager: restart: Reloading web application '/Citas'
17-Sep-2025 18:51:50.242 INFO [http-nio-8080-exec-113] org.apache.catalina.core.ApplicationContext.log Manager: list: Listing contexts for virtual host 'localhost'
17-Sep-2025 18:51:50.248 INFO [http-nio-8080-exec-114] org.apache.catalina.core.ApplicationContext.log Manager: restart: Reloading web application '/Citas'
17-Sep-2025 18:52:27.722 INFO [http-nio-8080-exec-107] org.apache.catalina.core.ApplicationContext.log Manager: list: Listing contexts for virtual host 'localhost'
17-Sep-2025 18:52:27.723 INFO [http-nio-8080-exec-117] org.apache.catalina.core.ApplicationContext.log Manager: list: Listing contexts for virtual host 'localhost'
17-Sep-2025 18:53:04.540 INFO [http-nio-8080-exec-113] org.apache.catalina.core.ApplicationContext.log Manager: list: Listing contexts for virtual host 'localhost'
17-Sep-2025 18:53:04.544 INFO [http-nio-8080-exec-116] org.apache.catalina.core.ApplicationContext.log Manager: restart: Reloading web application '/Citas'
17-Sep-2025 18:53:08.035 INFO [http-nio-8080-exec-121] org.apache.catalina.core.ApplicationContext.log Manager: list: Listing contexts for virtual host 'localhost'
17-Sep-2025 18:53:08.039 INFO [http-nio-8080-exec-120] org.apache.catalina.core.ApplicationContext.log Manager: restart: Reloading web application '/Citas'
