18-Sep-2025 09:39:37.553 INFO [http-nio-8080-exec-5] org.apache.catalina.core.ApplicationContext.log Manager: init: Associated with Deployer 'Catalina:type=Deployer,host=localhost'
18-Sep-2025 09:39:37.553 INFO [http-nio-8080-exec-5] org.apache.catalina.core.ApplicationContext.log Manager: init: Global resources are available
18-Sep-2025 09:41:32.618 INFO [http-nio-8080-exec-8] org.apache.catalina.core.ApplicationContext.log Manager: list: Listing contexts for virtual host 'localhost'
18-Sep-2025 09:41:32.639 INFO [http-nio-8080-exec-2] org.apache.catalina.core.ApplicationContext.log Manager: restart: Reloading web application '/Citas'
18-Sep-2025 09:41:54.244 INFO [http-nio-8080-exec-8] org.apache.catalina.core.ApplicationContext.log Manager: list: Listing contexts for virtual host 'localhost'
18-Sep-2025 09:41:54.252 INFO [http-nio-8080-exec-4] org.apache.catalina.core.ApplicationContext.log Manager: restart: Reloading web application '/Citas'
18-Sep-2025 09:41:57.202 INFO [http-nio-8080-exec-1] org.apache.catalina.core.ApplicationContext.log Manager: list: Listing contexts for virtual host 'localhost'
18-Sep-2025 09:41:57.207 INFO [http-nio-8080-exec-9] org.apache.catalina.core.ApplicationContext.log Manager: restart: Reloading web application '/Citas'
18-Sep-2025 09:43:00.496 INFO [http-nio-8080-exec-14] org.apache.catalina.core.ApplicationContext.log Manager: list: Listing contexts for virtual host 'localhost'
18-Sep-2025 09:43:27.747 INFO [http-nio-8080-exec-5] org.apache.catalina.core.ApplicationContext.log Manager: list: Listing contexts for virtual host 'localhost'
18-Sep-2025 09:44:08.238 INFO [http-nio-8080-exec-15] org.apache.catalina.core.ApplicationContext.log Manager: list: Listing contexts for virtual host 'localhost'
18-Sep-2025 09:44:19.966 INFO [http-nio-8080-exec-16] org.apache.catalina.core.ApplicationContext.log Manager: list: Listing contexts for virtual host 'localhost'
18-Sep-2025 09:45:34.241 INFO [http-nio-8080-exec-18] org.apache.catalina.core.ApplicationContext.log Manager: list: Listing contexts for virtual host 'localhost'
18-Sep-2025 09:46:36.528 INFO [http-nio-8080-exec-22] org.apache.catalina.core.ApplicationContext.log Manager: list: Listing contexts for virtual host 'localhost'
18-Sep-2025 09:46:48.845 INFO [http-nio-8080-exec-17] org.apache.catalina.core.ApplicationContext.log Manager: list: Listing contexts for virtual host 'localhost'
18-Sep-2025 09:47:25.808 INFO [http-nio-8080-exec-21] org.apache.catalina.core.ApplicationContext.log Manager: list: Listing contexts for virtual host 'localhost'
18-Sep-2025 09:47:36.806 INFO [http-nio-8080-exec-17] org.apache.catalina.core.ApplicationContext.log Manager: list: Listing contexts for virtual host 'localhost'
18-Sep-2025 09:47:36.811 INFO [http-nio-8080-exec-23] org.apache.catalina.core.ApplicationContext.log Manager: undeploy: Undeploying web application at '/Citas'
18-Sep-2025 09:47:40.482 INFO [http-nio-8080-exec-18] org.apache.catalina.core.ApplicationContext.log Manager: list: Listing contexts for virtual host 'localhost'
18-Sep-2025 09:47:40.484 INFO [http-nio-8080-exec-15] org.apache.catalina.core.ApplicationContext.log Manager: list: Listing contexts for virtual host 'localhost'
18-Sep-2025 09:47:40.508 INFO [http-nio-8080-exec-22] org.apache.catalina.core.ApplicationContext.log Manager: install: Installing context configuration at 'file:/C:/Users/josep/AppData/Local/Temp/context17230045636519877845.xml'
18-Sep-2025 09:47:42.821 INFO [http-nio-8080-exec-17] org.apache.catalina.core.ApplicationContext.log Manager: start: Starting web application '/Citas'
18-Sep-2025 09:58:37.021 INFO [http-nio-8080-exec-25] org.apache.catalina.core.ApplicationContext.log Manager: list: Listing contexts for virtual host 'localhost'
18-Sep-2025 09:58:57.538 INFO [http-nio-8080-exec-28] org.apache.catalina.core.ApplicationContext.log Manager: list: Listing contexts for virtual host 'localhost'
18-Sep-2025 09:58:59.041 INFO [http-nio-8080-exec-33] org.apache.catalina.core.ApplicationContext.log Manager: list: Listing contexts for virtual host 'localhost'
18-Sep-2025 09:59:02.870 INFO [http-nio-8080-exec-30] org.apache.catalina.core.ApplicationContext.log Manager: list: Listing contexts for virtual host 'localhost'
18-Sep-2025 09:59:24.809 INFO [http-nio-8080-exec-26] org.apache.catalina.core.ApplicationContext.log Manager: list: Listing contexts for virtual host 'localhost'
18-Sep-2025 09:59:25.132 INFO [http-nio-8080-exec-27] org.apache.catalina.core.ApplicationContext.log Manager: list: Listing contexts for virtual host 'localhost'
18-Sep-2025 09:59:33.921 INFO [http-nio-8080-exec-25] org.apache.catalina.core.ApplicationContext.log Manager: list: Listing contexts for virtual host 'localhost'
18-Sep-2025 10:08:18.553 INFO [http-nio-8080-exec-31] org.apache.catalina.core.ApplicationContext.log Manager: list: Listing contexts for virtual host 'localhost'
18-Sep-2025 10:08:22.137 INFO [http-nio-8080-exec-27] org.apache.catalina.core.ApplicationContext.log Manager: list: Listing contexts for virtual host 'localhost'
18-Sep-2025 10:08:37.581 INFO [http-nio-8080-exec-24] org.apache.catalina.core.ApplicationContext.log Manager: list: Listing contexts for virtual host 'localhost'
18-Sep-2025 10:08:42.603 INFO [http-nio-8080-exec-31] org.apache.catalina.core.ApplicationContext.log Manager: list: Listing contexts for virtual host 'localhost'
18-Sep-2025 10:08:44.067 INFO [http-nio-8080-exec-24] org.apache.catalina.core.ApplicationContext.log Manager: list: Listing contexts for virtual host 'localhost'
18-Sep-2025 10:08:51.263 INFO [http-nio-8080-exec-31] org.apache.catalina.core.ApplicationContext.log Manager: list: Listing contexts for virtual host 'localhost'
18-Sep-2025 10:08:54.384 INFO [http-nio-8080-exec-30] org.apache.catalina.core.ApplicationContext.log Manager: list: Listing contexts for virtual host 'localhost'
18-Sep-2025 10:08:59.144 INFO [http-nio-8080-exec-26] org.apache.catalina.core.ApplicationContext.log Manager: list: Listing contexts for virtual host 'localhost'
18-Sep-2025 10:09:06.526 INFO [http-nio-8080-exec-31] org.apache.catalina.core.ApplicationContext.log Manager: list: Listing contexts for virtual host 'localhost'
18-Sep-2025 10:09:15.983 INFO [http-nio-8080-exec-30] org.apache.catalina.core.ApplicationContext.log Manager: list: Listing contexts for virtual host 'localhost'
18-Sep-2025 10:09:26.809 INFO [http-nio-8080-exec-28] org.apache.catalina.core.ApplicationContext.log Manager: list: Listing contexts for virtual host 'localhost'
18-Sep-2025 10:09:31.463 INFO [http-nio-8080-exec-31] org.apache.catalina.core.ApplicationContext.log Manager: list: Listing contexts for virtual host 'localhost'
18-Sep-2025 10:09:32.850 INFO [http-nio-8080-exec-28] org.apache.catalina.core.ApplicationContext.log Manager: list: Listing contexts for virtual host 'localhost'
18-Sep-2025 10:09:37.900 INFO [http-nio-8080-exec-26] org.apache.catalina.core.ApplicationContext.log Manager: list: Listing contexts for virtual host 'localhost'
18-Sep-2025 10:09:51.004 INFO [http-nio-8080-exec-33] org.apache.catalina.core.ApplicationContext.log Manager: list: Listing contexts for virtual host 'localhost'
18-Sep-2025 10:09:54.725 INFO [http-nio-8080-exec-28] org.apache.catalina.core.ApplicationContext.log Manager: list: Listing contexts for virtual host 'localhost'
18-Sep-2025 10:09:58.286 INFO [http-nio-8080-exec-26] org.apache.catalina.core.ApplicationContext.log Manager: list: Listing contexts for virtual host 'localhost'
18-Sep-2025 10:10:01.948 INFO [http-nio-8080-exec-33] org.apache.catalina.core.ApplicationContext.log Manager: list: Listing contexts for virtual host 'localhost'
18-Sep-2025 10:10:06.592 INFO [http-nio-8080-exec-28] org.apache.catalina.core.ApplicationContext.log Manager: list: Listing contexts for virtual host 'localhost'
18-Sep-2025 10:10:20.209 INFO [http-nio-8080-exec-26] org.apache.catalina.core.ApplicationContext.log Manager: list: Listing contexts for virtual host 'localhost'
18-Sep-2025 10:13:29.653 INFO [http-nio-8080-exec-32] org.apache.catalina.core.ApplicationContext.log Manager: list: Listing contexts for virtual host 'localhost'
18-Sep-2025 10:13:41.601 INFO [http-nio-8080-exec-28] org.apache.catalina.core.ApplicationContext.log Manager: list: Listing contexts for virtual host 'localhost'
18-Sep-2025 10:13:41.617 INFO [http-nio-8080-exec-29] org.apache.catalina.core.ApplicationContext.log Manager: undeploy: Undeploying web application at '/Citas'
18-Sep-2025 10:13:46.857 INFO [http-nio-8080-exec-25] org.apache.catalina.core.ApplicationContext.log Manager: list: Listing contexts for virtual host 'localhost'
18-Sep-2025 10:13:46.860 INFO [http-nio-8080-exec-28] org.apache.catalina.core.ApplicationContext.log Manager: list: Listing contexts for virtual host 'localhost'
18-Sep-2025 10:13:46.876 INFO [http-nio-8080-exec-32] org.apache.catalina.core.ApplicationContext.log Manager: install: Installing context configuration at 'file:/C:/Users/josep/AppData/Local/Temp/context13535700427070139389.xml'
18-Sep-2025 10:13:49.177 INFO [http-nio-8080-exec-26] org.apache.catalina.core.ApplicationContext.log Manager: start: Starting web application '/Citas'
18-Sep-2025 10:14:31.297 INFO [http-nio-8080-exec-28] org.apache.catalina.core.ApplicationContext.log Manager: list: Listing contexts for virtual host 'localhost'
18-Sep-2025 10:14:33.998 INFO [http-nio-8080-exec-37] org.apache.catalina.core.ApplicationContext.log Manager: list: Listing contexts for virtual host 'localhost'
18-Sep-2025 10:14:37.115 INFO [http-nio-8080-exec-35] org.apache.catalina.core.ApplicationContext.log Manager: list: Listing contexts for virtual host 'localhost'
18-Sep-2025 10:14:42.316 INFO [http-nio-8080-exec-34] org.apache.catalina.core.ApplicationContext.log Manager: list: Listing contexts for virtual host 'localhost'
18-Sep-2025 10:14:42.319 INFO [http-nio-8080-exec-37] org.apache.catalina.core.ApplicationContext.log Manager: undeploy: Undeploying web application at '/Citas'
18-Sep-2025 10:14:50.945 INFO [http-nio-8080-exec-39] org.apache.catalina.core.ApplicationContext.log Manager: list: Listing contexts for virtual host 'localhost'
18-Sep-2025 10:14:50.946 INFO [http-nio-8080-exec-40] org.apache.catalina.core.ApplicationContext.log Manager: list: Listing contexts for virtual host 'localhost'
18-Sep-2025 10:14:50.951 INFO [http-nio-8080-exec-36] org.apache.catalina.core.ApplicationContext.log Manager: install: Installing context configuration at 'file:/C:/Users/josep/AppData/Local/Temp/context15651326780264180447.xml'
18-Sep-2025 10:14:53.004 INFO [http-nio-8080-exec-44] org.apache.catalina.core.ApplicationContext.log Manager: start: Starting web application '/Citas'
18-Sep-2025 10:15:52.428 INFO [http-nio-8080-exec-47] org.apache.catalina.core.ApplicationContext.log Manager: list: Listing contexts for virtual host 'localhost'
18-Sep-2025 10:15:55.829 INFO [http-nio-8080-exec-44] org.apache.catalina.core.ApplicationContext.log Manager: list: Listing contexts for virtual host 'localhost'
18-Sep-2025 10:15:55.833 INFO [http-nio-8080-exec-45] org.apache.catalina.core.ApplicationContext.log Manager: undeploy: Undeploying web application at '/Citas'
18-Sep-2025 10:15:58.513 INFO [http-nio-8080-exec-49] org.apache.catalina.core.ApplicationContext.log Manager: list: Listing contexts for virtual host 'localhost'
18-Sep-2025 10:15:58.514 INFO [http-nio-8080-exec-44] org.apache.catalina.core.ApplicationContext.log Manager: list: Listing contexts for virtual host 'localhost'
18-Sep-2025 10:15:58.519 INFO [http-nio-8080-exec-51] org.apache.catalina.core.ApplicationContext.log Manager: install: Installing context configuration at 'file:/C:/Users/josep/AppData/Local/Temp/context323609167288682018.xml'
18-Sep-2025 10:16:00.650 INFO [http-nio-8080-exec-47] org.apache.catalina.core.ApplicationContext.log Manager: start: Starting web application '/Citas'
18-Sep-2025 10:16:44.753 INFO [http-nio-8080-exec-46] org.apache.catalina.core.ApplicationContext.log Manager: list: Listing contexts for virtual host 'localhost'
18-Sep-2025 10:16:44.757 INFO [http-nio-8080-exec-49] org.apache.catalina.core.ApplicationContext.log Manager: restart: Reloading web application '/Citas'
18-Sep-2025 10:16:48.240 INFO [http-nio-8080-exec-44] org.apache.catalina.core.ApplicationContext.log Manager: list: Listing contexts for virtual host 'localhost'
18-Sep-2025 10:16:48.245 INFO [http-nio-8080-exec-57] org.apache.catalina.core.ApplicationContext.log Manager: restart: Reloading web application '/Citas'
18-Sep-2025 10:17:04.930 INFO [http-nio-8080-exec-44] org.apache.catalina.core.ApplicationContext.log Manager: list: Listing contexts for virtual host 'localhost'
18-Sep-2025 10:17:04.935 INFO [http-nio-8080-exec-59] org.apache.catalina.core.ApplicationContext.log Manager: restart: Reloading web application '/Citas'
18-Sep-2025 10:17:07.354 INFO [http-nio-8080-exec-47] org.apache.catalina.core.ApplicationContext.log Manager: list: Listing contexts for virtual host 'localhost'
18-Sep-2025 10:18:04.565 INFO [http-nio-8080-exec-54] org.apache.catalina.core.ApplicationContext.log Manager: list: Listing contexts for virtual host 'localhost'
18-Sep-2025 10:18:04.579 INFO [http-nio-8080-exec-44] org.apache.catalina.core.ApplicationContext.log Manager: restart: Reloading web application '/Citas'
18-Sep-2025 10:22:07.146 INFO [http-nio-8080-exec-69] org.apache.catalina.core.ApplicationContext.log Manager: list: Listing contexts for virtual host 'localhost'
18-Sep-2025 10:22:07.149 INFO [http-nio-8080-exec-68] org.apache.catalina.core.ApplicationContext.log Manager: restart: Reloading web application '/Citas'
18-Sep-2025 10:22:42.457 INFO [http-nio-8080-exec-76] org.apache.catalina.core.ApplicationContext.log Manager: list: Listing contexts for virtual host 'localhost'
18-Sep-2025 10:22:42.465 INFO [http-nio-8080-exec-65] org.apache.catalina.core.ApplicationContext.log Manager: restart: Reloading web application '/Citas'
18-Sep-2025 10:22:48.246 INFO [http-nio-8080-exec-66] org.apache.catalina.core.ApplicationContext.log Manager: list: Listing contexts for virtual host 'localhost'
18-Sep-2025 10:22:48.251 INFO [http-nio-8080-exec-76] org.apache.catalina.core.ApplicationContext.log Manager: restart: Reloading web application '/Citas'
18-Sep-2025 10:23:32.399 INFO [http-nio-8080-exec-67] org.apache.catalina.core.ApplicationContext.log Manager: list: Listing contexts for virtual host 'localhost'
18-Sep-2025 10:23:32.407 INFO [http-nio-8080-exec-66] org.apache.catalina.core.ApplicationContext.log Manager: restart: Reloading web application '/Citas'
18-Sep-2025 10:23:35.737 INFO [http-nio-8080-exec-80] org.apache.catalina.core.ApplicationContext.log Manager: list: Listing contexts for virtual host 'localhost'
18-Sep-2025 10:23:35.743 INFO [http-nio-8080-exec-67] org.apache.catalina.core.ApplicationContext.log Manager: restart: Reloading web application '/Citas'
18-Sep-2025 10:24:11.612 INFO [http-nio-8080-exec-71] org.apache.catalina.core.ApplicationContext.log Manager: list: Listing contexts for virtual host 'localhost'
18-Sep-2025 10:24:11.617 INFO [http-nio-8080-exec-81] org.apache.catalina.core.ApplicationContext.log Manager: restart: Reloading web application '/Citas'
18-Sep-2025 10:24:14.976 INFO [http-nio-8080-exec-74] org.apache.catalina.core.ApplicationContext.log Manager: list: Listing contexts for virtual host 'localhost'
18-Sep-2025 10:24:14.981 INFO [http-nio-8080-exec-77] org.apache.catalina.core.ApplicationContext.log Manager: restart: Reloading web application '/Citas'
18-Sep-2025 10:24:33.801 INFO [http-nio-8080-exec-87] org.apache.catalina.core.ApplicationContext.log Manager: list: Listing contexts for virtual host 'localhost'
18-Sep-2025 10:24:33.806 INFO [http-nio-8080-exec-79] org.apache.catalina.core.ApplicationContext.log Manager: restart: Reloading web application '/Citas'
18-Sep-2025 10:24:36.535 INFO [http-nio-8080-exec-80] org.apache.catalina.core.ApplicationContext.log Manager: list: Listing contexts for virtual host 'localhost'
18-Sep-2025 10:24:36.538 INFO [http-nio-8080-exec-83] org.apache.catalina.core.ApplicationContext.log Manager: restart: Reloading web application '/Citas'
18-Sep-2025 10:24:42.667 INFO [http-nio-8080-exec-88] org.apache.catalina.core.ApplicationContext.log Manager: list: Listing contexts for virtual host 'localhost'
18-Sep-2025 10:24:42.675 INFO [http-nio-8080-exec-82] org.apache.catalina.core.ApplicationContext.log Manager: restart: Reloading web application '/Citas'
18-Sep-2025 10:25:10.046 INFO [http-nio-8080-exec-80] org.apache.catalina.core.ApplicationContext.log Manager: list: Listing contexts for virtual host 'localhost'
18-Sep-2025 10:25:10.051 INFO [http-nio-8080-exec-71] org.apache.catalina.core.ApplicationContext.log Manager: restart: Reloading web application '/Citas'
18-Sep-2025 10:25:47.430 INFO [http-nio-8080-exec-89] org.apache.catalina.core.ApplicationContext.log Manager: list: Listing contexts for virtual host 'localhost'
18-Sep-2025 10:25:47.435 INFO [http-nio-8080-exec-72] org.apache.catalina.core.ApplicationContext.log Manager: restart: Reloading web application '/Citas'
18-Sep-2025 10:25:52.693 INFO [http-nio-8080-exec-96] org.apache.catalina.core.ApplicationContext.log Manager: list: Listing contexts for virtual host 'localhost'
18-Sep-2025 10:25:52.698 INFO [http-nio-8080-exec-90] org.apache.catalina.core.ApplicationContext.log Manager: restart: Reloading web application '/Citas'
18-Sep-2025 10:26:05.505 INFO [http-nio-8080-exec-98] org.apache.catalina.core.ApplicationContext.log Manager: list: Listing contexts for virtual host 'localhost'
18-Sep-2025 10:26:05.509 INFO [http-nio-8080-exec-93] org.apache.catalina.core.ApplicationContext.log Manager: restart: Reloading web application '/Citas'
18-Sep-2025 10:26:33.334 INFO [http-nio-8080-exec-85] org.apache.catalina.core.ApplicationContext.log Manager: list: Listing contexts for virtual host 'localhost'
18-Sep-2025 10:26:52.626 INFO [http-nio-8080-exec-97] org.apache.catalina.core.ApplicationContext.log Manager: list: Listing contexts for virtual host 'localhost'
18-Sep-2025 10:27:00.860 INFO [http-nio-8080-exec-99] org.apache.catalina.core.ApplicationContext.log Manager: list: Listing contexts for virtual host 'localhost'
18-Sep-2025 10:27:04.383 INFO [http-nio-8080-exec-103] org.apache.catalina.core.ApplicationContext.log Manager: list: Listing contexts for virtual host 'localhost'
18-Sep-2025 10:27:11.381 INFO [http-nio-8080-exec-100] org.apache.catalina.core.ApplicationContext.log Manager: list: Listing contexts for virtual host 'localhost'
18-Sep-2025 10:27:16.796 INFO [http-nio-8080-exec-101] org.apache.catalina.core.ApplicationContext.log Manager: list: Listing contexts for virtual host 'localhost'
18-Sep-2025 10:27:19.507 INFO [http-nio-8080-exec-89] org.apache.catalina.core.ApplicationContext.log Manager: list: Listing contexts for virtual host 'localhost'
18-Sep-2025 10:27:24.119 INFO [http-nio-8080-exec-104] org.apache.catalina.core.ApplicationContext.log Manager: list: Listing contexts for virtual host 'localhost'
18-Sep-2025 10:27:27.262 INFO [http-nio-8080-exec-105] org.apache.catalina.core.ApplicationContext.log Manager: list: Listing contexts for virtual host 'localhost'
18-Sep-2025 10:27:35.175 INFO [http-nio-8080-exec-99] org.apache.catalina.core.ApplicationContext.log Manager: list: Listing contexts for virtual host 'localhost'
18-Sep-2025 10:27:38.215 INFO [http-nio-8080-exec-107] org.apache.catalina.core.ApplicationContext.log Manager: list: Listing contexts for virtual host 'localhost'
18-Sep-2025 10:27:45.253 INFO [http-nio-8080-exec-102] org.apache.catalina.core.ApplicationContext.log Manager: list: Listing contexts for virtual host 'localhost'
18-Sep-2025 10:27:45.258 INFO [http-nio-8080-exec-99] org.apache.catalina.core.ApplicationContext.log Manager: undeploy: Undeploying web application at '/Citas'
18-Sep-2025 10:27:49.513 INFO [http-nio-8080-exec-100] org.apache.catalina.core.ApplicationContext.log Manager: list: Listing contexts for virtual host 'localhost'
18-Sep-2025 10:27:49.515 INFO [http-nio-8080-exec-101] org.apache.catalina.core.ApplicationContext.log Manager: list: Listing contexts for virtual host 'localhost'
18-Sep-2025 10:27:49.521 INFO [http-nio-8080-exec-104] org.apache.catalina.core.ApplicationContext.log Manager: install: Installing context configuration at 'file:/C:/Users/josep/AppData/Local/Temp/context13237088187944139077.xml'
18-Sep-2025 10:27:52.133 INFO [http-nio-8080-exec-106] org.apache.catalina.core.ApplicationContext.log Manager: start: Starting web application '/Citas'
18-Sep-2025 10:28:36.580 INFO [http-nio-8080-exec-109] org.apache.catalina.core.ApplicationContext.log Manager: list: Listing contexts for virtual host 'localhost'
18-Sep-2025 10:28:45.857 INFO [http-nio-8080-exec-115] org.apache.catalina.core.ApplicationContext.log Manager: list: Listing contexts for virtual host 'localhost'
18-Sep-2025 10:28:45.860 INFO [http-nio-8080-exec-114] org.apache.catalina.core.ApplicationContext.log Manager: undeploy: Undeploying web application at '/Citas'
18-Sep-2025 10:28:49.621 INFO [http-nio-8080-exec-110] org.apache.catalina.core.ApplicationContext.log Manager: list: Listing contexts for virtual host 'localhost'
18-Sep-2025 10:28:49.623 INFO [http-nio-8080-exec-117] org.apache.catalina.core.ApplicationContext.log Manager: list: Listing contexts for virtual host 'localhost'
18-Sep-2025 10:28:49.628 INFO [http-nio-8080-exec-111] org.apache.catalina.core.ApplicationContext.log Manager: install: Installing context configuration at 'file:/C:/Users/josep/AppData/Local/Temp/context3997012235197467729.xml'
18-Sep-2025 10:28:52.069 INFO [http-nio-8080-exec-113] org.apache.catalina.core.ApplicationContext.log Manager: start: Starting web application '/Citas'
18-Sep-2025 10:29:29.527 INFO [http-nio-8080-exec-110] org.apache.catalina.core.ApplicationContext.log Manager: list: Listing contexts for virtual host 'localhost'
18-Sep-2025 10:29:40.068 INFO [http-nio-8080-exec-123] org.apache.catalina.core.ApplicationContext.log Manager: list: Listing contexts for virtual host 'localhost'
18-Sep-2025 10:29:44.299 INFO [http-nio-8080-exec-120] org.apache.catalina.core.ApplicationContext.log Manager: list: Listing contexts for virtual host 'localhost'
18-Sep-2025 10:29:45.968 INFO [http-nio-8080-exec-123] org.apache.catalina.core.ApplicationContext.log Manager: list: Listing contexts for virtual host 'localhost'
18-Sep-2025 10:29:48.667 INFO [http-nio-8080-exec-120] org.apache.catalina.core.ApplicationContext.log Manager: list: Listing contexts for virtual host 'localhost'
18-Sep-2025 10:29:52.477 INFO [http-nio-8080-exec-121] org.apache.catalina.core.ApplicationContext.log Manager: list: Listing contexts for virtual host 'localhost'
18-Sep-2025 10:30:03.559 INFO [http-nio-8080-exec-121] org.apache.catalina.core.ApplicationContext.log Manager: list: Listing contexts for virtual host 'localhost'
18-Sep-2025 10:30:11.736 INFO [http-nio-8080-exec-127] org.apache.catalina.core.ApplicationContext.log Manager: list: Listing contexts for virtual host 'localhost'
18-Sep-2025 10:30:18.618 INFO [http-nio-8080-exec-119] org.apache.catalina.core.ApplicationContext.log Manager: list: Listing contexts for virtual host 'localhost'
18-Sep-2025 10:30:18.621 INFO [http-nio-8080-exec-126] org.apache.catalina.core.ApplicationContext.log Manager: undeploy: Undeploying web application at '/Citas'
18-Sep-2025 10:30:22.558 INFO [http-nio-8080-exec-128] org.apache.catalina.core.ApplicationContext.log Manager: list: Listing contexts for virtual host 'localhost'
18-Sep-2025 10:30:22.560 INFO [http-nio-8080-exec-127] org.apache.catalina.core.ApplicationContext.log Manager: list: Listing contexts for virtual host 'localhost'
18-Sep-2025 10:30:22.563 INFO [http-nio-8080-exec-124] org.apache.catalina.core.ApplicationContext.log Manager: install: Installing context configuration at 'file:/C:/Users/josep/AppData/Local/Temp/context5173530580249302299.xml'
18-Sep-2025 10:30:24.954 INFO [http-nio-8080-exec-121] org.apache.catalina.core.ApplicationContext.log Manager: start: Starting web application '/Citas'
18-Sep-2025 10:31:25.118 INFO [http-nio-8080-exec-130] org.apache.catalina.core.ApplicationContext.log Manager: list: Listing contexts for virtual host 'localhost'
18-Sep-2025 10:31:25.124 INFO [http-nio-8080-exec-132] org.apache.catalina.core.ApplicationContext.log Manager: restart: Reloading web application '/Citas'
18-Sep-2025 10:31:54.507 INFO [http-nio-8080-exec-127] org.apache.catalina.core.ApplicationContext.log Manager: list: Listing contexts for virtual host 'localhost'
18-Sep-2025 10:31:54.512 INFO [http-nio-8080-exec-129] org.apache.catalina.core.ApplicationContext.log Manager: restart: Reloading web application '/Citas'
18-Sep-2025 10:31:56.977 INFO [http-nio-8080-exec-133] org.apache.catalina.core.ApplicationContext.log Manager: list: Listing contexts for virtual host 'localhost'
18-Sep-2025 10:31:56.984 INFO [http-nio-8080-exec-127] org.apache.catalina.core.ApplicationContext.log Manager: restart: Reloading web application '/Citas'
18-Sep-2025 10:31:58.564 INFO [http-nio-8080-exec-130] org.apache.catalina.core.ApplicationContext.log Manager: list: Listing contexts for virtual host 'localhost'
18-Sep-2025 10:31:59.506 INFO [http-nio-8080-exec-137] org.apache.catalina.core.ApplicationContext.log Manager: undeploy: Undeploying web application at '/Citas'
18-Sep-2025 10:32:03.999 INFO [http-nio-8080-exec-127] org.apache.catalina.core.ApplicationContext.log Manager: list: Listing contexts for virtual host 'localhost'
18-Sep-2025 10:32:04.001 INFO [http-nio-8080-exec-140] org.apache.catalina.core.ApplicationContext.log Manager: list: Listing contexts for virtual host 'localhost'
18-Sep-2025 10:32:04.006 INFO [http-nio-8080-exec-138] org.apache.catalina.core.ApplicationContext.log Manager: install: Installing context configuration at 'file:/C:/Users/josep/AppData/Local/Temp/context818610867538347869.xml'
18-Sep-2025 10:32:06.468 INFO [http-nio-8080-exec-143] org.apache.catalina.core.ApplicationContext.log Manager: start: Starting web application '/Citas'
